RUN	simulations.LoadSimulationBasic	loadsimulationbasic	1625989409968	DA	3.6.0
USER	Basic load Simulation	START	1625989420720
USER	Basic load Simulation	START	1625989420720
USER	Basic load Simulation	START	1625989420720
USER	Basic load Simulation	START	1625989420720
USER	Basic load Simulation	START	1625989420720
USER	Basic load Simulation	START	1625989420720
REQUEST		Get single user	1625989420809	1625989421226	OK	 
REQUEST		Get single user	1625989420809	1625989421259	OK	 
REQUEST		Get single user	1625989420809	1625989421215	KO	status.find.in(200,304), but actually found 404
REQUEST		Get single user	1625989420809	1625989421209	KO	status.find.in(200,304), but actually found 404
REQUEST		Get single user	1625989420809	1625989421245	KO	status.find.in(200,304), but actually found 404
REQUEST		Get single user	1625989420809	1625989421209	KO	status.find.in(200,304), but actually found 404
USER	Basic load Simulation	START	1625989421715
REQUEST		Get single user	1625989421717	1625989422027	KO	status.find.in(200,304), but actually found 404
USER	Basic load Simulation	START	1625989422718
REQUEST		Get single user	1625989422719	1625989423077	OK	 
REQUEST		Get single user	1625989423312	1625989423399	KO	status.find.in(200,304), but actually found 404
REQUEST		Get single user	1625989423312	1625989423411	KO	status.find.in(200,304), but actually found 404
REQUEST		Get single user	1625989423327	1625989423417	OK	 
REQUEST		Get single user	1625989423327	1625989423417	OK	 
REQUEST		Get single user	1625989423327	1625989423443	OK	 
REQUEST		Get single user	1625989423327	1625989423443	KO	status.find.in(200,304), but actually found 404
USER	Basic load Simulation	START	1625989423715
REQUEST		Get single user	1625989423717	1625989424097	OK	 
REQUEST		Get single user	1625989424044	1625989424125	OK	 
USER	Basic load Simulation	START	1625989424718
REQUEST		Get single user	1625989424719	1625989425056	OK	 
REQUEST		Get single user	1625989425086	1625989425169	OK	 
REQUEST		Get single user	1625989425415	1625989425527	OK	 
REQUEST		Get single user	1625989425431	1625989425533	OK	 
REQUEST		Get single user	1625989425431	1625989425540	OK	 
REQUEST		Get single user	1625989425415	1625989425545	OK	 
REQUEST		Get single user	1625989425447	1625989425545	KO	status.find.in(200,304), but actually found 404
REQUEST		Get single user	1625989425447	1625989425551	OK	 
USER	Basic load Simulation	START	1625989425713
REQUEST		Get single user	1625989425715	1625989426093	OK	 
REQUEST		Get single user	1625989426101	1625989426183	OK	 
REQUEST		Get single user	1625989426132	1625989426214	OK	 
USER	Basic load Simulation	START	1625989426726
REQUEST		Get single user	1625989426727	1625989427146	KO	status.find.in(200,304), but actually found 404
REQUEST		Get single user	1625989427070	1625989427163	OK	 
REQUEST		Get single user	1625989427180	1625989427254	KO	status.find.in(200,304), but actually found 404
REQUEST		Get single user	1625989427540	1625989427617	KO	status.find.in(200,304), but actually found 404
REQUEST		Get single user	1625989427557	1625989427630	KO	status.find.in(200,304), but actually found 404
REQUEST		Get single user	1625989427557	1625989427635	KO	status.find.in(200,304), but actually found 404
REQUEST		Get single user	1625989427556	1625989427665	OK	 
REQUEST		Get single user	1625989427540	1625989427665	OK	 
REQUEST		Get single user	1625989427556	1625989427665	OK	 
USER	Basic load Simulation	START	1625989427711
REQUEST		Get single user	1625989427712	1625989428075	OK	 
REQUEST		Get single user	1625989428101	1625989428196	OK	 
REQUEST		Get single user	1625989428194	1625989428291	OK	 
REQUEST		Get single user	1625989428227	1625989428305	OK	 
USER	Basic load Simulation	START	1625989428731
REQUEST		Get single user	1625989428732	1625989429063	KO	status.find.in(200,304), but actually found 404
REQUEST		Get single user	1625989429155	1625989429230	KO	status.find.in(200,304), but actually found 404
REQUEST		Get single user	1625989429171	1625989429257	OK	 
REQUEST		Get single user	1625989429266	1625989429349	KO	status.find.in(200,304), but actually found 404
USER	Basic load Simulation	START	1625989429712
REQUEST		Get single user	1625989429635	1625989429724	KO	status.find.in(200,304), but actually found 404
REQUEST		Get single user	1625989429635	1625989429730	OK	 
REQUEST		Get single user	1625989429651	1625989429736	OK	 
REQUEST		Get single user	1625989429682	1625989429769	KO	status.find.in(200,304), but actually found 404
REQUEST		Get single user	1625989429682	1625989429774	OK	 
REQUEST		Get single user	1625989429682	1625989429777	KO	status.find.in(200,304), but actually found 404
REQUEST		Get single user	1625989429713	1625989430068	KO	status.find.in(200,304), but actually found 404
REQUEST		Get single user	1625989430085	1625989430170	KO	status.find.in(200,304), but actually found 404
REQUEST		Get single user	1625989430211	1625989430301	OK	 
REQUEST		Get single user	1625989430302	1625989430368	KO	status.find.in(200,304), but actually found 404
REQUEST		Get single user	1625989430317	1625989430424	OK	 
REQUEST		Get single user	1625989431070	1625989431168	OK	 
REQUEST		Get single user	1625989431240	1625989431340	OK	 
REQUEST		Get single user	1625989431271	1625989431369	OK	 
REQUEST		Get single user	1625989431367	1625989431442	KO	status.find.in(200,304), but actually found 404
REQUEST		Get single user	1625989431742	1625989431838	KO	status.find.in(200,304), but actually found 404
REQUEST		Get single user	1625989431742	1625989431844	KO	status.find.in(200,304), but actually found 404
REQUEST		Get single user	1625989431742	1625989431851	OK	 
REQUEST		Get single user	1625989431773	1625989431860	OK	 
REQUEST		Get single user	1625989431788	1625989431877	OK	 
REQUEST		Get single user	1625989431788	1625989431877	KO	status.find.in(200,304), but actually found 404
REQUEST		Get single user	1625989432084	1625989432484	KO	status.find.in(200,304), but actually found 404
REQUEST		Get single user	1625989432429	1625989432505	KO	status.find.in(200,304), but actually found 404
REQUEST		Get single user	1625989432305	1625989432518	OK	 
REQUEST		Get single user	1625989432180	1625989432523	OK	 
REQUEST		Get single user	1625989432384	1625989432523	OK	 
REQUEST		Get single user	1625989433187	1625989433281	KO	status.find.in(200,304), but actually found 404
REQUEST		Get single user	1625989433358	1625989433425	OK	 
REQUEST		Get single user	1625989433374	1625989433464	OK	 
REQUEST		Get single user	1625989433452	1625989433531	OK	 
REQUEST		Get single user	1625989433843	1625989433919	OK	 
REQUEST		Get single user	1625989433859	1625989433931	KO	status.find.in(200,304), but actually found 404
REQUEST		Get single user	1625989433859	1625989433939	KO	status.find.in(200,304), but actually found 404
REQUEST		Get single user	1625989433875	1625989433952	KO	status.find.in(200,304), but actually found 404
REQUEST		Get single user	1625989433891	1625989433975	OK	 
REQUEST		Get single user	1625989433891	1625989433981	OK	 
REQUEST		Get single user	1625989434492	1625989434586	OK	 
REQUEST		Get single user	1625989434507	1625989434592	KO	status.find.in(200,304), but actually found 404
REQUEST		Get single user	1625989434523	1625989434601	OK	 
REQUEST		Get single user	1625989434538	1625989434620	OK	 
REQUEST		Get single user	1625989434538	1625989434627	OK	 
REQUEST		Get single user	1625989435297	1625989435371	KO	status.find.in(200,304), but actually found 404
REQUEST		Get single user	1625989435436	1625989435545	OK	 
REQUEST		Get single user	1625989435469	1625989435557	OK	 
REQUEST		Get single user	1625989435546	1625989435639	OK	 
USER	Basic load Simulation	END	1625989435939
USER	Basic load Simulation	END	1625989435949
USER	Basic load Simulation	END	1625989435949
USER	Basic load Simulation	END	1625989435964
USER	Basic load Simulation	END	1625989435980
USER	Basic load Simulation	END	1625989435995
USER	Basic load Simulation	END	1625989436603
REQUEST		Get single user	1625989436602	1625989436694	KO	status.find.in(200,304), but actually found 404
REQUEST		Get single user	1625989436618	1625989436706	OK	 
REQUEST		Get single user	1625989436634	1625989436716	OK	 
REQUEST		Get single user	1625989436634	1625989436723	OK	 
REQUEST		Get single user	1625989437387	1625989437468	OK	 
REQUEST		Get single user	1625989437558	1625989437627	KO	status.find.in(200,304), but actually found 404
USER	Basic load Simulation	END	1625989437652
REQUEST		Get single user	1625989437574	1625989437660	OK	 
USER	Basic load Simulation	END	1625989438733
REQUEST		Get single user	1625989438702	1625989438790	KO	status.find.in(200,304), but actually found 404
REQUEST		Get single user	1625989438717	1625989438803	OK	 
REQUEST		Get single user	1625989438732	1625989438803	KO	status.find.in(200,304), but actually found 404
REQUEST		Get single user	1625989439473	1625989439575	OK	 
USER	Basic load Simulation	END	1625989439674
REQUEST		Get single user	1625989439629	1625989439710	OK	 
USER	Basic load Simulation	END	1625989440813
REQUEST		Get single user	1625989440813	1625989440885	KO	status.find.in(200,304), but actually found 404
REQUEST		Get single user	1625989440796	1625989440891	OK	 
REQUEST		Get single user	1625989441582	1625989441663	KO	status.find.in(200,304), but actually found 404
USER	Basic load Simulation	END	1625989441723
USER	Basic load Simulation	END	1625989442898
REQUEST		Get single user	1625989442897	1625989443007	OK	 
USER	Basic load Simulation	END	1625989443676
USER	Basic load Simulation	END	1625989445017
