RUN	simulations.RampUsersLoadSimulation	rampusersloadsimulation	1625991431031	DA	3.6.0
USER	Ramp Users load Simulation	START	1625991441113
USER	Ramp Users load Simulation	START	1625991441202
USER	Ramp Users load Simulation	START	1625991441313
USER	Ramp Users load Simulation	START	1625991441407
USER	Ramp Users load Simulation	START	1625991441515
USER	Ramp Users load Simulation	START	1625991441608
REQUEST		Get single user	1625991441315	1625991441626	OK	 
REQUEST		Get single user	1625991441203	1625991441647	OK	 
USER	Ramp Users load Simulation	START	1625991441716
USER	Ramp Users load Simulation	END	1625991441719
USER	Ramp Users load Simulation	END	1625991441719
REQUEST		Get single user	1625991441185	1625991441676	KO	jsonPath($.data.name).find.is(Ekaling Khatri), but actually found nothing
USER	Ramp Users load Simulation	END	1625991441731
REQUEST		Get single user	1625991441409	1625991441752	KO	jsonPath($.data.name).find.is(Ekaling Khatri), but actually found nothing
USER	Ramp Users load Simulation	END	1625991441756
USER	Ramp Users load Simulation	START	1625991441806
REQUEST		Get single user	1625991441516	1625991441823	OK	 
USER	Ramp Users load Simulation	END	1625991441826
REQUEST		Get single user	1625991441609	1625991441900	OK	 
USER	Ramp Users load Simulation	END	1625991441901
USER	Ramp Users load Simulation	START	1625991441915
USER	Ramp Users load Simulation	START	1625991442010
REQUEST		Get single user	1625991441717	1625991442013	KO	jsonPath($.data.name).find.is(Ekaling Khatri), but actually found nothing
USER	Ramp Users load Simulation	END	1625991442017
USER	Ramp Users load Simulation	START	1625991442120
REQUEST		Get single user	1625991441807	1625991442158	OK	 
USER	Ramp Users load Simulation	END	1625991442163
USER	Ramp Users load Simulation	START	1625991442213
REQUEST		Get single user	1625991441916	1625991442217	OK	 
USER	Ramp Users load Simulation	END	1625991442218
USER	Ramp Users load Simulation	START	1625991442308
REQUEST		Get single user	1625991442012	1625991442333	KO	jsonPath($.data.name).find.is(Ekaling Khatri), but actually found nothing
USER	Ramp Users load Simulation	END	1625991442335
USER	Ramp Users load Simulation	START	1625991442415
REQUEST		Get single user	1625991442125	1625991442425	OK	 
USER	Ramp Users load Simulation	END	1625991442427
USER	Ramp Users load Simulation	START	1625991442511
USER	Ramp Users load Simulation	START	1625991442618
REQUEST		Get single user	1625991442310	1625991442674	KO	jsonPath($.data.name).find.is(Ekaling Khatri), but actually found nothing
USER	Ramp Users load Simulation	END	1625991442679
USER	Ramp Users load Simulation	START	1625991442712
REQUEST		Get single user	1625991442417	1625991442759	OK	 
USER	Ramp Users load Simulation	END	1625991442761
USER	Ramp Users load Simulation	START	1625991442820
REQUEST		Get single user	1625991442515	1625991442837	OK	 
USER	Ramp Users load Simulation	END	1625991442838
USER	Ramp Users load Simulation	START	1625991442927
REQUEST		Get single user	1625991442619	1625991442933	KO	jsonPath($.data.name).find.is(Ekaling Khatri), but actually found nothing
USER	Ramp Users load Simulation	END	1625991442935
REQUEST		Get single user	1625991442214	1625991443000	OK	 
USER	Ramp Users load Simulation	END	1625991443008
USER	Ramp Users load Simulation	START	1625991443020
REQUEST		Get single user	1625991442713	1625991443023	OK	 
USER	Ramp Users load Simulation	END	1625991443026
USER	Ramp Users load Simulation	START	1625991443114
REQUEST		Get single user	1625991442821	1625991443145	OK	 
USER	Ramp Users load Simulation	END	1625991443147
USER	Ramp Users load Simulation	START	1625991443208
REQUEST		Get single user	1625991442928	1625991443231	KO	jsonPath($.data.name).find.is(Ekaling Khatri), but actually found nothing
USER	Ramp Users load Simulation	END	1625991443234
USER	Ramp Users load Simulation	START	1625991443316
REQUEST		Get single user	1625991443021	1625991443366	OK	 
USER	Ramp Users load Simulation	END	1625991443368
USER	Ramp Users load Simulation	START	1625991443409
REQUEST		Get single user	1625991443115	1625991443451	OK	 
USER	Ramp Users load Simulation	END	1625991443452
USER	Ramp Users load Simulation	START	1625991443517
REQUEST		Get single user	1625991443210	1625991443563	KO	jsonPath($.data.name).find.is(Ekaling Khatri), but actually found nothing
USER	Ramp Users load Simulation	END	1625991443566
USER	Ramp Users load Simulation	START	1625991443609
REQUEST		Get single user	1625991443317	1625991443630	OK	 
USER	Ramp Users load Simulation	END	1625991443632
USER	Ramp Users load Simulation	START	1625991443718
REQUEST		Get single user	1625991443410	1625991443736	OK	 
USER	Ramp Users load Simulation	END	1625991443737
USER	Ramp Users load Simulation	START	1625991443810
REQUEST		Get single user	1625991443518	1625991443817	KO	jsonPath($.data.name).find.is(Ekaling Khatri), but actually found nothing
USER	Ramp Users load Simulation	END	1625991443820
USER	Ramp Users load Simulation	START	1625991443905
REQUEST		Get single user	1625991443610	1625991443935	OK	 
USER	Ramp Users load Simulation	END	1625991443937
USER	Ramp Users load Simulation	START	1625991444014
REQUEST		Get single user	1625991443718	1625991444025	OK	 
USER	Ramp Users load Simulation	END	1625991444027
USER	Ramp Users load Simulation	START	1625991444108
REQUEST		Get single user	1625991443812	1625991444170	KO	jsonPath($.data.name).find.is(Ekaling Khatri), but actually found nothing
USER	Ramp Users load Simulation	END	1625991444173
USER	Ramp Users load Simulation	START	1625991444204
REQUEST		Get single user	1625991443906	1625991444214	OK	 
USER	Ramp Users load Simulation	END	1625991444216
REQUEST		Get single user	1625991444016	1625991444309	OK	 
USER	Ramp Users load Simulation	END	1625991444311
USER	Ramp Users load Simulation	START	1625991444314
USER	Ramp Users load Simulation	START	1625991444408
REQUEST		Get single user	1625991444109	1625991444472	KO	jsonPath($.data.name).find.is(Ekaling Khatri), but actually found nothing
USER	Ramp Users load Simulation	END	1625991444482
REQUEST		Get single user	1625991444206	1625991444497	OK	 
USER	Ramp Users load Simulation	END	1625991444499
USER	Ramp Users load Simulation	START	1625991444516
USER	Ramp Users load Simulation	START	1625991444609
REQUEST		Get single user	1625991444316	1625991444650	OK	 
USER	Ramp Users load Simulation	END	1625991444652
REQUEST		Get single user	1625991444409	1625991444707	KO	jsonPath($.data.name).find.is(Ekaling Khatri), but actually found nothing
USER	Ramp Users load Simulation	END	1625991444710
USER	Ramp Users load Simulation	START	1625991444717
REQUEST		Get single user	1625991444517	1625991444807	OK	 
USER	Ramp Users load Simulation	END	1625991444808
USER	Ramp Users load Simulation	START	1625991444809
REQUEST		Get single user	1625991444610	1625991444903	OK	 
USER	Ramp Users load Simulation	END	1625991444905
USER	Ramp Users load Simulation	START	1625991444919
USER	Ramp Users load Simulation	START	1625991445012
REQUEST		Get single user	1625991444719	1625991445051	KO	jsonPath($.data.name).find.is(Ekaling Khatri), but actually found nothing
USER	Ramp Users load Simulation	END	1625991445055
REQUEST		Get single user	1625991444810	1625991445086	OK	 
USER	Ramp Users load Simulation	END	1625991445088
USER	Ramp Users load Simulation	START	1625991445108
USER	Ramp Users load Simulation	START	1625991445215
REQUEST		Get single user	1625991444920	1625991445227	OK	 
USER	Ramp Users load Simulation	END	1625991445228
USER	Ramp Users load Simulation	START	1625991445307
REQUEST		Get single user	1625991445013	1625991445331	KO	jsonPath($.data.name).find.is(Ekaling Khatri), but actually found nothing
USER	Ramp Users load Simulation	END	1625991445333
USER	Ramp Users load Simulation	START	1625991445418
REQUEST		Get single user	1625991445111	1625991445426	OK	 
USER	Ramp Users load Simulation	END	1625991445428
REQUEST		Get single user	1625991445216	1625991445491	OK	 
USER	Ramp Users load Simulation	END	1625991445492
USER	Ramp Users load Simulation	START	1625991445511
REQUEST		Get single user	1625991445308	1625991445606	KO	jsonPath($.data.name).find.is(Ekaling Khatri), but actually found nothing
USER	Ramp Users load Simulation	END	1625991445610
USER	Ramp Users load Simulation	START	1625991445618
REQUEST		Get single user	1625991445419	1625991445701	OK	 
USER	Ramp Users load Simulation	END	1625991445702
USER	Ramp Users load Simulation	START	1625991445711
REQUEST		Get single user	1625991445512	1625991445793	OK	 
USER	Ramp Users load Simulation	END	1625991445795
USER	Ramp Users load Simulation	START	1625991445821
USER	Ramp Users load Simulation	START	1625991445914
REQUEST		Get single user	1625991445619	1625991445926	KO	jsonPath($.data.name).find.is(Ekaling Khatri), but actually found nothing
USER	Ramp Users load Simulation	END	1625991445928
REQUEST		Get single user	1625991445712	1625991446013	OK	 
USER	Ramp Users load Simulation	END	1625991446015
USER	Ramp Users load Simulation	START	1625991446022
REQUEST		Get single user	1625991445823	1625991446104	OK	 
USER	Ramp Users load Simulation	END	1625991446105
USER	Ramp Users load Simulation	START	1625991446115
USER	Ramp Users load Simulation	START	1625991446209
REQUEST		Get single user	1625991445915	1625991446234	KO	jsonPath($.data.name).find.is(Ekaling Khatri), but actually found nothing
USER	Ramp Users load Simulation	END	1625991446237
USER	Ramp Users load Simulation	START	1625991446304
REQUEST		Get single user	1625991446024	1625991446333	OK	 
USER	Ramp Users load Simulation	END	1625991446335
REQUEST		Get single user	1625991446117	1625991446365	OK	 
USER	Ramp Users load Simulation	END	1625991446367
USER	Ramp Users load Simulation	START	1625991446413
USER	Ramp Users load Simulation	START	1625991446506
REQUEST		Get single user	1625991446209	1625991446505	KO	jsonPath($.data.name).find.is(Ekaling Khatri), but actually found nothing
USER	Ramp Users load Simulation	END	1625991446510
USER	Ramp Users load Simulation	START	1625991446615
REQUEST		Get single user	1625991446305	1625991446663	OK	 
USER	Ramp Users load Simulation	END	1625991446665
REQUEST		Get single user	1625991446414	1625991446693	OK	 
USER	Ramp Users load Simulation	END	1625991446695
USER	Ramp Users load Simulation	START	1625991446708
USER	Ramp Users load Simulation	START	1625991446815
REQUEST		Get single user	1625991446509	1625991446831	KO	jsonPath($.data.name).find.is(Ekaling Khatri), but actually found nothing
USER	Ramp Users load Simulation	END	1625991446883
REQUEST		Get single user	1625991446616	1625991446905	OK	 
USER	Ramp Users load Simulation	START	1625991446907
USER	Ramp Users load Simulation	END	1625991446907
USER	Ramp Users load Simulation	START	1625991447016
REQUEST		Get single user	1625991446708	1625991447055	OK	 
USER	Ramp Users load Simulation	END	1625991447058
USER	Ramp Users load Simulation	START	1625991447108
REQUEST		Get single user	1625991446816	1625991447111	KO	jsonPath($.data.name).find.is(Ekaling Khatri), but actually found nothing
USER	Ramp Users load Simulation	END	1625991447113
REQUEST		Get single user	1625991446908	1625991447210	OK	 
USER	Ramp Users load Simulation	END	1625991447211
USER	Ramp Users load Simulation	START	1625991447217
USER	Ramp Users load Simulation	START	1625991447310
REQUEST		Get single user	1625991447017	1625991447350	OK	 
USER	Ramp Users load Simulation	END	1625991447351
USER	Ramp Users load Simulation	START	1625991447404
REQUEST		Get single user	1625991447108	1625991447421	KO	jsonPath($.data.name).find.is(Ekaling Khatri), but actually found nothing
USER	Ramp Users load Simulation	END	1625991447423
USER	Ramp Users load Simulation	START	1625991447513
REQUEST		Get single user	1625991447218	1625991447523	OK	 
USER	Ramp Users load Simulation	END	1625991447525
USER	Ramp Users load Simulation	START	1625991447604
REQUEST		Get single user	1625991447311	1625991447605	OK	 
USER	Ramp Users load Simulation	END	1625991447607
REQUEST		Get single user	1625991447405	1625991447705	KO	jsonPath($.data.name).find.is(Ekaling Khatri), but actually found nothing
USER	Ramp Users load Simulation	END	1625991447707
USER	Ramp Users load Simulation	START	1625991447710
REQUEST		Get single user	1625991447514	1625991447763	OK	 
USER	Ramp Users load Simulation	END	1625991447764
USER	Ramp Users load Simulation	START	1625991447819
USER	Ramp Users load Simulation	START	1625991447911
REQUEST		Get single user	1625991447605	1625991447919	OK	 
USER	Ramp Users load Simulation	END	1625991447921
REQUEST		Get single user	1625991447711	1625991448011	KO	jsonPath($.data.name).find.is(Ekaling Khatri), but actually found nothing
USER	Ramp Users load Simulation	END	1625991448012
USER	Ramp Users load Simulation	START	1625991448018
REQUEST		Get single user	1625991447820	1625991448103	OK	 
USER	Ramp Users load Simulation	END	1625991448105
USER	Ramp Users load Simulation	START	1625991448112
USER	Ramp Users load Simulation	START	1625991448204
USER	Ramp Users load Simulation	START	1625991448313
REQUEST		Get single user	1625991448019	1625991448354	KO	jsonPath($.data.name).find.is(Ekaling Khatri), but actually found nothing
USER	Ramp Users load Simulation	END	1625991448356
USER	Ramp Users load Simulation	START	1625991448407
REQUEST		Get single user	1625991448114	1625991448412	OK	 
USER	Ramp Users load Simulation	END	1625991448413
REQUEST		Get single user	1625991448205	1625991448507	OK	 
USER	Ramp Users load Simulation	END	1625991448509
USER	Ramp Users load Simulation	START	1625991448515
REQUEST		Get single user	1625991447912	1625991448525	OK	 
USER	Ramp Users load Simulation	END	1625991448527
REQUEST		Get single user	1625991448314	1625991448596	KO	jsonPath($.data.name).find.is(Ekaling Khatri), but actually found nothing
USER	Ramp Users load Simulation	END	1625991448598
USER	Ramp Users load Simulation	START	1625991448609
REQUEST		Get single user	1625991448408	1625991448702	OK	 
USER	Ramp Users load Simulation	END	1625991448704
USER	Ramp Users load Simulation	START	1625991448718
REQUEST		Get single user	1625991448516	1625991448797	OK	 
USER	Ramp Users load Simulation	END	1625991448798
USER	Ramp Users load Simulation	START	1625991448811
USER	Ramp Users load Simulation	START	1625991448905
REQUEST		Get single user	1625991448610	1625991448924	KO	jsonPath($.data.name).find.is(Ekaling Khatri), but actually found nothing
USER	Ramp Users load Simulation	END	1625991448927
USER	Ramp Users load Simulation	START	1625991449013
REQUEST		Get single user	1625991448719	1625991449055	OK	 
USER	Ramp Users load Simulation	END	1625991449057
USER	Ramp Users load Simulation	START	1625991449108
REQUEST		Get single user	1625991448812	1625991449145	OK	 
USER	Ramp Users load Simulation	END	1625991449147
REQUEST		Get single user	1625991448906	1625991449198	KO	jsonPath($.data.name).find.is(Ekaling Khatri), but actually found nothing
USER	Ramp Users load Simulation	END	1625991449199
USER	Ramp Users load Simulation	START	1625991449217
REQUEST		Get single user	1625991449014	1625991449292	OK	 
USER	Ramp Users load Simulation	END	1625991449293
USER	Ramp Users load Simulation	START	1625991449311
REQUEST		Get single user	1625991449109	1625991449375	OK	 
USER	Ramp Users load Simulation	END	1625991449376
USER	Ramp Users load Simulation	START	1625991449404
REQUEST		Get single user	1625991449218	1625991449503	KO	jsonPath($.data.name).find.is(Ekaling Khatri), but actually found nothing
USER	Ramp Users load Simulation	END	1625991449505
USER	Ramp Users load Simulation	START	1625991449514
USER	Ramp Users load Simulation	START	1625991449607
REQUEST		Get single user	1625991449312	1625991449650	OK	 
USER	Ramp Users load Simulation	END	1625991449652
USER	Ramp Users load Simulation	START	1625991449716
REQUEST		Get single user	1625991449405	1625991449739	OK	 
USER	Ramp Users load Simulation	END	1625991449741
USER	Ramp Users load Simulation	START	1625991449808
REQUEST		Get single user	1625991449515	1625991449841	KO	jsonPath($.data.name).find.is(Ekaling Khatri), but actually found nothing
USER	Ramp Users load Simulation	END	1625991449856
USER	Ramp Users load Simulation	START	1625991449917
REQUEST		Get single user	1625991449608	1625991449923	OK	 
USER	Ramp Users load Simulation	END	1625991449924
USER	Ramp Users load Simulation	START	1625991450009
REQUEST		Get single user	1625991449718	1625991450012	OK	 
USER	Ramp Users load Simulation	END	1625991450014
USER	Ramp Users load Simulation	START	1625991450118
REQUEST		Get single user	1625991449809	1625991450157	KO	jsonPath($.data.name).find.is(Ekaling Khatri), but actually found nothing
USER	Ramp Users load Simulation	END	1625991450159
USER	Ramp Users load Simulation	START	1625991450214
REQUEST		Get single user	1625991449918	1625991450225	OK	 
USER	Ramp Users load Simulation	END	1625991450226
USER	Ramp Users load Simulation	START	1625991450310
REQUEST		Get single user	1625991450010	1625991450338	OK	 
USER	Ramp Users load Simulation	END	1625991450347
REQUEST		Get single user	1625991450119	1625991450411	KO	jsonPath($.data.name).find.is(Ekaling Khatri), but actually found nothing
USER	Ramp Users load Simulation	END	1625991450413
USER	Ramp Users load Simulation	START	1625991450417
USER	Ramp Users load Simulation	START	1625991450509
REQUEST		Get single user	1625991450215	1625991450510	OK	 
USER	Ramp Users load Simulation	END	1625991450511
REQUEST		Get single user	1625991450311	1625991450590	OK	 
USER	Ramp Users load Simulation	END	1625991450591
USER	Ramp Users load Simulation	START	1625991450604
REQUEST		Get single user	1625991450418	1625991450713	KO	jsonPath($.data.name).find.is(Ekaling Khatri), but actually found nothing
USER	Ramp Users load Simulation	END	1625991450715
USER	Ramp Users load Simulation	START	1625991450715
REQUEST		Get single user	1625991450510	1625991450793	OK	 
USER	Ramp Users load Simulation	END	1625991450794
USER	Ramp Users load Simulation	START	1625991450809
REQUEST		Get single user	1625991450605	1625991450877	OK	 
USER	Ramp Users load Simulation	END	1625991450879
USER	Ramp Users load Simulation	START	1625991450917
REQUEST		Get single user	1625991450716	1625991450993	KO	jsonPath($.data.name).find.is(Ekaling Khatri), but actually found nothing
USER	Ramp Users load Simulation	END	1625991450995
USER	Ramp Users load Simulation	START	1625991451010
REQUEST		Get single user	1625991450810	1625991451080	OK	 
USER	Ramp Users load Simulation	END	1625991451081
USER	Ramp Users load Simulation	START	1625991451118
REQUEST		Get single user	1625991450918	1625991451210	OK	 
USER	Ramp Users load Simulation	END	1625991451211
REQUEST		Get single user	1625991451010	1625991451286	KO	jsonPath($.data.name).find.is(Ekaling Khatri), but actually found nothing
USER	Ramp Users load Simulation	END	1625991451288
REQUEST		Get single user	1625991451119	1625991451386	OK	 
USER	Ramp Users load Simulation	END	1625991451387
USER	Ramp Users load Simulation	START	1625991452112
REQUEST		Get single user	1625991452113	1625991452471	OK	 
USER	Ramp Users load Simulation	END	1625991452472
USER	Ramp Users load Simulation	START	1625991453114
REQUEST		Get single user	1625991453115	1625991453725	KO	jsonPath($.data.name).find.is(Ekaling Khatri), but actually found nothing
USER	Ramp Users load Simulation	END	1625991453727
USER	Ramp Users load Simulation	START	1625991454125
REQUEST		Get single user	1625991454126	1625991454398	OK	 
USER	Ramp Users load Simulation	END	1625991454399
USER	Ramp Users load Simulation	START	1625991454614
REQUEST		Get single user	1625991454615	1625991454952	OK	 
USER	Ramp Users load Simulation	END	1625991454953
USER	Ramp Users load Simulation	START	1625991455112
REQUEST		Get single user	1625991455113	1625991455454	KO	jsonPath($.data.name).find.is(Ekaling Khatri), but actually found nothing
USER	Ramp Users load Simulation	END	1625991455456
USER	Ramp Users load Simulation	START	1625991455617
REQUEST		Get single user	1625991455618	1625991455935	OK	 
USER	Ramp Users load Simulation	END	1625991455936
USER	Ramp Users load Simulation	START	1625991456106
REQUEST		Get single user	1625991456107	1625991456450	OK	 
USER	Ramp Users load Simulation	END	1625991456451
USER	Ramp Users load Simulation	START	1625991456609
REQUEST		Get single user	1625991456611	1625991456983	KO	jsonPath($.data.name).find.is(Ekaling Khatri), but actually found nothing
USER	Ramp Users load Simulation	END	1625991456985
USER	Ramp Users load Simulation	START	1625991457107
REQUEST		Get single user	1625991457108	1625991457396	OK	 
USER	Ramp Users load Simulation	END	1625991457397
USER	Ramp Users load Simulation	START	1625991457607
REQUEST		Get single user	1625991457609	1625991457938	OK	 
USER	Ramp Users load Simulation	END	1625991457939
USER	Ramp Users load Simulation	START	1625991458110
REQUEST		Get single user	1625991458112	1625991458434	KO	jsonPath($.data.name).find.is(Ekaling Khatri), but actually found nothing
USER	Ramp Users load Simulation	END	1625991458436
USER	Ramp Users load Simulation	START	1625991458440
REQUEST		Get single user	1625991458440	1625991458726	OK	 
USER	Ramp Users load Simulation	END	1625991458729
USER	Ramp Users load Simulation	START	1625991458771
USER	Ramp Users load Simulation	START	1625991459113
REQUEST		Get single user	1625991458772	1625991459122	OK	 
USER	Ramp Users load Simulation	END	1625991459123
USER	Ramp Users load Simulation	START	1625991459440
REQUEST		Get single user	1625991459114	1625991459445	KO	jsonPath($.data.name).find.is(Ekaling Khatri), but actually found nothing
USER	Ramp Users load Simulation	END	1625991459447
REQUEST		Get single user	1625991459441	1625991459751	OK	 
USER	Ramp Users load Simulation	END	1625991459752
USER	Ramp Users load Simulation	START	1625991459779
REQUEST		Get single user	1625991459780	1625991460070	OK	 
USER	Ramp Users load Simulation	END	1625991460071
USER	Ramp Users load Simulation	START	1625991460109
REQUEST		Get single user	1625991460110	1625991460397	KO	jsonPath($.data.name).find.is(Ekaling Khatri), but actually found nothing
USER	Ramp Users load Simulation	END	1625991460398
USER	Ramp Users load Simulation	START	1625991460439
REQUEST		Get single user	1625991460440	1625991460750	OK	 
USER	Ramp Users load Simulation	END	1625991460751
USER	Ramp Users load Simulation	START	1625991460783
REQUEST		Get single user	1625991460784	1625991461097	OK	 
USER	Ramp Users load Simulation	END	1625991461098
USER	Ramp Users load Simulation	START	1625991461110
USER	Ramp Users load Simulation	START	1625991461437
REQUEST		Get single user	1625991461110	1625991461450	KO	jsonPath($.data.name).find.is(Ekaling Khatri), but actually found nothing
USER	Ramp Users load Simulation	END	1625991461452
REQUEST		Get single user	1625991461438	1625991461740	OK	 
USER	Ramp Users load Simulation	END	1625991461741
USER	Ramp Users load Simulation	START	1625991461779
USER	Ramp Users load Simulation	START	1625991462106
REQUEST		Get single user	1625991461780	1625991462114	OK	 
USER	Ramp Users load Simulation	END	1625991462115
REQUEST		Get single user	1625991462107	1625991462423	KO	jsonPath($.data.name).find.is(Ekaling Khatri), but actually found nothing
USER	Ramp Users load Simulation	END	1625991462424
USER	Ramp Users load Simulation	START	1625991462448
REQUEST		Get single user	1625991462449	1625991462744	OK	 
USER	Ramp Users load Simulation	END	1625991462745
USER	Ramp Users load Simulation	START	1625991462779
REQUEST		Get single user	1625991462780	1625991463077	OK	 
USER	Ramp Users load Simulation	END	1625991463079
USER	Ramp Users load Simulation	START	1625991463110
REQUEST		Get single user	1625991463111	1625991463390	KO	jsonPath($.data.name).find.is(Ekaling Khatri), but actually found nothing
USER	Ramp Users load Simulation	END	1625991463392
USER	Ramp Users load Simulation	START	1625991463441
USER	Ramp Users load Simulation	START	1625991463774
REQUEST		Get single user	1625991463443	1625991463779	OK	 
USER	Ramp Users load Simulation	END	1625991463780
REQUEST		Get single user	1625991463775	1625991464056	OK	 
USER	Ramp Users load Simulation	END	1625991464057
USER	Ramp Users load Simulation	START	1625991464104
USER	Ramp Users load Simulation	START	1625991464356
REQUEST		Get single user	1625991464105	1625991464441	KO	jsonPath($.data.name).find.is(Ekaling Khatri), but actually found nothing
USER	Ramp Users load Simulation	END	1625991464442
USER	Ramp Users load Simulation	START	1625991464611
REQUEST		Get single user	1625991464357	1625991464656	OK	 
USER	Ramp Users load Simulation	END	1625991464657
USER	Ramp Users load Simulation	START	1625991464860
REQUEST		Get single user	1625991464612	1625991464920	OK	 
USER	Ramp Users load Simulation	END	1625991464921
USER	Ramp Users load Simulation	START	1625991465109
REQUEST		Get single user	1625991464861	1625991465237	KO	jsonPath($.data.name).find.is(Ekaling Khatri), but actually found nothing
USER	Ramp Users load Simulation	END	1625991465238
USER	Ramp Users load Simulation	START	1625991465357
REQUEST		Get single user	1625991465110	1625991465423	OK	 
USER	Ramp Users load Simulation	END	1625991465424
USER	Ramp Users load Simulation	START	1625991465607
REQUEST		Get single user	1625991465358	1625991465695	OK	 
USER	Ramp Users load Simulation	END	1625991465696
USER	Ramp Users load Simulation	START	1625991465859
REQUEST		Get single user	1625991465607	1625991465898	KO	jsonPath($.data.name).find.is(Ekaling Khatri), but actually found nothing
USER	Ramp Users load Simulation	END	1625991465900
USER	Ramp Users load Simulation	START	1625991466110
REQUEST		Get single user	1625991465860	1625991466136	OK	 
USER	Ramp Users load Simulation	END	1625991466137
USER	Ramp Users load Simulation	START	1625991466364
REQUEST		Get single user	1625991466111	1625991466426	OK	 
USER	Ramp Users load Simulation	END	1625991466427
USER	Ramp Users load Simulation	START	1625991466613
REQUEST		Get single user	1625991466365	1625991466671	KO	jsonPath($.data.name).find.is(Ekaling Khatri), but actually found nothing
USER	Ramp Users load Simulation	END	1625991466672
USER	Ramp Users load Simulation	START	1625991466866
REQUEST		Get single user	1625991466613	1625991466898	OK	 
USER	Ramp Users load Simulation	END	1625991466899
USER	Ramp Users load Simulation	START	1625991467115
USER	Ramp Users load Simulation	START	1625991467367
REQUEST		Get single user	1625991467116	1625991467417	KO	jsonPath($.data.name).find.is(Ekaling Khatri), but actually found nothing
USER	Ramp Users load Simulation	END	1625991467419
USER	Ramp Users load Simulation	START	1625991467614
REQUEST		Get single user	1625991467368	1625991467674	OK	 
USER	Ramp Users load Simulation	END	1625991467675
USER	Ramp Users load Simulation	START	1625991467866
REQUEST		Get single user	1625991467615	1625991467887	OK	 
USER	Ramp Users load Simulation	END	1625991467888
USER	Ramp Users load Simulation	START	1625991468115
REQUEST		Get single user	1625991466867	1625991468215	OK	 
REQUEST		Get single user	1625991467867	1625991468215	KO	jsonPath($.data.name).find.is(Ekaling Khatri), but actually found nothing
USER	Ramp Users load Simulation	END	1625991468216
USER	Ramp Users load Simulation	END	1625991468217
USER	Ramp Users load Simulation	START	1625991468306
REQUEST		Get single user	1625991468116	1625991468437	OK	 
USER	Ramp Users load Simulation	END	1625991468438
USER	Ramp Users load Simulation	START	1625991468508
REQUEST		Get single user	1625991468307	1625991468624	OK	 
USER	Ramp Users load Simulation	END	1625991468625
USER	Ramp Users load Simulation	START	1625991468714
REQUEST		Get single user	1625991468510	1625991468816	KO	jsonPath($.data.name).find.is(Ekaling Khatri), but actually found nothing
USER	Ramp Users load Simulation	END	1625991468818
USER	Ramp Users load Simulation	START	1625991468918
REQUEST		Get single user	1625991468715	1625991468987	OK	 
USER	Ramp Users load Simulation	END	1625991468988
USER	Ramp Users load Simulation	START	1625991469106
REQUEST		Get single user	1625991468919	1625991469208	OK	 
USER	Ramp Users load Simulation	END	1625991469209
USER	Ramp Users load Simulation	START	1625991469308
USER	Ramp Users load Simulation	START	1625991469510
REQUEST		Get single user	1625991469309	1625991469600	OK	 
USER	Ramp Users load Simulation	END	1625991469601
REQUEST		Get single user	1625991469107	1625991469647	KO	jsonPath($.data.name).find.is(Ekaling Khatri), but actually found nothing
USER	Ramp Users load Simulation	END	1625991469649
USER	Ramp Users load Simulation	START	1625991469712
REQUEST		Get single user	1625991469511	1625991469801	OK	 
USER	Ramp Users load Simulation	END	1625991469802
USER	Ramp Users load Simulation	START	1625991469913
REQUEST		Get single user	1625991469713	1625991470035	KO	jsonPath($.data.name).find.is(Ekaling Khatri), but actually found nothing
USER	Ramp Users load Simulation	END	1625991470037
USER	Ramp Users load Simulation	START	1625991470114
REQUEST		Get single user	1625991469914	1625991470214	OK	 
USER	Ramp Users load Simulation	END	1625991470216
USER	Ramp Users load Simulation	START	1625991470319
REQUEST		Get single user	1625991470115	1625991470444	OK	 
USER	Ramp Users load Simulation	END	1625991470445
USER	Ramp Users load Simulation	START	1625991470505
REQUEST		Get single user	1625991470319	1625991470627	KO	jsonPath($.data.name).find.is(Ekaling Khatri), but actually found nothing
USER	Ramp Users load Simulation	END	1625991470630
USER	Ramp Users load Simulation	START	1625991470706
REQUEST		Get single user	1625991470506	1625991470823	OK	 
USER	Ramp Users load Simulation	END	1625991470824
USER	Ramp Users load Simulation	START	1625991470910
REQUEST		Get single user	1625991470707	1625991471042	OK	 
USER	Ramp Users load Simulation	END	1625991471043
REQUEST		Get single user	1625991470911	1625991471196	KO	jsonPath($.data.name).find.is(Ekaling Khatri), but actually found nothing
USER	Ramp Users load Simulation	END	1625991471199
