RUN	simulations.FixedDurationLoadSimulation	fixeddurationloadsimulation	1625992721350	hfg	3.6.0
USER	Fixed Duration Load simulation	START	1625992731066
USER	Fixed Duration Load simulation	START	1625992731066
USER	Fixed Duration Load simulation	START	1625992731066
USER	Fixed Duration Load simulation	START	1625992731066
USER	Fixed Duration Load simulation	START	1625992731065
USER	Fixed Duration Load simulation	START	1625992731066
USER	Fixed Duration Load simulation	START	1625992731066
USER	Fixed Duration Load simulation	START	1625992731066
USER	Fixed Duration Load simulation	START	1625992731065
USER	Fixed Duration Load simulation	START	1625992731066
USER	Fixed Duration Load simulation	START	1625992731066
REQUEST		get all users request	1625992731120	1625992731490	OK	 
REQUEST		get all users request	1625992731121	1625992731491	OK	 
REQUEST		get all users request	1625992731118	1625992731542	OK	 
REQUEST		get all users request	1625992731118	1625992731542	OK	 
REQUEST		get all users request	1625992731118	1625992731542	OK	 
REQUEST		get all users request	1625992731120	1625992731544	OK	 
REQUEST		get all users request	1625992731118	1625992731545	OK	 
USER	Fixed Duration Load simulation	START	1625992731544
REQUEST		get all users request	1625992731120	1625992731549	OK	 
REQUEST		get all users request	1625992731121	1625992731549	OK	 
REQUEST		get all users request	1625992731118	1625992731549	OK	 
REQUEST		get all users request	1625992731120	1625992731554	OK	 
REQUEST		get all users request	1625992731544	1625992731752	OK	 
USER	Fixed Duration Load simulation	START	1625992732057
REQUEST		get all users request	1625992732058	1625992732260	OK	 
USER	Fixed Duration Load simulation	START	1625992732555
REQUEST		get all users request	1625992732555	1625992732873	OK	 
USER	Fixed Duration Load simulation	START	1625992733055
REQUEST		get all users request	1625992733056	1625992733301	OK	 
REQUEST		get single user request	1625992733526	1625992733593	OK	 
REQUEST		get single user request	1625992733526	1625992733598	OK	 
REQUEST		get single user request	1625992733558	1625992733624	OK	 
REQUEST		get single user request	1625992733558	1625992733630	OK	 
REQUEST		get single user request	1625992733558	1625992733630	OK	 
REQUEST		get single user request	1625992733558	1625992733631	OK	 
REQUEST		get single user request	1625992733558	1625992733637	OK	 
REQUEST		get single user request	1625992733558	1625992733637	OK	 
REQUEST		get single user request	1625992733558	1625992733637	OK	 
REQUEST		get single user request	1625992733558	1625992733642	OK	 
REQUEST		get single user request	1625992733558	1625992733642	OK	 
REQUEST		get single user request	1625992733761	1625992733824	OK	 
USER	Fixed Duration Load simulation	START	1625992734045
REQUEST		get all users request	1625992734046	1625992734284	OK	 
REQUEST		get single user request	1625992734266	1625992734339	OK	 
USER	Fixed Duration Load simulation	START	1625992734550
REQUEST		get all users request	1625992734551	1625992734789	OK	 
REQUEST		get single user request	1625992734878	1625992734954	OK	 
USER	Fixed Duration Load simulation	START	1625992735048
REQUEST		get all users request	1625992735048	1625992735286	OK	 
REQUEST		get single user request	1625992735316	1625992735378	OK	 
USER	Fixed Duration Load simulation	START	1625992735548
REQUEST		get all users request	1625992735549	1625992735774	OK	 
USER	Fixed Duration Load simulation	START	1625992736048
REQUEST		Add user request	1625992735659	1625992736084	OK	 
REQUEST		Add user request	1625992735643	1625992736089	OK	 
REQUEST		Add user request	1625992735643	1625992736097	OK	 
REQUEST		Add user request	1625992735612	1625992736160	OK	 
REQUEST		Add user request	1625992735599	1625992736170	OK	 
REQUEST		Add user request	1625992735628	1625992736189	OK	 
REQUEST		Add user request	1625992735643	1625992736206	OK	 
REQUEST		Add user request	1625992735830	1625992736213	OK	 
REQUEST		Add user request	1625992735643	1625992736221	OK	 
REQUEST		Add user request	1625992735659	1625992736228	OK	 
REQUEST		Add user request	1625992735643	1625992736238	OK	 
REQUEST		Add user request	1625992735643	1625992736250	OK	 
REQUEST		get all users request	1625992736049	1625992736329	OK	 
REQUEST		get single user request	1625992736297	1625992736366	OK	 
REQUEST		Add user request	1625992736343	1625992736727	OK	 
REQUEST		get single user request	1625992736796	1625992736862	OK	 
USER	Fixed Duration Load simulation	START	1625992737059
REQUEST		get all users request	1625992737060	1625992737296	OK	 
REQUEST		get single user request	1625992737294	1625992737358	OK	 
REQUEST		Add user request	1625992736966	1625992737358	OK	 
USER	Fixed Duration Load simulation	START	1625992737546
REQUEST		get all users request	1625992737547	1625992737774	OK	 
REQUEST		Add user request	1625992737388	1625992737779	OK	 
USER	Fixed Duration Load simulation	START	1625992738047
REQUEST		get single user request	1625992737780	1625992738110	OK	 
REQUEST		get all users request	1625992738047	1625992738262	OK	 
REQUEST		get single user request	1625992738341	1625992738414	OK	 
USER	Fixed Duration Load simulation	START	1625992738545
REQUEST		Add user request	1625992738373	1625992738721	OK	 
REQUEST		get all users request	1625992738545	1625992738788	OK	 
USER	Fixed Duration Load simulation	START	1625992739054
REQUEST		Add user request	1625992738868	1625992739265	OK	 
REQUEST		get all users request	1625992739055	1625992739346	OK	 
REQUEST		get single user request	1625992739306	1625992739375	OK	 
REQUEST		Add user request	1625992739368	1625992739753	OK	 
REQUEST		get single user request	1625992739789	1625992739854	OK	 
USER	Fixed Duration Load simulation	START	1625992740053
REQUEST		get all users request	1625992740054	1625992740309	OK	 
REQUEST		get single user request	1625992740273	1625992740333	OK	 
REQUEST		Add user request	1625992740100	1625992740489	OK	 
REQUEST		Add user request	1625992740116	1625992740494	OK	 
REQUEST		Add user request	1625992740116	1625992740506	OK	 
REQUEST		Add user request	1625992740100	1625992740517	OK	 
USER	Fixed Duration Load simulation	START	1625992740555
REQUEST		Add user request	1625992740195	1625992740582	OK	 
REQUEST		Add user request	1625992740180	1625992740587	OK	 
REQUEST		Add user request	1625992740226	1625992740597	OK	 
REQUEST		Add user request	1625992740210	1625992740609	OK	 
REQUEST		Add user request	1625992740226	1625992740624	OK	 
REQUEST		Add user request	1625992740257	1625992740629	OK	 
REQUEST		Add user request	1625992740242	1625992740636	OK	 
REQUEST		Add user request	1625992740273	1625992740655	OK	 
REQUEST		Add user request	1625992740242	1625992740660	OK	 
REQUEST		get all users request	1625992740556	1625992740794	OK	 
REQUEST		Add user request	1625992740429	1625992740822	OK	 
REQUEST		get single user request	1625992740804	1625992740874	OK	 
USER	Fixed Duration Load simulation	START	1625992741050
REQUEST		Add user request	1625992740741	1625992741136	OK	 
REQUEST		get all users request	1625992741051	1625992741312	OK	 
REQUEST		get single user request	1625992741351	1625992741418	OK	 
USER	Fixed Duration Load simulation	START	1625992741555
REQUEST		Add user request	1625992741383	1625992741768	OK	 
REQUEST		Add user request	1625992741383	1625992741786	OK	 
REQUEST		get all users request	1625992741556	1625992741823	OK	 
USER	Fixed Duration Load simulation	START	1625992742054
REQUEST		Add user request	1625992741804	1625992742194	OK	 
REQUEST		Add user request	1625992741866	1625992742281	OK	 
REQUEST		get all users request	1625992742055	1625992742290	OK	 
REQUEST		get single user request	1625992742322	1625992742400	OK	 
REQUEST		Add user request	1625992742338	1625992742740	OK	 
REQUEST		get single user request	1625992742810	1625992742884	OK	 
USER	Fixed Duration Load simulation	START	1625992743045
REQUEST		Add user request	1625992742731	1625992743161	OK	 
REQUEST		get all users request	1625992743046	1625992743292	OK	 
REQUEST		Add user request	1625992742890	1625992743302	OK	 
REQUEST		get single user request	1625992743325	1625992743388	OK	 
USER	Fixed Duration Load simulation	START	1625992743558
REQUEST		Add user request	1625992743279	1625992743656	OK	 
REQUEST		get all users request	1625992743558	1625992743793	OK	 
REQUEST		Add user request	1625992743435	1625992743817	OK	 
REQUEST		get single user request	1625992743827	1625992743883	OK	 
USER	Fixed Duration Load simulation	START	1625992744045
REQUEST		Add user request	1625992743763	1625992744178	OK	 
REQUEST		get all users request	1625992744045	1625992744267	OK	 
REQUEST		get single user request	1625992744297	1625992744380	OK	 
USER	Fixed Duration Load simulation	START	1625992744547
REQUEST		get all users request	1625992744547	1625992744782	OK	 
REQUEST		Add user request	1625992744407	1625992744812	OK	 
REQUEST		Add user request	1625992744515	1625992744877	OK	 
REQUEST		Add user request	1625992744531	1625992744911	OK	 
REQUEST		Add user request	1625992744515	1625992744932	OK	 
REQUEST		Add user request	1625992744531	1625992744937	OK	 
REQUEST		Add user request	1625992744595	1625992744959	OK	 
REQUEST		Add user request	1625992744611	1625992744990	OK	 
REQUEST		Add user request	1625992744611	1625992745003	OK	 
USER	Fixed Duration Load simulation	START	1625992745046
REQUEST		Add user request	1625992744643	1625992745054	OK	 
REQUEST		Add user request	1625992744674	1625992745059	OK	 
REQUEST		Add user request	1625992744659	1625992745059	OK	 
REQUEST		Add user request	1625992744674	1625992745059	OK	 
REQUEST		Add user request	1625992744891	1625992745242	OK	 
REQUEST		Add user request	1625992744829	1625992745254	OK	 
REQUEST		get all users request	1625992745046	1625992745285	OK	 
REQUEST		Add user request	1625992744627	1625992745317	OK	 
REQUEST		Add user request	1625992744643	1625992745329	OK	 
REQUEST		get single user request	1625992745295	1625992745391	OK	 
REQUEST		Add user request	1625992745154	1625992745555	OK	 
REQUEST		Add user request	1625992745404	1625992745797	OK	 
REQUEST		get single user request	1625992745808	1625992745886	OK	 
USER	Fixed Duration Load simulation	START	1625992746057
REQUEST		Add user request	1625992745793	1625992746192	OK	 
REQUEST		Add user request	1625992745809	1625992746217	OK	 
REQUEST		Add user request	1625992745885	1625992746306	OK	 
REQUEST		get all users request	1625992746057	1625992746313	OK	 
REQUEST		get single user request	1625992746274	1625992746341	OK	 
USER	Fixed Duration Load simulation	START	1625992746553
REQUEST		Add user request	1625992746213	1625992746597	OK	 
REQUEST		Add user request	1625992746305	1625992746681	OK	 
REQUEST		get all users request	1625992746553	1625992746746	OK	 
REQUEST		Add user request	1625992746396	1625992746793	OK	 
REQUEST		get single user request	1625992746786	1625992746890	OK	 
USER	Fixed Duration Load simulation	START	1625992747052
REQUEST		Add user request	1625992746754	1625992747126	OK	 
REQUEST		get all users request	1625992747053	1625992747273	OK	 
REQUEST		get single user request	1625992747288	1625992747345	OK	 
USER	Fixed Duration Load simulation	START	1625992747553
REQUEST		Add user request	1625992747178	1625992747559	OK	 
REQUEST		Add user request	1625992747319	1625992747725	OK	 
REQUEST		Add user request	1625992747397	1625992747798	OK	 
USER	Fixed Duration Load simulation	START	1625992748055
REQUEST		Add user request	1625992747680	1625992748062	OK	 
REQUEST		Add user request	1625992747838	1625992748251	OK	 
REQUEST		get all users request	1625992748056	1625992748253	OK	 
REQUEST		Add user request	1625992747900	1625992748310	OK	 
REQUEST		get single user request	1625992748321	1625992748380	OK	 
REQUEST		Add user request	1625992748197	1625992748581	OK	 
REQUEST		Add user request	1625992748353	1625992748712	OK	 
REQUEST		get all users request	1625992747554	1625992748818	OK	 
REQUEST		get single user request	1625992748758	1625992748832	OK	 
USER	Fixed Duration Load simulation	START	1625992749056
REQUEST		Add user request	1625992748820	1625992749227	OK	 
REQUEST		Add user request	1625992748899	1625992749241	OK	 
REQUEST		Add user request	1625992748883	1625992749276	OK	 
REQUEST		Add user request	1625992748931	1625992749283	OK	 
REQUEST		get all users request	1625992749056	1625992749297	OK	 
REQUEST		Add user request	1625992748947	1625992749333	OK	 
REQUEST		get single user request	1625992749276	1625992749344	OK	 
REQUEST		Add user request	1625992748947	1625992749344	OK	 
REQUEST		Add user request	1625992748979	1625992749345	OK	 
REQUEST		Add user request	1625992749025	1625992749410	OK	 
REQUEST		Add user request	1625992749009	1625992749410	OK	 
REQUEST		Add user request	1625992749071	1625992749472	OK	 
REQUEST		Add user request	1625992749071	1625992749478	OK	 
REQUEST		Add user request	1625992749071	1625992749484	OK	 
REQUEST		Add user request	1625992749071	1625992749490	OK	 
USER	Fixed Duration Load simulation	START	1625992749555
REQUEST		Add user request	1625992749260	1625992749625	OK	 
REQUEST		Add user request	1625992749260	1625992749651	OK	 
REQUEST		Add user request	1625992749339	1625992749750	OK	 
REQUEST		Add user request	1625992749339	1625992749759	OK	 
REQUEST		get all users request	1625992749556	1625992749765	OK	 
REQUEST		Add user request	1625992749354	1625992749769	OK	 
REQUEST		Add user request	1625992749571	1625992749944	OK	 
USER	Fixed Duration Load simulation	START	1625992750052
REQUEST		Add user request	1625992749819	1625992750214	OK	 
REQUEST		get all users request	1625992750053	1625992750287	OK	 
REQUEST		get single user request	1625992750257	1625992750336	OK	 
USER	Fixed Duration Load simulation	START	1625992750549
REQUEST		Add user request	1625992750211	1625992750622	OK	 
REQUEST		Add user request	1625992750241	1625992750645	OK	 
REQUEST		Add user request	1625992750333	1625992750744	OK	 
REQUEST		Add user request	1625992750394	1625992750766	OK	 
REQUEST		get all users request	1625992750549	1625992750800	OK	 
REQUEST		get single user request	1625992750825	1625992750892	OK	 
REQUEST		Add user request	1625992750611	1625992751010	OK	 
USER	Fixed Duration Load simulation	START	1625992751056
REQUEST		Add user request	1625992750704	1625992751153	OK	 
REQUEST		Add user request	1625992750841	1625992751215	OK	 
REQUEST		Add user request	1625992750810	1625992751227	OK	 
REQUEST		get all users request	1625992751056	1625992751278	OK	 
REQUEST		get single user request	1625992751303	1625992751365	OK	 
REQUEST		Add user request	1625992751149	1625992751545	OK	 
REQUEST		Add user request	1625992751349	1625992751736	OK	 
REQUEST		get single user request	1625992751766	1625992751834	OK	 
REQUEST		Add user request	1625992751581	1625992752013	OK	 
USER	Fixed Duration Load simulation	START	1625992752043
REQUEST		Add user request	1625992751750	1625992752133	OK	 
REQUEST		Add user request	1625992751813	1625992752206	OK	 
REQUEST		get all users request	1625992752044	1625992752285	OK	 
REQUEST		get single user request	1625992752291	1625992752361	OK	 
REQUEST		Add user request	1625992752074	1625992752458	OK	 
USER	Fixed Duration Load simulation	START	1625992752553
REQUEST		Add user request	1625992752260	1625992752628	OK	 
REQUEST		get all users request	1625992752554	1625992752771	OK	 
REQUEST		Add user request	1625992752352	1625992752832	OK	 
REQUEST		Add user request	1625992752321	1625992752851	OK	 
REQUEST		get single user request	1625992752817	1625992752890	OK	 
USER	Fixed Duration Load simulation	START	1625992753051
REQUEST		Add user request	1625992752724	1625992753142	OK	 
REQUEST		Add user request	1625992752600	1625992753148	OK	 
REQUEST		get all users request	1625992753051	1625992753303	OK	 
REQUEST		Add user request	1625992752894	1625992753306	OK	 
REQUEST		get single user request	1625992753284	1625992753372	OK	 
USER	Fixed Duration Load simulation	START	1625992753552
REQUEST		Add user request	1625992753268	1625992753665	OK	 
REQUEST		Add user request	1625992753301	1625992753678	OK	 
REQUEST		Add user request	1625992753300	1625992753687	OK	 
REQUEST		Add user request	1625992753252	1625992753701	OK	 
REQUEST		Add user request	1625992753363	1625992753736	OK	 
REQUEST		Add user request	1625992753363	1625992753754	OK	 
REQUEST		Add user request	1625992753362	1625992753754	OK	 
REQUEST		Add user request	1625992753441	1625992753794	OK	 
REQUEST		Add user request	1625992753378	1625992753799	OK	 
REQUEST		get all users request	1625992753552	1625992753811	OK	 
REQUEST		Add user request	1625992753441	1625992753859	OK	 
REQUEST		Add user request	1625992753503	1625992753898	OK	 
REQUEST		Add user request	1625992753503	1625992753904	OK	 
REQUEST		Add user request	1625992753503	1625992753910	OK	 
REQUEST		Add user request	1625992753518	1625992753919	OK	 
REQUEST		Add user request	1625992753674	1625992754022	OK	 
USER	Fixed Duration Load simulation	START	1625992754044
REQUEST		Add user request	1625992753659	1625992754097	OK	 
REQUEST		Add user request	1625992753783	1625992754168	OK	 
REQUEST		Add user request	1625992753782	1625992754174	OK	 
REQUEST		Add user request	1625992753782	1625992754180	OK	 
REQUEST		Add user request	1625992753844	1625992754211	OK	 
REQUEST		get all users request	1625992754044	1625992754272	OK	 
REQUEST		Add user request	1625992753965	1625992754333	OK	 
REQUEST		get single user request	1625992754291	1625992754353	OK	 
REQUEST		Add user request	1625992754229	1625992754642	OK	 
REQUEST		Add user request	1625992754369	1625992754770	OK	 
REQUEST		get single user request	1625992754788	1625992754861	OK	 
REQUEST		Add user request	1625992754646	1625992755032	OK	 
USER	Fixed Duration Load simulation	START	1625992755051
REQUEST		Add user request	1625992754662	1625992755081	OK	 
REQUEST		Add user request	1625992754756	1625992755139	OK	 
REQUEST		Add user request	1625992754772	1625992755201	OK	 
REQUEST		get all users request	1625992755051	1625992755262	OK	 
REQUEST		Add user request	1625992754896	1625992755287	OK	 
REQUEST		get single user request	1625992755312	1625992755369	OK	 
REQUEST		Add user request	1625992755034	1625992755417	OK	 
USER	Fixed Duration Load simulation	START	1625992755560
REQUEST		Add user request	1625992755172	1625992755580	OK	 
REQUEST		Add user request	1625992755235	1625992755636	OK	 
REQUEST		Add user request	1625992755250	1625992755641	OK	 
REQUEST		Add user request	1625992755375	1625992755767	OK	 
REQUEST		get all users request	1625992755560	1625992755794	OK	 
REQUEST		get single user request	1625992755823	1625992755913	OK	 
REQUEST		Add user request	1625992755560	1625992755950	OK	 
USER	Fixed Duration Load simulation	START	1625992756057
REQUEST		Add user request	1625992755763	1625992756171	OK	 
REQUEST		get all users request	1625992756057	1625992756282	OK	 
REQUEST		get single user request	1625992756277	1625992756327	OK	 
REQUEST		Add user request	1625992756041	1625992756419	OK	 
USER	Fixed Duration Load simulation	START	1625992756559
REQUEST		Add user request	1625992756152	1625992756565	OK	 
REQUEST		Add user request	1625992756214	1625992756597	OK	 
REQUEST		Add user request	1625992756354	1625992756765	OK	 
REQUEST		get all users request	1625992756559	1625992756770	OK	 
REQUEST		Add user request	1625992756465	1625992756868	OK	 
REQUEST		Add user request	1625992756635	1625992757046	OK	 
USER	Fixed Duration Load simulation	START	1625992757057
REQUEST		Add user request	1625992756870	1625992757225	OK	 
REQUEST		Add user request	1625992756870	1625992757261	OK	 
REQUEST		Add user request	1625992756854	1625992757273	OK	 
REQUEST		get all users request	1625992757058	1625992757350	OK	 
REQUEST		get single user request	1625992757273	1625992757354	OK	 
REQUEST		Add user request	1625992757164	1625992757551	OK	 
REQUEST		Add user request	1625992757164	1625992757563	OK	 
REQUEST		Add user request	1625992757320	1625992757751	OK	 
REQUEST		Add user request	1625992757382	1625992757766	OK	 
REQUEST		get single user request	1625992757804	1625992757869	OK	 
USER	Fixed Duration Load simulation	START	1625992758057
REQUEST		Add user request	1625992757680	1625992758091	OK	 
REQUEST		Add user request	1625992757711	1625992758097	OK	 
REQUEST		Add user request	1625992757696	1625992758097	OK	 
REQUEST		Add user request	1625992757727	1625992758122	OK	 
REQUEST		Add user request	1625992757774	1625992758128	OK	 
REQUEST		Add user request	1625992757774	1625992758152	OK	 
REQUEST		Add user request	1625992757758	1625992758152	OK	 
REQUEST		Add user request	1625992757820	1625992758205	OK	 
REQUEST		Add user request	1625992757820	1625992758217	OK	 
REQUEST		Add user request	1625992757881	1625992758282	OK	 
REQUEST		get all users request	1625992758057	1625992758307	OK	 
REQUEST		Add user request	1625992757929	1625992758314	OK	 
REQUEST		Add user request	1625992757913	1625992758326	OK	 
REQUEST		Add user request	1625992757929	1625992758338	OK	 
REQUEST		get single user request	1625992758289	1625992758350	OK	 
REQUEST		Add user request	1625992757929	1625992758356	OK	 
REQUEST		Add user request	1625992757945	1625992758368	OK	 
REQUEST		Add user request	1625992758105	1625992758516	OK	 
USER	Fixed Duration Load simulation	START	1625992758556
REQUEST		Add user request	1625992758198	1625992758597	OK	 
REQUEST		Add user request	1625992758197	1625992758612	OK	 
REQUEST		Add user request	1625992758197	1625992758618	OK	 
REQUEST		Add user request	1625992758228	1625992758635	OK	 
REQUEST		Add user request	1625992758041	1625992758723	OK	 
REQUEST		Add user request	1625992758337	1625992758736	OK	 
REQUEST		Add user request	1625992758352	1625992758780	OK	 
REQUEST		get all users request	1625992758556	1625992758780	OK	 
REQUEST		get single user request	1625992758773	1625992758841	OK	 
USER	Fixed Duration Load simulation	START	1625992759054
REQUEST		Add user request	1625992758662	1625992759085	OK	 
REQUEST		Add user request	1625992758788	1625992759206	OK	 
REQUEST		get all users request	1625992759054	1625992759287	OK	 
REQUEST		get single user request	1625992759364	1625992759429	OK	 
REQUEST		Add user request	1625992759054	1625992759454	OK	 
REQUEST		Add user request	1625992759100	1625992759510	OK	 
USER	Fixed Duration Load simulation	START	1625992759550
REQUEST		Add user request	1625992759161	1625992759565	OK	 
REQUEST		Add user request	1625992759224	1625992759603	OK	 
REQUEST		Add user request	1625992759301	1625992759689	OK	 
REQUEST		Add user request	1625992759364	1625992759789	OK	 
REQUEST		get all users request	1625992759550	1625992759820	OK	 
REQUEST		Add user request	1625992759442	1625992759830	OK	 
REQUEST		Add user request	1625992759597	1625992760013	OK	 
REQUEST		Add user request	1625992759659	1625992760052	OK	 
USER	Fixed Duration Load simulation	START	1625992760061
REQUEST		Add user request	1625992759659	1625992760090	OK	 
REQUEST		Add user request	1625992759784	1625992760191	OK	 
REQUEST		Add user request	1625992759875	1625992760278	OK	 
REQUEST		get all users request	1625992760061	1625992760320	OK	 
REQUEST		Add user request	1625992759967	1625992760320	OK	 
REQUEST		get single user request	1625992760321	1625992760398	OK	 
REQUEST		Add user request	1625992760183	1625992760560	OK	 
REQUEST		Add user request	1625992760352	1625992760777	OK	 
REQUEST		Add user request	1625992760429	1625992760830	OK	 
REQUEST		get single user request	1625992760787	1625992760852	OK	 
REQUEST		Add user request	1625992760585	1625992760974	OK	 
REQUEST		Add user request	1625992760616	1625992761017	OK	 
REQUEST		Add user request	1625992760787	1625992761188	OK	 
REQUEST		Add user request	1625992760849	1625992761242	OK	 
REQUEST		Add user request	1625992760895	1625992761275	OK	 
REQUEST		get single user request	1625992761298	1625992761373	OK	 
REQUEST		Add user request	1625992761067	1625992761470	OK	 
REQUEST		Add user request	1625992761252	1625992761594	OK	 
REQUEST		Add user request	1625992761298	1625992761704	OK	 
REQUEST		Add user request	1625992761283	1625992761710	OK	 
REQUEST		Add user request	1625992761439	1625992761856	OK	 
REQUEST		get single user request	1625992761829	1625992761892	OK	 
REQUEST		Add user request	1625992761579	1625992761971	OK	 
REQUEST		Add user request	1625992761579	1625992761984	OK	 
REQUEST		Add user request	1625992761782	1625992762159	OK	 
REQUEST		Add user request	1625992761766	1625992762196	OK	 
REQUEST		get single user request	1625992762328	1625992762400	OK	 
REQUEST		Add user request	1625992762109	1625992762505	OK	 
REQUEST		Add user request	1625992762108	1625992762511	OK	 
REQUEST		Add user request	1625992762109	1625992762511	OK	 
REQUEST		Add user request	1625992762140	1625992762543	OK	 
REQUEST		Add user request	1625992762172	1625992762562	OK	 
REQUEST		Add user request	1625992762140	1625992762568	OK	 
REQUEST		Add user request	1625992762172	1625992762574	OK	 
REQUEST		Add user request	1625992762219	1625992762659	OK	 
REQUEST		Add user request	1625992762234	1625992762671	OK	 
REQUEST		Add user request	1625992762297	1625992762684	OK	 
REQUEST		Add user request	1625992762328	1625992762723	OK	 
REQUEST		Add user request	1625992762344	1625992762743	OK	 
REQUEST		Add user request	1625992762360	1625992762763	OK	 
REQUEST		Add user request	1625992762391	1625992762777	OK	 
REQUEST		Add user request	1625992762376	1625992762789	OK	 
REQUEST		Add user request	1625992762405	1625992762807	OK	 
REQUEST		Add user request	1625992762531	1625992762942	OK	 
REQUEST		Add user request	1625992762608	1625992763007	OK	 
REQUEST		Add user request	1625992762624	1625992763021	OK	 
REQUEST		Add user request	1625992762639	1625992763035	OK	 
REQUEST		Add user request	1625992762654	1625992763053	OK	 
REQUEST		Add user request	1625992762731	1625992763120	OK	 
REQUEST		Add user request	1625992762744	1625992763161	OK	 
REQUEST		Add user request	1625992762793	1625992763168	OK	 
REQUEST		Add user request	1625992762854	1625992763252	OK	 
REQUEST		Add user request	1625992763102	1625992763487	OK	 
REQUEST		Add user request	1625992763226	1625992763629	OK	 
REQUEST		Add user request	1625992763380	1625992763757	OK	 
REQUEST		Add user request	1625992763458	1625992763887	OK	 
REQUEST		Add user request	1625992763521	1625992763920	OK	 
REQUEST		Add user request	1625992763584	1625992763940	OK	 
REQUEST		Add user request	1625992763616	1625992764002	OK	 
REQUEST		Add user request	1625992763710	1625992764114	OK	 
REQUEST		Add user request	1625992763805	1625992764184	OK	 
REQUEST		Add user request	1625992763851	1625992764232	OK	 
REQUEST		Add user request	1625992763898	1625992764287	OK	 
REQUEST		Add user request	1625992764021	1625992764396	OK	 
REQUEST		Add user request	1625992764067	1625992764482	OK	 
REQUEST		Add user request	1625992764099	1625992764503	OK	 
REQUEST		Add user request	1625992764205	1625992764624	OK	 
REQUEST		Add user request	1625992764283	1625992764643	OK	 
REQUEST		Add user request	1625992764329	1625992764698	OK	 
REQUEST		Add user request	1625992764407	1625992764809	OK	 
REQUEST		Add user request	1625992764564	1625992764962	OK	 
REQUEST		Add user request	1625992764782	1625992765190	OK	 
REQUEST		Add user request	1625992764844	1625992765249	OK	 
REQUEST		Add user request	1625992764987	1625992765378	OK	 
REQUEST		Add user request	1625992765034	1625992765449	OK	 
REQUEST		Add user request	1625992765203	1625992765613	OK	 
REQUEST		Add user request	1625992765264	1625992765665	OK	 
REQUEST		Add user request	1625992765296	1625992765716	OK	 
REQUEST		Add user request	1625992765484	1625992765894	OK	 
REQUEST		Add user request	1625992765610	1625992766023	OK	 
REQUEST		Add user request	1625992765734	1625992766104	OK	 
REQUEST		Add user request	1625992765719	1625992766124	OK	 
REQUEST		Add user request	1625992765875	1625992766272	OK	 
REQUEST		Add user request	1625992765983	1625992766380	OK	 
REQUEST		Add user request	1625992765998	1625992766385	OK	 
REQUEST		Add user request	1625992766183	1625992766561	OK	 
REQUEST		Add user request	1625992766214	1625992766646	OK	 
REQUEST		Add user request	1625992766524	1625992766918	OK	 
REQUEST		Add user request	1625992766524	1625992766923	OK	 
REQUEST		Add user request	1625992766524	1625992766930	OK	 
REQUEST		Add user request	1625992766554	1625992766942	OK	 
REQUEST		Add user request	1625992766570	1625992766980	OK	 
REQUEST		Add user request	1625992766585	1625992766986	OK	 
REQUEST		Add user request	1625992766585	1625992766992	OK	 
REQUEST		Add user request	1625992766679	1625992767063	OK	 
REQUEST		Add user request	1625992766694	1625992767080	OK	 
REQUEST		Add user request	1625992766679	1625992767080	OK	 
REQUEST		Add user request	1625992766741	1625992767124	OK	 
REQUEST		Add user request	1625992766772	1625992767144	OK	 
REQUEST		Add user request	1625992766757	1625992767150	OK	 
REQUEST		Add user request	1625992766787	1625992767179	OK	 
REQUEST		Add user request	1625992766818	1625992767214	OK	 
REQUEST		Add user request	1625992766803	1625992767226	OK	 
REQUEST		Add user request	1625992766959	1625992767372	OK	 
REQUEST		Add user request	1625992767020	1625992767402	OK	 
REQUEST		Add user request	1625992767051	1625992767435	OK	 
REQUEST		Add user request	1625992767036	1625992767451	OK	 
REQUEST		Add user request	1625992767067	1625992767473	OK	 
REQUEST		Add user request	1625992767130	1625992767560	OK	 
REQUEST		Add user request	1625992767178	1625992767579	OK	 
REQUEST		Add user request	1625992767178	1625992767602	OK	 
REQUEST		Add user request	1625992767270	1625992767655	OK	 
REQUEST		Add user request	1625992767504	1625992767899	OK	 
REQUEST		Add user request	1625992767644	1625992768055	OK	 
REQUEST		Add user request	1625992767768	1625992768152	OK	 
REQUEST		Add user request	1625992767893	1625992768303	OK	 
REQUEST		Add user request	1625992767941	1625992768333	OK	 
REQUEST		Add user request	1625992767957	1625992768384	OK	 
REQUEST		Add user request	1625992768020	1625992768406	OK	 
REQUEST		Add user request	1625992768130	1625992768541	OK	 
REQUEST		Add user request	1625992768208	1625992768604	OK	 
REQUEST		Add user request	1625992768254	1625992768672	OK	 
REQUEST		Add user request	1625992768302	1625992768691	OK	 
REQUEST		Add user request	1625992768410	1625992768809	OK	 
REQUEST		Add user request	1625992768520	1625992768908	OK	 
REQUEST		Add user request	1625992768504	1625992768920	OK	 
REQUEST		Add user request	1625992768660	1625992769027	OK	 
REQUEST		Add user request	1625992768645	1625992769033	OK	 
REQUEST		Add user request	1625992768829	1625992769247	OK	 
REQUEST		Add user request	1625992768984	1625992769383	OK	 
REQUEST		Add user request	1625992768722	1625992769389	OK	 
REQUEST		Add user request	1625992769203	1625992769620	OK	 
REQUEST		Add user request	1625992769265	1625992769666	OK	 
REQUEST		Add user request	1625992769389	1625992769791	OK	 
REQUEST		Add user request	1625992769467	1625992769860	OK	 
REQUEST		Add user request	1625992769640	1625992770018	OK	 
REQUEST		Add user request	1625992769686	1625992770081	OK	 
REQUEST		Add user request	1625992769733	1625992770135	OK	 
REQUEST		Add user request	1625992769917	1625992770323	OK	 
REQUEST		Add user request	1625992770041	1625992770422	OK	 
REQUEST		Add user request	1625992770134	1625992770522	OK	 
REQUEST		Add user request	1625992770119	1625992770536	OK	 
REQUEST		Add user request	1625992770289	1625992770671	OK	 
REQUEST		Add user request	1625992770397	1625992770780	OK	 
REQUEST		Add user request	1625992770397	1625992770792	OK	 
REQUEST		Add user request	1625992770583	1625992770963	OK	 
REQUEST		Add user request	1625992770662	1625992771087	OK	 
REQUEST		Add user request	1625992770928	1625992771271	OK	 
REQUEST		Add user request	1625992770944	1625992771321	OK	 
REQUEST		Add user request	1625992770944	1625992771349	OK	 
REQUEST		Add user request	1625992770960	1625992771375	OK	 
REQUEST		Add user request	1625992771007	1625992771381	OK	 
REQUEST		Add user request	1625992770991	1625992771398	OK	 
REQUEST		Add user request	1625992771007	1625992771398	OK	 
REQUEST		Add user request	1625992771099	1625992771573	OK	 
REQUEST		Add user request	1625992771146	1625992771573	OK	 
REQUEST		Add user request	1625992771162	1625992771573	OK	 
REQUEST		Add user request	1625992771100	1625992771573	OK	 
REQUEST		Add user request	1625992771193	1625992771583	OK	 
REQUEST		Add user request	1625992771162	1625992771589	OK	 
REQUEST		Add user request	1625992771226	1625992771599	OK	 
REQUEST		Add user request	1625992771242	1625992771658	OK	 
REQUEST		Add user request	1625992771379	1625992771772	OK	 
REQUEST		Add user request	1625992771084	1625992771796	OK	 
REQUEST		Add user request	1625992771443	1625992771810	OK	 
REQUEST		Add user request	1625992771411	1625992771814	OK	 
REQUEST		Add user request	1625992771474	1625992771856	OK	 
REQUEST		Add user request	1625992771489	1625992771862	OK	 
REQUEST		Add user request	1625992771568	1625992771984	OK	 
REQUEST		Add user request	1625992771600	1625992771996	OK	 
REQUEST		Add user request	1625992771616	1625992772045	OK	 
REQUEST		Add user request	1625992771678	1625992772077	OK	 
REQUEST		Add user request	1625992771911	1625992772383	OK	 
REQUEST		Add user request	1625992772067	1625992772496	OK	 
REQUEST		Add user request	1625992772174	1625992772589	OK	 
REQUEST		Add user request	1625992772313	1625992772693	OK	 
REQUEST		Add user request	1625992772344	1625992772778	OK	 
REQUEST		Add user request	1625992772407	1625992772808	OK	 
REQUEST		Add user request	1625992772424	1625992772821	OK	 
REQUEST		Add user request	1625992772563	1625992772967	OK	 
REQUEST		Add user request	1625992772626	1625992772994	OK	 
REQUEST		Add user request	1625992772688	1625992773065	OK	 
REQUEST		Add user request	1625992772703	1625992773112	OK	 
REQUEST		Add user request	1625992772827	1625992773213	OK	 
REQUEST		Add user request	1625992772919	1625992773314	OK	 
REQUEST		Add user request	1625992772935	1625992773338	OK	 
REQUEST		Add user request	1625992773043	1625992773441	OK	 
REQUEST		Add user request	1625992773043	1625992773458	OK	 
REQUEST		Add user request	1625992773264	1625992773664	OK	 
REQUEST		Add user request	1625992773403	1625992773792	OK	 
REQUEST		Add user request	1625992773403	1625992773812	OK	 
REQUEST		Add user request	1625992773634	1625992774028	OK	 
REQUEST		Add user request	1625992773681	1625992774081	OK	 
REQUEST		Add user request	1625992773803	1625992774226	OK	 
REQUEST		Add user request	1625992773866	1625992774252	OK	 
REQUEST		Add user request	1625992774024	1625992774424	OK	 
REQUEST		Add user request	1625992774103	1625992774494	OK	 
REQUEST		Add user request	1625992774148	1625992774566	OK	 
REQUEST		Add user request	1625992774336	1625992774768	OK	 
REQUEST		Add user request	1625992774430	1625992774836	OK	 
REQUEST		Add user request	1625992774554	1625992774923	OK	 
REQUEST		Add user request	1625992774539	1625992774943	OK	 
REQUEST		Add user request	1625992774679	1625992775102	OK	 
REQUEST		Add user request	1625992774805	1625992775176	OK	 
REQUEST		Add user request	1625992774805	1625992775216	OK	 
REQUEST		Add user request	1625992774976	1625992775404	OK	 
REQUEST		Add user request	1625992775101	1625992775480	OK	 
REQUEST		Add user request	1625992775289	1625992775676	OK	 
REQUEST		Add user request	1625992775336	1625992775733	OK	 
REQUEST		Add user request	1625992775367	1625992775779	OK	 
REQUEST		Add user request	1625992775413	1625992775791	OK	 
REQUEST		Add user request	1625992775413	1625992775797	OK	 
REQUEST		Add user request	1625992775397	1625992775797	OK	 
REQUEST		Add user request	1625992775397	1625992775809	OK	 
REQUEST		Add user request	1625992775615	1625992775998	OK	 
REQUEST		Add user request	1625992775599	1625992776004	OK	 
REQUEST		Add user request	1625992775599	1625992776010	OK	 
REQUEST		Add user request	1625992775600	1625992776010	OK	 
REQUEST		Add user request	1625992775599	1625992776010	OK	 
REQUEST		Add user request	1625992775599	1625992776010	OK	 
REQUEST		Add user request	1625992775615	1625992776017	OK	 
REQUEST		Add user request	1625992775678	1625992776080	OK	 
REQUEST		Add user request	1625992775803	1625992776200	OK	 
REQUEST		Add user request	1625992775835	1625992776212	OK	 
REQUEST		Add user request	1625992775819	1625992776219	OK	 
REQUEST		Add user request	1625992775836	1625992776242	OK	 
REQUEST		Add user request	1625992775881	1625992776268	OK	 
REQUEST		Add user request	1625992775881	1625992776285	OK	 
REQUEST		Add user request	1625992776007	1625992776384	OK	 
REQUEST		Add user request	1625992776023	1625992776422	OK	 
REQUEST		Add user request	1625992776068	1625992776450	OK	 
REQUEST		Add user request	1625992776099	1625992776489	OK	 
REQUEST		Add user request	1625992776411	1625992776807	OK	 
REQUEST		Add user request	1625992776518	1625992776900	OK	 
REQUEST		Add user request	1625992776613	1625992777028	OK	 
REQUEST		Add user request	1625992776707	1625992777093	OK	 
REQUEST		Add user request	1625992776802	1625992777218	OK	 
REQUEST		Add user request	1625992776833	1625992777240	OK	 
REQUEST		Add user request	1625992776848	1625992777246	OK	 
REQUEST		Add user request	1625992776988	1625992777389	OK	 
REQUEST		Add user request	1625992777019	1625992777434	OK	 
REQUEST		Add user request	1625992777081	1625992777463	OK	 
REQUEST		Add user request	1625992777129	1625992777513	OK	 
REQUEST		Add user request	1625992777237	1625992777637	OK	 
REQUEST		Add user request	1625992777329	1625992777725	OK	 
REQUEST		Add user request	1625992777362	1625992777741	OK	 
REQUEST		Add user request	1625992777456	1625992777846	OK	 
REQUEST		Add user request	1625992777471	1625992777863	OK	 
REQUEST		Add user request	1625992777691	1625992778071	OK	 
REQUEST		Add user request	1625992777813	1625992778236	OK	 
REQUEST		Add user request	1625992777829	1625992778247	OK	 
REQUEST		Add user request	1625992778050	1625992778454	OK	 
REQUEST		Add user request	1625992778097	1625992778477	OK	 
REQUEST		Add user request	1625992778270	1625992778661	OK	 
REQUEST		Add user request	1625992778254	1625992778682	OK	 
REQUEST		Add user request	1625992778442	1625992778816	OK	 
REQUEST		Add user request	1625992778505	1625992778935	OK	 
REQUEST		Add user request	1625992778582	1625992779004	OK	 
REQUEST		Add user request	1625992778784	1625992779208	OK	 
REQUEST		Add user request	1625992778863	1625992779259	OK	 
REQUEST		Add user request	1625992778942	1625992779331	OK	 
REQUEST		Add user request	1625992778958	1625992779384	OK	 
REQUEST		Add user request	1625992779115	1625992779465	OK	 
REQUEST		Add user request	1625992779193	1625992779579	OK	 
REQUEST		Add user request	1625992779224	1625992779610	OK	 
REQUEST		Add user request	1625992779411	1625992779789	OK	 
REQUEST		Add user request	1625992779504	1625992779893	OK	 
REQUEST		Add user request	1625992779704	1625992780071	OK	 
REQUEST		Add user request	1625992779750	1625992780181	OK	 
REQUEST		Add user request	1625992779797	1625992780193	OK	 
REQUEST		Add user request	1625992779829	1625992780215	OK	 
REQUEST		Add user request	1625992779829	1625992780227	OK	 
REQUEST		Add user request	1625992779813	1625992780240	OK	 
REQUEST		Add user request	1625992779829	1625992780246	OK	 
REQUEST		Add user request	1625992780033	1625992780377	OK	 
REQUEST		Add user request	1625992780033	1625992780405	OK	 
REQUEST		Add user request	1625992780033	1625992780418	OK	 
REQUEST		Add user request	1625992780048	1625992780418	OK	 
REQUEST		Add user request	1625992780018	1625992780439	OK	 
REQUEST		Add user request	1625992780033	1625992780439	OK	 
REQUEST		Add user request	1625992780033	1625992780452	OK	 
REQUEST		Add user request	1625992780095	1625992780497	OK	 
REQUEST		Add user request	1625992780235	1625992780604	OK	 
REQUEST		Add user request	1625992780235	1625992780632	OK	 
REQUEST		Add user request	1625992780219	1625992780644	OK	 
REQUEST		Add user request	1625992780267	1625992780644	OK	 
REQUEST		Add user request	1625992780283	1625992780698	OK	 
REQUEST		Add user request	1625992780298	1625992780711	OK	 
REQUEST		Add user request	1625992780408	1625992780813	OK	 
REQUEST		Add user request	1625992780438	1625992780820	OK	 
REQUEST		Add user request	1625992780469	1625992783120	OK	 
REQUEST		Add user request	1625992780499	1625992783126	OK	 
REQUEST		Add user request	1625992780827	1625992783128	OK	 
REQUEST		Add user request	1625992783134	1625992783532	OK	 
REQUEST		Add user request	1625992783141	1625992783545	OK	 
REQUEST		Add user request	1625992783134	1625992783550	OK	 
REQUEST		Add user request	1625992783139	1625992783551	OK	 
REQUEST		Add user request	1625992783133	1625992783551	OK	 
REQUEST		Add user request	1625992783126	1625992783557	OK	 
REQUEST		Add user request	1625992783136	1625992783617	OK	 
REQUEST		Add user request	1625992783141	1625992783648	OK	 
REQUEST		Add user request	1625992783127	1625992783659	OK	 
REQUEST		Add user request	1625992783142	1625992783669	OK	 
REQUEST		Add user request	1625992783135	1625992783669	OK	 
REQUEST		Add user request	1625992783142	1625992783671	OK	 
REQUEST		Add user request	1625992783137	1625992783677	OK	 
REQUEST		Add user request	1625992783141	1625992783677	OK	 
REQUEST		Add user request	1625992783139	1625992783677	OK	 
REQUEST		Add user request	1625992783138	1625992783677	OK	 
REQUEST		Add user request	1625992783128	1625992783683	OK	 
REQUEST		Add user request	1625992783138	1625992783683	OK	 
REQUEST		Add user request	1625992783138	1625992783689	OK	 
REQUEST		Add user request	1625992783140	1625992783695	OK	 
REQUEST		Add user request	1625992783124	1625992783695	OK	 
REQUEST		Add user request	1625992783142	1625992783701	OK	 
REQUEST		Add user request	1625992783138	1625992783715	OK	 
REQUEST		Add user request	1625992785156	1625992785528	OK	 
REQUEST		Add user request	1625992785140	1625992785537	OK	 
REQUEST		Add user request	1625992785156	1625992785543	OK	 
REQUEST		Add user request	1625992785139	1625992785543	OK	 
REQUEST		Add user request	1625992785140	1625992785549	OK	 
REQUEST		Add user request	1625992785155	1625992785549	OK	 
REQUEST		Add user request	1625992785156	1625992785549	OK	 
REQUEST		Add user request	1625992785142	1625992785550	OK	 
REQUEST		Add user request	1625992785140	1625992785550	OK	 
REQUEST		Add user request	1625992785139	1625992785550	OK	 
REQUEST		Add user request	1625992785156	1625992785555	OK	 
REQUEST		Add user request	1625992785156	1625992785555	OK	 
REQUEST		Add user request	1625992785141	1625992785555	OK	 
REQUEST		Add user request	1625992785155	1625992785556	OK	 
REQUEST		Add user request	1625992785141	1625992785561	OK	 
REQUEST		Add user request	1625992785140	1625992785561	OK	 
REQUEST		Add user request	1625992785141	1625992785561	OK	 
REQUEST		Add user request	1625992785155	1625992785562	OK	 
REQUEST		Add user request	1625992785139	1625992785567	OK	 
REQUEST		Add user request	1625992785155	1625992785573	OK	 
REQUEST		Add user request	1625992785142	1625992785574	OK	 
REQUEST		Add user request	1625992785156	1625992785574	OK	 
REQUEST		Add user request	1625992785155	1625992785580	OK	 
REQUEST		Add user request	1625992785155	1625992785580	OK	 
REQUEST		Add user request	1625992785155	1625992785580	OK	 
REQUEST		Add user request	1625992785140	1625992785580	OK	 
REQUEST		Add user request	1625992785139	1625992785581	OK	 
REQUEST		Add user request	1625992785141	1625992785581	OK	 
REQUEST		Add user request	1625992785140	1625992785585	OK	 
REQUEST		Add user request	1625992785155	1625992785585	OK	 
REQUEST		Add user request	1625992785141	1625992785585	OK	 
REQUEST		Add user request	1625992785141	1625992785586	OK	 
REQUEST		Add user request	1625992785140	1625992785593	OK	 
REQUEST		Add user request	1625992785156	1625992785593	OK	 
