RUN	simulations.FixedDurationLoadSimulation	fixeddurationloadsimulation	1625993509969	dfg	3.6.0
USER	Fixed Duration Load simulation	START	1625993518907
USER	Fixed Duration Load simulation	START	1625993518908
USER	Fixed Duration Load simulation	START	1625993518907
USER	Fixed Duration Load simulation	START	1625993518908
USER	Fixed Duration Load simulation	START	1625993518907
USER	Fixed Duration Load simulation	START	1625993518907
USER	Fixed Duration Load simulation	START	1625993518907
USER	Fixed Duration Load simulation	START	1625993518908
USER	Fixed Duration Load simulation	START	1625993518908
USER	Fixed Duration Load simulation	START	1625993518908
USER	Fixed Duration Load simulation	START	1625993518907
USER	Fixed Duration Load simulation	START	1625993519394
USER	Fixed Duration Load simulation	START	1625993519895
USER	Fixed Duration Load simulation	START	1625993520393
USER	Fixed Duration Load simulation	START	1625993520906
REQUEST		get all users request	1625993518955	1625993521002	KO	j.n.ConnectException: Connection refused: no further information
REQUEST		get all users request	1625993518955	1625993521002	KO	j.n.ConnectException: Connection refused: no further information
REQUEST		get all users request	1625993518955	1625993521001	KO	j.n.ConnectException: Connection refused: no further information
REQUEST		get all users request	1625993518956	1625993521002	KO	j.n.ConnectException: Connection refused: no further information
REQUEST		get all users request	1625993518955	1625993521002	KO	j.n.ConnectException: Connection refused: no further information
REQUEST		get all users request	1625993518955	1625993521002	KO	j.n.ConnectException: Connection refused: no further information
REQUEST		get all users request	1625993518955	1625993521002	KO	j.n.ConnectException: Connection refused: no further information
REQUEST		get all users request	1625993518955	1625993521001	KO	j.n.ConnectException: Connection refused: no further information
REQUEST		get all users request	1625993518955	1625993521002	KO	j.n.ConnectException: Connection refused: no further information
REQUEST		get all users request	1625993518955	1625993521002	KO	j.n.ConnectException: Connection refused: no further information
REQUEST		get all users request	1625993518957	1625993521002	KO	j.n.ConnectException: Connection refused: no further information
REQUEST		get all users request	1625993519395	1625993521444	KO	j.n.ConnectException: Connection refused: no further information
USER	Fixed Duration Load simulation	START	1625993521912
REQUEST		get all users request	1625993519896	1625993521943	KO	j.n.ConnectException: Connection refused: no further information
USER	Fixed Duration Load simulation	START	1625993522403
REQUEST		get all users request	1625993520394	1625993522419	KO	j.n.ConnectException: Connection refused: no further information
USER	Fixed Duration Load simulation	START	1625993522903
REQUEST		get all users request	1625993520907	1625993522935	KO	j.n.ConnectException: Connection refused: no further information
USER	Fixed Duration Load simulation	START	1625993523408
USER	Fixed Duration Load simulation	START	1625993523897
REQUEST		get all users request	1625993521913	1625993524015	KO	j.n.ConnectException: Connection refused: no further information
REQUEST		get all users request	1625993522404	1625993524430	KO	j.n.ConnectException: Connection refused: no further information
USER	Fixed Duration Load simulation	START	1625993524904
REQUEST		get all users request	1625993522904	1625993524920	KO	j.n.ConnectException: Connection refused: no further information
REQUEST		get single user request	1625993523031	1625993525047	KO	j.n.ConnectException: Connection refused: no further information
REQUEST		get single user request	1625993523031	1625993525047	KO	j.n.ConnectException: Connection refused: no further information
REQUEST		get single user request	1625993523032	1625993525047	KO	j.n.ConnectException: Connection refused: no further information
REQUEST		get single user request	1625993523032	1625993525062	KO	j.n.ConnectException: Connection refused: no further information
REQUEST		get single user request	1625993523031	1625993525063	KO	j.n.ConnectException: Connection refused: no further information
REQUEST		get single user request	1625993523032	1625993525063	KO	j.n.ConnectException: Connection refused: no further information
REQUEST		get single user request	1625993523032	1625993525063	KO	j.n.ConnectException: Connection refused: no further information
REQUEST		get single user request	1625993523033	1625993525063	KO	j.n.ConnectException: Connection refused: no further information
REQUEST		get single user request	1625993523032	1625993525078	KO	j.n.ConnectException: Connection refused: no further information
REQUEST		get single user request	1625993523032	1625993525078	KO	j.n.ConnectException: Connection refused: no further information
REQUEST		get single user request	1625993523032	1625993525078	KO	j.n.ConnectException: Connection refused: no further information
USER	Fixed Duration Load simulation	START	1625993525394
REQUEST		get all users request	1625993523408	1625993525442	KO	j.n.ConnectException: Connection refused: no further information
REQUEST		get single user request	1625993523456	1625993525504	KO	j.n.ConnectException: Connection refused: no further information
USER	Fixed Duration Load simulation	START	1625993525913
REQUEST		get single user request	1625993523982	1625993526052	KO	j.n.ConnectException: Connection refused: no further information
REQUEST		get all users request	1625993523927	1625993526066	KO	j.n.ConnectException: Connection refused: no further information
USER	Fixed Duration Load simulation	START	1625993526409
REQUEST		get single user request	1625993524430	1625993526456	KO	j.n.ConnectException: Connection refused: no further information
USER	Fixed Duration Load simulation	START	1625993526895
REQUEST		get all users request	1625993524905	1625993526927	KO	j.n.ConnectException: Connection refused: no further information
REQUEST		get single user request	1625993524936	1625993526959	KO	j.n.ConnectException: Connection refused: no further information
REQUEST		get all users request	1625993525394	1625993527430	KO	j.n.ConnectException: Connection refused: no further information
USER	Fixed Duration Load simulation	START	1625993527949
REQUEST		get all users request	1625993525913	1625993527949	KO	j.n.ConnectException: Connection refused: no further information
REQUEST		get single user request	1625993526021	1625993528113	KO	j.n.ConnectException: Connection refused: no further information
USER	Fixed Duration Load simulation	START	1625993528421
REQUEST		get all users request	1625993526410	1625993528438	KO	j.n.ConnectException: Connection refused: no further information
REQUEST		get single user request	1625993526439	1625993528454	KO	j.n.ConnectException: Connection refused: no further information
REQUEST		get all users request	1625993526895	1625993528918	KO	j.n.ConnectException: Connection refused: no further information
USER	Fixed Duration Load simulation	START	1625993528918
REQUEST		get single user request	1625993526927	1625993528949	KO	j.n.ConnectException: Connection refused: no further information
REQUEST		Add user request	1625993527054	1625993529087	KO	j.n.ConnectException: Connection refused: no further information
REQUEST		Add user request	1625993527054	1625993529088	KO	j.n.ConnectException: Connection refused: no further information
REQUEST		Add user request	1625993527054	1625993529088	KO	j.n.ConnectException: Connection refused: no further information
REQUEST		Add user request	1625993527068	1625993529088	KO	j.n.ConnectException: Connection refused: no further information
REQUEST		Add user request	1625993527067	1625993529088	KO	j.n.ConnectException: Connection refused: no further information
REQUEST		Add user request	1625993527067	1625993529087	KO	j.n.ConnectException: Connection refused: no further information
REQUEST		Add user request	1625993527068	1625993529088	KO	j.n.ConnectException: Connection refused: no further information
REQUEST		Add user request	1625993527067	1625993529103	KO	j.n.ConnectException: Connection refused: no further information
REQUEST		Add user request	1625993527083	1625993529103	KO	j.n.ConnectException: Connection refused: no further information
REQUEST		Add user request	1625993527083	1625993529103	KO	j.n.ConnectException: Connection refused: no further information
REQUEST		Add user request	1625993527083	1625993529103	KO	j.n.ConnectException: Connection refused: no further information
USER	Fixed Duration Load simulation	START	1625993529404
REQUEST		get single user request	1625993527446	1625993529467	KO	j.n.ConnectException: Connection refused: no further information
REQUEST		Add user request	1625993527509	1625993529545	KO	j.n.ConnectException: Connection refused: no further information
USER	Fixed Duration Load simulation	START	1625993529905
REQUEST		get all users request	1625993527950	1625993529969	KO	j.n.ConnectException: Connection refused: no further information
REQUEST		Add user request	1625993528112	1625993530154	KO	j.n.ConnectException: Connection refused: no further information
REQUEST		get single user request	1625993528113	1625993530170	KO	j.n.ConnectException: Connection refused: no further information
REQUEST		get all users request	1625993528422	1625993530442	KO	j.n.ConnectException: Connection refused: no further information
REQUEST		Add user request	1625993528469	1625993530490	KO	j.n.ConnectException: Connection refused: no further information
USER	Fixed Duration Load simulation	START	1625993530916
REQUEST		get all users request	1625993528919	1625993530946	KO	j.n.ConnectException: Connection refused: no further information
REQUEST		get single user request	1625993528934	1625993530946	KO	j.n.ConnectException: Connection refused: no further information
REQUEST		Add user request	1625993528964	1625993530993	KO	j.n.ConnectException: Connection refused: no further information
REQUEST		get all users request	1625993529089	1625993531103	KO	j.n.ConnectException: Connection refused: no further information
REQUEST		get all users request	1625993529089	1625993531103	KO	j.n.ConnectException: Connection refused: no further information
REQUEST		get all users request	1625993529090	1625993531103	KO	j.n.ConnectException: Connection refused: no further information
REQUEST		get all users request	1625993529089	1625993531103	KO	j.n.ConnectException: Connection refused: no further information
REQUEST		get all users request	1625993529089	1625993531103	KO	j.n.ConnectException: Connection refused: no further information
REQUEST		get all users request	1625993529089	1625993531103	KO	j.n.ConnectException: Connection refused: no further information
REQUEST		get all users request	1625993529089	1625993531103	KO	j.n.ConnectException: Connection refused: no further information
REQUEST		get all users request	1625993529104	1625993531118	KO	j.n.ConnectException: Connection refused: no further information
REQUEST		get all users request	1625993529104	1625993531119	KO	j.n.ConnectException: Connection refused: no further information
REQUEST		get all users request	1625993529104	1625993531118	KO	j.n.ConnectException: Connection refused: no further information
REQUEST		get all users request	1625993529104	1625993531119	KO	j.n.ConnectException: Connection refused: no further information
USER	Fixed Duration Load simulation	START	1625993531401
REQUEST		get all users request	1625993529405	1625993531433	KO	j.n.ConnectException: Connection refused: no further information
REQUEST		get single user request	1625993529435	1625993531449	KO	j.n.ConnectException: Connection refused: no further information
REQUEST		get all users request	1625993529547	1625993531588	KO	j.n.ConnectException: Connection refused: no further information
USER	Fixed Duration Load simulation	START	1625993531899
REQUEST		get all users request	1625993529906	1625993531930	KO	j.n.ConnectException: Connection refused: no further information
REQUEST		get single user request	1625993529968	1625993531991	KO	j.n.ConnectException: Connection refused: no further information
REQUEST		Add user request	1625993530139	1625993532162	KO	j.n.ConnectException: Connection refused: no further information
REQUEST		get all users request	1625993530156	1625993532179	KO	j.n.ConnectException: Connection refused: no further information
USER	Fixed Duration Load simulation	START	1625993532395
REQUEST		get single user request	1625993530442	1625993532472	KO	j.n.ConnectException: Connection refused: no further information
REQUEST		Add user request	1625993530458	1625993532487	KO	j.n.ConnectException: Connection refused: no further information
REQUEST		get all users request	1625993530491	1625993532519	KO	j.n.ConnectException: Connection refused: no further information
USER	Fixed Duration Load simulation	START	1625993532894
REQUEST		get all users request	1625993530916	1625993532957	KO	j.n.ConnectException: Connection refused: no further information
REQUEST		get single user request	1625993530930	1625993532972	KO	j.n.ConnectException: Connection refused: no further information
REQUEST		Add user request	1625993530961	1625993532988	KO	j.n.ConnectException: Connection refused: no further information
REQUEST		get all users request	1625993530994	1625993533035	KO	j.n.ConnectException: Connection refused: no further information
REQUEST		get all users request	1625993531402	1625993533440	KO	j.n.ConnectException: Connection refused: no further information
REQUEST		Add user request	1625993531480	1625993533533	KO	j.n.ConnectException: Connection refused: no further information
USER	Fixed Duration Load simulation	START	1625993533907
REQUEST		get all users request	1625993531899	1625993533938	KO	j.n.ConnectException: Connection refused: no further information
REQUEST		get single user request	1625993531976	1625993534016	KO	j.n.ConnectException: Connection refused: no further information
REQUEST		get all users request	1625993532164	1625993534219	KO	j.n.ConnectException: Connection refused: no further information
REQUEST		Add user request	1625993532178	1625993534235	KO	j.n.ConnectException: Connection refused: no further information
USER	Fixed Duration Load simulation	START	1625993534406
REQUEST		get all users request	1625993532396	1625993534454	KO	j.n.ConnectException: Connection refused: no further information
REQUEST		get single user request	1625993532458	1625993534514	KO	j.n.ConnectException: Connection refused: no further information
REQUEST		get all users request	1625993532488	1625993534545	KO	j.n.ConnectException: Connection refused: no further information
USER	Fixed Duration Load simulation	START	1625993534907
REQUEST		get all users request	1625993532895	1625993534938	KO	j.n.ConnectException: Connection refused: no further information
REQUEST		get single user request	1625993532957	1625993535000	KO	j.n.ConnectException: Connection refused: no further information
REQUEST		Add user request	1625993532957	1625993534999	KO	j.n.ConnectException: Connection refused: no further information
REQUEST		get all users request	1625993532989	1625993535046	KO	j.n.ConnectException: Connection refused: no further information
REQUEST		get single user request	1625993533112	1625993535171	KO	j.n.ConnectException: Connection refused: no further information
REQUEST		get single user request	1625993533113	1625993535170	KO	j.n.ConnectException: Connection refused: no further information
REQUEST		get single user request	1625993533113	1625993535171	KO	j.n.ConnectException: Connection refused: no further information
REQUEST		get single user request	1625993533112	1625993535170	KO	j.n.ConnectException: Connection refused: no further information
REQUEST		get single user request	1625993533113	1625993535171	KO	j.n.ConnectException: Connection refused: no further information
REQUEST		get single user request	1625993533112	1625993535171	KO	j.n.ConnectException: Connection refused: no further information
REQUEST		get single user request	1625993533112	1625993535170	KO	j.n.ConnectException: Connection refused: no further information
REQUEST		get single user request	1625993533128	1625993535186	KO	j.n.ConnectException: Connection refused: no further information
REQUEST		get single user request	1625993533128	1625993535187	KO	j.n.ConnectException: Connection refused: no further information
REQUEST		get single user request	1625993533128	1625993535186	KO	j.n.ConnectException: Connection refused: no further information
REQUEST		get single user request	1625993533128	1625993535187	KO	j.n.ConnectException: Connection refused: no further information
USER	Fixed Duration Load simulation	START	1625993535405
REQUEST		get single user request	1625993533440	1625993535483	KO	j.n.ConnectException: Connection refused: no further information
REQUEST		Add user request	1625993533455	1625993535499	KO	j.n.ConnectException: Connection refused: no further information
REQUEST		get all users request	1625993533534	1625993535577	KO	j.n.ConnectException: Connection refused: no further information
REQUEST		get single user request	1625993533596	1625993535639	KO	j.n.ConnectException: Connection refused: no further information
USER	Fixed Duration Load simulation	START	1625993535904
REQUEST		get all users request	1625993533908	1625993535950	KO	j.n.ConnectException: Connection refused: no further information
REQUEST		get single user request	1625993533938	1625993535981	KO	j.n.ConnectException: Connection refused: no further information
REQUEST		Add user request	1625993534001	1625993536029	KO	j.n.ConnectException: Connection refused: no further information
REQUEST		get single user request	1625993534189	1625993536216	KO	j.n.ConnectException: Connection refused: no further information
REQUEST		get all users request	1625993534236	1625993536280	KO	j.n.ConnectException: Connection refused: no further information
REQUEST		get all users request	1625993534407	1625993536451	KO	j.n.ConnectException: Connection refused: no further information
REQUEST		Add user request	1625993534485	1625993536545	KO	j.n.ConnectException: Connection refused: no further information
REQUEST		get single user request	1625993534530	1625993536575	KO	j.n.ConnectException: Connection refused: no further information
USER	Fixed Duration Load simulation	START	1625993536902
REQUEST		get all users request	1625993534908	1625993536950	KO	j.n.ConnectException: Connection refused: no further information
REQUEST		get single user request	1625993534969	1625993537011	KO	j.n.ConnectException: Connection refused: no further information
REQUEST		Add user request	1625993534985	1625993537042	KO	j.n.ConnectException: Connection refused: no further information
REQUEST		get all users request	1625993535000	1625993537058	KO	j.n.ConnectException: Connection refused: no further information
REQUEST		get single user request	1625993535046	1625993537089	KO	j.n.ConnectException: Connection refused: no further information
USER	Fixed Duration Load simulation	START	1625993537402
REQUEST		get all users request	1625993535406	1625993537434	KO	j.n.ConnectException: Connection refused: no further information
REQUEST		get single user request	1625993535453	1625993537481	KO	j.n.ConnectException: Connection refused: no further information
REQUEST		get all users request	1625993535500	1625993537544	KO	j.n.ConnectException: Connection refused: no further information
USER	Fixed Duration Load simulation	START	1625993537903
REQUEST		get all users request	1625993535904	1625993537935	KO	j.n.ConnectException: Connection refused: no further information
REQUEST		get single user request	1625993535950	1625993537966	KO	j.n.ConnectException: Connection refused: no further information
REQUEST		get all users request	1625993536030	1625993538075	KO	j.n.ConnectException: Connection refused: no further information
REQUEST		Add user request	1625993536029	1625993538074	KO	j.n.ConnectException: Connection refused: no further information
REQUEST		get single user request	1625993536232	1625993538278	KO	j.n.ConnectException: Connection refused: no further information
USER	Fixed Duration Load simulation	START	1625993538405
REQUEST		get single user request	1625993536467	1625993538482	KO	j.n.ConnectException: Connection refused: no further information
REQUEST		Add user request	1625993536528	1625993538559	KO	j.n.ConnectException: Connection refused: no further information
REQUEST		get all users request	1625993536546	1625993538590	KO	j.n.ConnectException: Connection refused: no further information
REQUEST		get single user request	1625993536559	1625993538605	KO	j.n.ConnectException: Connection refused: no further information
USER	Fixed Duration Load simulation	START	1625993538901
REQUEST		get all users request	1625993536903	1625993538933	KO	j.n.ConnectException: Connection refused: no further information
REQUEST		get single user request	1625993536950	1625993538979	KO	j.n.ConnectException: Connection refused: no further information
REQUEST		Add user request	1625993537012	1625993539057	KO	j.n.ConnectException: Connection refused: no further information
REQUEST		get single user request	1625993537058	1625993539103	KO	j.n.ConnectException: Connection refused: no further information
REQUEST		get all users request	1625993537043	1625993539103	KO	j.n.ConnectException: Connection refused: no further information
REQUEST		Add user request	1625993537183	1625993539213	KO	j.n.ConnectException: Connection refused: no further information
REQUEST		Add user request	1625993537183	1625993539213	KO	j.n.ConnectException: Connection refused: no further information
REQUEST		Add user request	1625993537183	1625993539229	KO	j.n.ConnectException: Connection refused: no further information
REQUEST		Add user request	1625993537183	1625993539229	KO	j.n.ConnectException: Connection refused: no further information
REQUEST		Add user request	1625993537183	1625993539229	KO	j.n.ConnectException: Connection refused: no further information
REQUEST		Add user request	1625993537183	1625993539229	KO	j.n.ConnectException: Connection refused: no further information
REQUEST		Add user request	1625993537183	1625993539230	KO	j.n.ConnectException: Connection refused: no further information
REQUEST		Add user request	1625993537199	1625993539245	KO	j.n.ConnectException: Connection refused: no further information
REQUEST		Add user request	1625993537199	1625993539245	KO	j.n.ConnectException: Connection refused: no further information
REQUEST		Add user request	1625993537199	1625993539245	KO	j.n.ConnectException: Connection refused: no further information
REQUEST		Add user request	1625993537199	1625993539245	KO	j.n.ConnectException: Connection refused: no further information
REQUEST		get all users request	1625993537403	1625993539434	KO	j.n.ConnectException: Connection refused: no further information
REQUEST		Add user request	1625993537497	1625993539541	KO	j.n.ConnectException: Connection refused: no further information
REQUEST		get single user request	1625993537592	1625993539650	KO	j.n.ConnectException: Connection refused: no further information
REQUEST		Add user request	1625993537654	1625993539697	KO	j.n.ConnectException: Connection refused: no further information
USER	Fixed Duration Load simulation	START	1625993539898
REQUEST		get all users request	1625993537904	1625993539945	KO	j.n.ConnectException: Connection refused: no further information
REQUEST		get single user request	1625993537966	1625993539992	KO	j.n.ConnectException: Connection refused: no further information
REQUEST		Add user request	1625993537997	1625993540054	KO	j.n.ConnectException: Connection refused: no further information
REQUEST		get all users request	1625993538075	1625993540116	KO	j.n.ConnectException: Connection refused: no further information
REQUEST		Add user request	1625993538230	1625993540289	KO	j.n.ConnectException: Connection refused: no further information
REQUEST		get single user request	1625993538294	1625993540336	KO	j.n.ConnectException: Connection refused: no further information
USER	Fixed Duration Load simulation	START	1625993540397
REQUEST		get all users request	1625993538405	1625993540444	KO	j.n.ConnectException: Connection refused: no further information
REQUEST		get single user request	1625993538468	1625993540507	KO	j.n.ConnectException: Connection refused: no further information
REQUEST		get all users request	1625993538560	1625993540586	KO	j.n.ConnectException: Connection refused: no further information
REQUEST		Add user request	1625993538590	1625993540631	KO	j.n.ConnectException: Connection refused: no further information
USER	Fixed Duration Load simulation	START	1625993540894
REQUEST		get all users request	1625993538901	1625993540955	KO	j.n.ConnectException: Connection refused: no further information
REQUEST		get single user request	1625993538964	1625993541019	KO	j.n.ConnectException: Connection refused: no further information
REQUEST		Add user request	1625993539026	1625993541081	KO	j.n.ConnectException: Connection refused: no further information
REQUEST		get all users request	1625993539058	1625993541097	KO	j.n.ConnectException: Connection refused: no further information
REQUEST		get single user request	1625993539073	1625993541128	KO	j.n.ConnectException: Connection refused: no further information
REQUEST		Add user request	1625993539103	1625993541159	KO	j.n.ConnectException: Connection refused: no further information
REQUEST		get all users request	1625993539214	1625993541253	KO	j.n.ConnectException: Connection refused: no further information
REQUEST		get all users request	1625993539230	1625993541268	KO	j.n.ConnectException: Connection refused: no further information
REQUEST		get all users request	1625993539214	1625993541268	KO	j.n.ConnectException: Connection refused: no further information
REQUEST		get all users request	1625993539230	1625993541284	KO	j.n.ConnectException: Connection refused: no further information
REQUEST		get all users request	1625993539231	1625993541284	KO	j.n.ConnectException: Connection refused: no further information
REQUEST		get all users request	1625993539230	1625993541284	KO	j.n.ConnectException: Connection refused: no further information
REQUEST		get all users request	1625993539230	1625993541284	KO	j.n.ConnectException: Connection refused: no further information
REQUEST		get all users request	1625993539246	1625993541300	KO	j.n.ConnectException: Connection refused: no further information
REQUEST		get all users request	1625993539246	1625993541300	KO	j.n.ConnectException: Connection refused: no further information
REQUEST		get all users request	1625993539246	1625993541300	KO	j.n.ConnectException: Connection refused: no further information
REQUEST		get all users request	1625993539246	1625993541300	KO	j.n.ConnectException: Connection refused: no further information
USER	Fixed Duration Load simulation	START	1625993541393
REQUEST		get single user request	1625993539449	1625993541501	KO	j.n.ConnectException: Connection refused: no further information
REQUEST		Add user request	1625993539495	1625993541532	KO	j.n.ConnectException: Connection refused: no further information
REQUEST		get all users request	1625993539542	1625993541578	KO	j.n.ConnectException: Connection refused: no further information
REQUEST		get single user request	1625993539557	1625993541594	KO	j.n.ConnectException: Connection refused: no further information
REQUEST		get all users request	1625993539698	1625993541751	KO	j.n.ConnectException: Connection refused: no further information
USER	Fixed Duration Load simulation	START	1625993541906
REQUEST		get all users request	1625993539899	1625993541953	KO	j.n.ConnectException: Connection refused: no further information
REQUEST		get single user request	1625993539945	1625993541999	KO	j.n.ConnectException: Connection refused: no further information
REQUEST		Add user request	1625993539976	1625993542030	KO	j.n.ConnectException: Connection refused: no further information
REQUEST		get all users request	1625993540055	1625993542108	KO	j.n.ConnectException: Connection refused: no further information
REQUEST		get single user request	1625993540086	1625993542140	KO	j.n.ConnectException: Connection refused: no further information
REQUEST		get all users request	1625993540290	1625993542343	KO	j.n.ConnectException: Connection refused: no further information
REQUEST		Add user request	1625993540289	1625993542343	KO	j.n.ConnectException: Connection refused: no further information
REQUEST		get all users request	1625993540398	1625993542452	KO	j.n.ConnectException: Connection refused: no further information
REQUEST		Add user request	1625993540491	1625993542546	KO	j.n.ConnectException: Connection refused: no further information
REQUEST		get single user request	1625993540601	1625993542639	KO	j.n.ConnectException: Connection refused: no further information
REQUEST		Add user request	1625993540616	1625993542656	KO	j.n.ConnectException: Connection refused: no further information
REQUEST		get all users request	1625993540632	1625993542686	KO	j.n.ConnectException: Connection refused: no further information
USER	Fixed Duration Load simulation	START	1625993542920
REQUEST		get all users request	1625993540895	1625993542967	KO	j.n.ConnectException: Connection refused: no further information
REQUEST		get single user request	1625993540940	1625993542983	KO	j.n.ConnectException: Connection refused: no further information
REQUEST		Add user request	1625993540987	1625993543045	KO	j.n.ConnectException: Connection refused: no further information
REQUEST		get all users request	1625993541082	1625993543122	KO	j.n.ConnectException: Connection refused: no further information
REQUEST		Add user request	1625993541112	1625993543154	KO	j.n.ConnectException: Connection refused: no further information
REQUEST		get single user request	1625993541112	1625993543169	KO	j.n.ConnectException: Connection refused: no further information
REQUEST		get all users request	1625993541160	1625993543200	KO	j.n.ConnectException: Connection refused: no further information
USER	Fixed Duration Load simulation	START	1625993543403
REQUEST		get all users request	1625993541394	1625993543450	KO	j.n.ConnectException: Connection refused: no further information
REQUEST		get single user request	1625993541440	1625993543481	KO	j.n.ConnectException: Connection refused: no further information
REQUEST		get all users request	1625993541533	1625993543591	KO	j.n.ConnectException: Connection refused: no further information
REQUEST		Add user request	1625993541657	1625993543685	KO	j.n.ConnectException: Connection refused: no further information
USER	Fixed Duration Load simulation	START	1625993543903
REQUEST		get all users request	1625993541906	1625993543965	KO	j.n.ConnectException: Connection refused: no further information
REQUEST		get single user request	1625993541953	1625993544011	KO	j.n.ConnectException: Connection refused: no further information
REQUEST		Add user request	1625993542000	1625993544058	KO	j.n.ConnectException: Connection refused: no further information
REQUEST		get all users request	1625993542032	1625993544089	KO	j.n.ConnectException: Connection refused: no further information
REQUEST		get single user request	1625993542124	1625993544167	KO	j.n.ConnectException: Connection refused: no further information
REQUEST		Add user request	1625993542343	1625993544386	KO	j.n.ConnectException: Connection refused: no further information
REQUEST		get all users request	1625993542344	1625993544386	KO	j.n.ConnectException: Connection refused: no further information
USER	Fixed Duration Load simulation	START	1625993544402
REQUEST		get single user request	1625993542452	1625993544497	KO	j.n.ConnectException: Connection refused: no further information
REQUEST		Add user request	1625993542515	1625993544559	KO	j.n.ConnectException: Connection refused: no further information
REQUEST		get all users request	1625993542547	1625993544591	KO	j.n.ConnectException: Connection refused: no further information
REQUEST		get single user request	1625993542593	1625993544638	KO	j.n.ConnectException: Connection refused: no further information
REQUEST		get all users request	1625993542657	1625993544699	KO	j.n.ConnectException: Connection refused: no further information
USER	Fixed Duration Load simulation	START	1625993544917
REQUEST		get all users request	1625993542920	1625993544963	KO	j.n.ConnectException: Connection refused: no further information
REQUEST		get single user request	1625993542967	1625993545011	KO	j.n.ConnectException: Connection refused: no further information
REQUEST		Add user request	1625993543029	1625993545073	KO	j.n.ConnectException: Connection refused: no further information
REQUEST		get all users request	1625993543046	1625993545089	KO	j.n.ConnectException: Connection refused: no further information
REQUEST		get single user request	1625993543106	1625993545150	KO	j.n.ConnectException: Connection refused: no further information
REQUEST		get all users request	1625993543155	1625993545182	KO	j.n.ConnectException: Connection refused: no further information
REQUEST		Add user request	1625993543138	1625993545188	KO	j.n.ConnectException: Connection refused: no further information
REQUEST		get single user request	1625993543262	1625993545307	KO	j.n.ConnectException: Connection refused: no further information
REQUEST		get single user request	1625993543278	1625993545322	KO	j.n.ConnectException: Connection refused: no further information
REQUEST		get single user request	1625993543278	1625993545322	KO	j.n.ConnectException: Connection refused: no further information
REQUEST		get single user request	1625993543294	1625993545338	KO	j.n.ConnectException: Connection refused: no further information
REQUEST		get single user request	1625993543294	1625993545353	KO	j.n.ConnectException: Connection refused: no further information
REQUEST		get single user request	1625993543294	1625993545353	KO	j.n.ConnectException: Connection refused: no further information
REQUEST		get single user request	1625993543294	1625993545357	KO	j.n.ConnectException: Connection refused: no further information
REQUEST		get single user request	1625993543309	1625993545369	KO	j.n.ConnectException: Connection refused: no further information
REQUEST		get single user request	1625993543309	1625993545369	KO	j.n.ConnectException: Connection refused: no further information
REQUEST		get single user request	1625993543309	1625993545369	KO	j.n.ConnectException: Connection refused: no further information
REQUEST		get single user request	1625993543309	1625993545369	KO	j.n.ConnectException: Connection refused: no further information
REQUEST		get all users request	1625993543404	1625993545449	KO	j.n.ConnectException: Connection refused: no further information
REQUEST		Add user request	1625993543512	1625993545543	KO	j.n.ConnectException: Connection refused: no further information
REQUEST		Add user request	1625993543606	1625993545636	KO	j.n.ConnectException: Connection refused: no further information
REQUEST		get single user request	1625993543591	1625993545651	KO	j.n.ConnectException: Connection refused: no further information
REQUEST		get all users request	1625993543686	1625993545743	KO	j.n.ConnectException: Connection refused: no further information
REQUEST		get single user request	1625993543763	1625993545823	KO	j.n.ConnectException: Connection refused: no further information
USER	Fixed Duration Load simulation	START	1625993545902
REQUEST		get all users request	1625993543904	1625993545934	KO	j.n.ConnectException: Connection refused: no further information
REQUEST		get single user request	1625993543965	1625993545997	KO	j.n.ConnectException: Connection refused: no further information
REQUEST		Add user request	1625993544011	1625993546044	KO	j.n.ConnectException: Connection refused: no further information
REQUEST		get all users request	1625993544059	1625993546092	KO	j.n.ConnectException: Connection refused: no further information
REQUEST		get single user request	1625993544121	1625993546155	KO	j.n.ConnectException: Connection refused: no further information
REQUEST		Add user request	1625993544151	1625993546187	KO	j.n.ConnectException: Connection refused: no further information
REQUEST		get single user request	1625993544355	1625993546389	KO	j.n.ConnectException: Connection refused: no further information
USER	Fixed Duration Load simulation	START	1625993546405
REQUEST		get all users request	1625993544387	1625993546421	KO	j.n.ConnectException: Connection refused: no further information
REQUEST		get all users request	1625993544402	1625993546421	KO	j.n.ConnectException: Connection refused: no further information
REQUEST		get single user request	1625993544465	1625993546485	KO	j.n.ConnectException: Connection refused: no further information
REQUEST		get all users request	1625993544560	1625993546580	KO	j.n.ConnectException: Connection refused: no further information
REQUEST		Add user request	1625993544653	1625993546688	KO	j.n.ConnectException: Connection refused: no further information
REQUEST		get single user request	1625993544699	1625993546720	KO	j.n.ConnectException: Connection refused: no further information
USER	Fixed Duration Load simulation	START	1625993546895
REQUEST		get all users request	1625993544918	1625993546944	KO	j.n.ConnectException: Connection refused: no further information
REQUEST		get single user request	1625993544978	1625993546991	KO	j.n.ConnectException: Connection refused: no further information
REQUEST		Add user request	1625993544995	1625993547023	KO	j.n.ConnectException: Connection refused: no further information
REQUEST		get all users request	1625993545073	1625993547103	KO	j.n.ConnectException: Connection refused: no further information
REQUEST		get single user request	1625993545136	1625993547167	KO	j.n.ConnectException: Connection refused: no further information
REQUEST		get all users request	1625993545188	1625993547215	KO	j.n.ConnectException: Connection refused: no further information
REQUEST		Add user request	1625993545183	1625993547214	KO	j.n.ConnectException: Connection refused: no further information
REQUEST		get single user request	1625993545214	1625993547245	KO	j.n.ConnectException: Connection refused: no further information
USER	Fixed Duration Load simulation	START	1625993547403
REQUEST		get single user request	1625993545465	1625993547496	KO	j.n.ConnectException: Connection refused: no further information
REQUEST		Add user request	1625993545496	1625993547528	KO	j.n.ConnectException: Connection refused: no further information
REQUEST		get all users request	1625993545544	1625993547574	KO	j.n.ConnectException: Connection refused: no further information
REQUEST		get single user request	1625993545605	1625993547620	KO	j.n.ConnectException: Connection refused: no further information
REQUEST		get all users request	1625993545637	1625993547652	KO	j.n.ConnectException: Connection refused: no further information
USER	Fixed Duration Load simulation	START	1625993547904
REQUEST		get all users request	1625993545903	1625993547920	KO	j.n.ConnectException: Connection refused: no further information
REQUEST		get single user request	1625993545982	1625993548011	KO	j.n.ConnectException: Connection refused: no further information
REQUEST		Add user request	1625993546028	1625993548057	KO	j.n.ConnectException: Connection refused: no further information
REQUEST		get all users request	1625993546045	1625993548111	KO	j.n.ConnectException: Connection refused: no further information
REQUEST		get single user request	1625993546092	1625993548122	KO	j.n.ConnectException: Connection refused: no further information
REQUEST		Add user request	1625993546170	1625993548229	KO	j.n.ConnectException: Connection refused: no further information
REQUEST		get all users request	1625993546188	1625993548234	KO	j.n.ConnectException: Connection refused: no further information
REQUEST		get single user request	1625993546389	1625993548416	KO	j.n.ConnectException: Connection refused: no further information
REQUEST		get all users request	1625993546405	1625993548432	KO	j.n.ConnectException: Connection refused: no further information
REQUEST		Add user request	1625993546500	1625993548558	KO	j.n.ConnectException: Connection refused: no further information
REQUEST		get single user request	1625993546595	1625993548620	KO	j.n.ConnectException: Connection refused: no further information
REQUEST		Add user request	1625993546642	1625993548683	KO	j.n.ConnectException: Connection refused: no further information
REQUEST		get all users request	1625993546689	1625993548729	KO	j.n.ConnectException: Connection refused: no further information
REQUEST		get single user request	1625993546704	1625993548745	KO	j.n.ConnectException: Connection refused: no further information
REQUEST		get all users request	1625993546895	1625993548917	KO	j.n.ConnectException: Connection refused: no further information
REQUEST		get single user request	1625993546975	1625993549010	KO	j.n.ConnectException: Connection refused: no further information
REQUEST		get all users request	1625993547024	1625993549058	KO	j.n.ConnectException: Connection refused: no further information
REQUEST		Add user request	1625993547023	1625993549073	KO	j.n.ConnectException: Connection refused: no further information
REQUEST		get single user request	1625993547103	1625993549122	KO	j.n.ConnectException: Connection refused: no further information
REQUEST		Add user request	1625993547168	1625993549231	KO	j.n.ConnectException: Connection refused: no further information
REQUEST		get all users request	1625993547215	1625993549246	KO	j.n.ConnectException: Connection refused: no further information
REQUEST		get single user request	1625993547199	1625993549246	KO	j.n.ConnectException: Connection refused: no further information
REQUEST		Add user request	1625993547309	1625993549353	KO	j.n.ConnectException: Connection refused: no further information
REQUEST		Add user request	1625993547341	1625993549369	KO	j.n.ConnectException: Connection refused: no further information
REQUEST		Add user request	1625993547325	1625993549369	KO	j.n.ConnectException: Connection refused: no further information
REQUEST		Add user request	1625993547325	1625993549384	KO	j.n.ConnectException: Connection refused: no further information
REQUEST		Add user request	1625993547357	1625993549400	KO	j.n.ConnectException: Connection refused: no further information
REQUEST		Add user request	1625993547357	1625993549416	KO	j.n.ConnectException: Connection refused: no further information
REQUEST		Add user request	1625993547372	1625993549416	KO	j.n.ConnectException: Connection refused: no further information
REQUEST		Add user request	1625993547372	1625993549417	KO	j.n.ConnectException: Connection refused: no further information
REQUEST		Add user request	1625993547372	1625993549417	KO	j.n.ConnectException: Connection refused: no further information
REQUEST		Add user request	1625993547372	1625993549417	KO	j.n.ConnectException: Connection refused: no further information
REQUEST		Add user request	1625993547372	1625993549416	KO	j.n.ConnectException: Connection refused: no further information
REQUEST		get all users request	1625993547404	1625993549432	KO	j.n.ConnectException: Connection refused: no further information
REQUEST		get single user request	1625993547465	1625993549510	KO	j.n.ConnectException: Connection refused: no further information
REQUEST		get all users request	1625993547529	1625993549573	KO	j.n.ConnectException: Connection refused: no further information
REQUEST		Add user request	1625993547652	1625993549699	KO	j.n.ConnectException: Connection refused: no further information
REQUEST		get single user request	1625993547746	1625993549777	KO	j.n.ConnectException: Connection refused: no further information
REQUEST		Add user request	1625993547825	1625993549857	KO	j.n.ConnectException: Connection refused: no further information
REQUEST		get all users request	1625993547904	1625993549936	KO	j.n.ConnectException: Connection refused: no further information
REQUEST		get single user request	1625993547949	1625993549999	KO	j.n.ConnectException: Connection refused: no further information
REQUEST		Add user request	1625993548011	1625993550047	KO	j.n.ConnectException: Connection refused: no further information
REQUEST		get all users request	1625993548058	1625993550111	KO	j.n.ConnectException: Connection refused: no further information
REQUEST		get single user request	1625993548111	1625993550143	KO	j.n.ConnectException: Connection refused: no further information
REQUEST		Add user request	1625993548196	1625993550239	KO	j.n.ConnectException: Connection refused: no further information
REQUEST		get all users request	1625993548229	1625993550255	KO	j.n.ConnectException: Connection refused: no further information
REQUEST		Add user request	1625993548400	1625993550444	KO	j.n.ConnectException: Connection refused: no further information
REQUEST		get single user request	1625993548432	1625993550460	KO	j.n.ConnectException: Connection refused: no further information
REQUEST		get single user request	1625993548432	1625993550460	KO	j.n.ConnectException: Connection refused: no further information
REQUEST		Add user request	1625993548495	1625993550554	KO	j.n.ConnectException: Connection refused: no further information
REQUEST		get all users request	1625993548558	1625993550600	KO	j.n.ConnectException: Connection refused: no further information
REQUEST		get single user request	1625993548590	1625993550632	KO	j.n.ConnectException: Connection refused: no further information
REQUEST		get all users request	1625993548684	1625993550727	KO	j.n.ConnectException: Connection refused: no further information
REQUEST		Add user request	1625993548728	1625993550757	KO	j.n.ConnectException: Connection refused: no further information
REQUEST		get single user request	1625993548947	1625993550979	KO	j.n.ConnectException: Connection refused: no further information
REQUEST		Add user request	1625993548995	1625993551026	KO	j.n.ConnectException: Connection refused: no further information
REQUEST		get all users request	1625993549074	1625993551103	KO	j.n.ConnectException: Connection refused: no further information
REQUEST		get single user request	1625993549106	1625993551135	KO	j.n.ConnectException: Connection refused: no further information
REQUEST		Add user request	1625993549169	1625993551197	KO	j.n.ConnectException: Connection refused: no further information
REQUEST		get all users request	1625993549231	1625993551260	KO	j.n.ConnectException: Connection refused: no further information
REQUEST		get single user request	1625993549231	1625993551260	KO	j.n.ConnectException: Connection refused: no further information
REQUEST		Add user request	1625993549260	1625993551290	KO	j.n.ConnectException: Connection refused: no further information
REQUEST		get all users request	1625993549353	1625993551371	KO	j.n.ConnectException: Connection refused: no further information
REQUEST		get all users request	1625993549369	1625993551387	KO	j.n.ConnectException: Connection refused: no further information
REQUEST		get all users request	1625993549369	1625993551387	KO	j.n.ConnectException: Connection refused: no further information
REQUEST		get all users request	1625993549385	1625993551403	KO	j.n.ConnectException: Connection refused: no further information
REQUEST		get all users request	1625993549401	1625993551419	KO	j.n.ConnectException: Connection refused: no further information
REQUEST		get all users request	1625993549417	1625993551435	KO	j.n.ConnectException: Connection refused: no further information
REQUEST		get all users request	1625993549417	1625993551435	KO	j.n.ConnectException: Connection refused: no further information
REQUEST		get all users request	1625993549417	1625993551435	KO	j.n.ConnectException: Connection refused: no further information
REQUEST		get all users request	1625993549417	1625993551435	KO	j.n.ConnectException: Connection refused: no further information
REQUEST		get all users request	1625993549417	1625993551436	KO	j.n.ConnectException: Connection refused: no further information
REQUEST		get all users request	1625993549417	1625993551450	KO	j.n.ConnectException: Connection refused: no further information
REQUEST		Add user request	1625993549510	1625993551530	KO	j.n.ConnectException: Connection refused: no further information
REQUEST		get single user request	1625993549588	1625993551609	KO	j.n.ConnectException: Connection refused: no further information
REQUEST		Add user request	1625993549635	1625993551657	KO	j.n.ConnectException: Connection refused: no further information
REQUEST		get single user request	1625993549667	1625993551689	KO	j.n.ConnectException: Connection refused: no further information
REQUEST		get all users request	1625993549699	1625993551721	KO	j.n.ConnectException: Connection refused: no further information
REQUEST		get all users request	1625993549857	1625993551878	KO	j.n.ConnectException: Connection refused: no further information
REQUEST		get single user request	1625993549936	1625993551957	KO	j.n.ConnectException: Connection refused: no further information
REQUEST		Add user request	1625993550015	1625993552034	KO	j.n.ConnectException: Connection refused: no further information
REQUEST		get all users request	1625993550048	1625993552065	KO	j.n.ConnectException: Connection refused: no further information
REQUEST		get single user request	1625993550127	1625993552145	KO	j.n.ConnectException: Connection refused: no further information
REQUEST		Add user request	1625993550127	1625993552145	KO	j.n.ConnectException: Connection refused: no further information
REQUEST		get all users request	1625993550239	1625993552255	KO	j.n.ConnectException: Connection refused: no further information
REQUEST		get single user request	1625993550239	1625993552254	KO	j.n.ConnectException: Connection refused: no further information
REQUEST		Add user request	1625993550429	1625993552443	KO	j.n.ConnectException: Connection refused: no further information
REQUEST		get single user request	1625993550445	1625993552458	KO	j.n.ConnectException: Connection refused: no further information
REQUEST		get all users request	1625993550445	1625993552458	KO	j.n.ConnectException: Connection refused: no further information
REQUEST		get all users request	1625993550555	1625993552596	KO	j.n.ConnectException: Connection refused: no further information
REQUEST		Add user request	1625993550632	1625993552659	KO	j.n.ConnectException: Connection refused: no further information
REQUEST		get single user request	1625993550742	1625993552767	KO	j.n.ConnectException: Connection refused: no further information
REQUEST		get all users request	1625993550758	1625993552782	KO	j.n.ConnectException: Connection refused: no further information
REQUEST		Add user request	1625993550758	1625993552782	KO	j.n.ConnectException: Connection refused: no further information
REQUEST		get single user request	1625993550931	1625993552954	KO	j.n.ConnectException: Connection refused: no further information
REQUEST		get all users request	1625993551027	1625993553046	KO	j.n.ConnectException: Connection refused: no further information
REQUEST		Add user request	1625993551026	1625993553046	KO	j.n.ConnectException: Connection refused: no further information
REQUEST		get single user request	1625993551072	1625993553110	KO	j.n.ConnectException: Connection refused: no further information
REQUEST		Add user request	1625993551135	1625993553173	KO	j.n.ConnectException: Connection refused: no further information
REQUEST		get all users request	1625993551197	1625993553222	KO	j.n.ConnectException: Connection refused: no further information
REQUEST		Add user request	1625993551260	1625993553284	KO	j.n.ConnectException: Connection refused: no further information
REQUEST		get single user request	1625993551260	1625993553284	KO	j.n.ConnectException: Connection refused: no further information
REQUEST		get all users request	1625993551291	1625993553315	KO	j.n.ConnectException: Connection refused: no further information
REQUEST		get single user request	1625993551435	1625993553458	KO	j.n.ConnectException: Connection refused: no further information
REQUEST		Add user request	1625993551515	1625993553537	KO	j.n.ConnectException: Connection refused: no further information
REQUEST		get all users request	1625993551531	1625993553553	KO	j.n.ConnectException: Connection refused: no further information
REQUEST		get single user request	1625993551578	1625993553599	KO	j.n.ConnectException: Connection refused: no further information
REQUEST		get all users request	1625993551658	1625993553693	KO	j.n.ConnectException: Connection refused: no further information
REQUEST		Add user request	1625993551785	1625993553822	KO	j.n.ConnectException: Connection refused: no further information
REQUEST		get single user request	1625993551942	1625993553978	KO	j.n.ConnectException: Connection refused: no further information
REQUEST		Add user request	1625993552004	1625993554042	KO	j.n.ConnectException: Connection refused: no further information
REQUEST		get all users request	1625993552035	1625993554074	KO	j.n.ConnectException: Connection refused: no further information
REQUEST		get single user request	1625993552113	1625993554154	KO	j.n.ConnectException: Connection refused: no further information
REQUEST		get all users request	1625993552146	1625993554185	KO	j.n.ConnectException: Connection refused: no further information
REQUEST		Add user request	1625993552145	1625993554185	KO	j.n.ConnectException: Connection refused: no further information
REQUEST		get single user request	1625993552270	1625993554293	KO	j.n.ConnectException: Connection refused: no further information
REQUEST		get all users request	1625993552444	1625993554466	KO	j.n.ConnectException: Connection refused: no further information
REQUEST		Add user request	1625993552473	1625993554497	KO	j.n.ConnectException: Connection refused: no further information
REQUEST		Add user request	1625993552473	1625993554497	KO	j.n.ConnectException: Connection refused: no further information
REQUEST		get single user request	1625993552612	1625993554651	KO	j.n.ConnectException: Connection refused: no further information
REQUEST		Add user request	1625993552644	1625993554682	KO	j.n.ConnectException: Connection refused: no further information
REQUEST		get all users request	1625993552660	1625993554698	KO	j.n.ConnectException: Connection refused: no further information
REQUEST		get single user request	1625993552736	1625993554775	KO	j.n.ConnectException: Connection refused: no further information
REQUEST		get all users request	1625993552783	1625993554822	KO	j.n.ConnectException: Connection refused: no further information
REQUEST		Add user request	1625993552984	1625993555009	KO	j.n.ConnectException: Connection refused: no further information
REQUEST		get all users request	1625993553047	1625993555088	KO	j.n.ConnectException: Connection refused: no further information
REQUEST		get single user request	1625993553110	1625993555149	KO	j.n.ConnectException: Connection refused: no further information
REQUEST		Add user request	1625993553142	1625993555182	KO	j.n.ConnectException: Connection refused: no further information
REQUEST		get all users request	1625993553174	1625993555228	KO	j.n.ConnectException: Connection refused: no further information
REQUEST		get single user request	1625993553268	1625993555306	KO	j.n.ConnectException: Connection refused: no further information
REQUEST		get all users request	1625993553284	1625993555306	KO	j.n.ConnectException: Connection refused: no further information
REQUEST		Add user request	1625993553268	1625993555306	KO	j.n.ConnectException: Connection refused: no further information
REQUEST		get single user request	1625993553379	1625993555414	KO	j.n.ConnectException: Connection refused: no further information
REQUEST		get single user request	1625993553395	1625993555430	KO	j.n.ConnectException: Connection refused: no further information
REQUEST		get single user request	1625993553395	1625993555430	KO	j.n.ConnectException: Connection refused: no further information
REQUEST		get single user request	1625993553411	1625993555445	KO	j.n.ConnectException: Connection refused: no further information
REQUEST		get single user request	1625993553426	1625993555477	KO	j.n.ConnectException: Connection refused: no further information
REQUEST		get single user request	1625993553443	1625993555477	KO	j.n.ConnectException: Connection refused: no further information
REQUEST		get single user request	1625993553443	1625993555477	KO	j.n.ConnectException: Connection refused: no further information
REQUEST		get single user request	1625993553443	1625993555478	KO	j.n.ConnectException: Connection refused: no further information
REQUEST		get single user request	1625993553442	1625993555478	KO	j.n.ConnectException: Connection refused: no further information
REQUEST		get single user request	1625993553443	1625993555477	KO	j.n.ConnectException: Connection refused: no further information
REQUEST		get single user request	1625993553458	1625993555478	KO	j.n.ConnectException: Connection refused: no further information
REQUEST		get all users request	1625993553538	1625993555570	KO	j.n.ConnectException: Connection refused: no further information
REQUEST		Add user request	1625993553615	1625993555664	KO	j.n.ConnectException: Connection refused: no further information
REQUEST		Add user request	1625993553693	1625993555741	KO	j.n.ConnectException: Connection refused: no further information
REQUEST		get single user request	1625993553724	1625993555773	KO	j.n.ConnectException: Connection refused: no further information
REQUEST		get all users request	1625993553822	1625993555865	KO	j.n.ConnectException: Connection refused: no further information
REQUEST		get single user request	1625993553882	1625993555927	KO	j.n.ConnectException: Connection refused: no further information
REQUEST		Add user request	1625993553962	1625993555991	KO	j.n.ConnectException: Connection refused: no further information
REQUEST		get all users request	1625993554043	1625993556086	KO	j.n.ConnectException: Connection refused: no further information
REQUEST		get single user request	1625993554074	1625993556117	KO	j.n.ConnectException: Connection refused: no further information
REQUEST		Add user request	1625993554154	1625993556196	KO	j.n.ConnectException: Connection refused: no further information
REQUEST		get all users request	1625993554185	1625993556228	KO	j.n.ConnectException: Connection refused: no further information
REQUEST		Add user request	1625993554263	1625993556319	KO	j.n.ConnectException: Connection refused: no further information
REQUEST		get single user request	1625993554267	1625993556319	KO	j.n.ConnectException: Connection refused: no further information
REQUEST		get single user request	1625993554465	1625993556492	KO	j.n.ConnectException: Connection refused: no further information
REQUEST		Add user request	1625993554465	1625993556507	KO	j.n.ConnectException: Connection refused: no further information
REQUEST		get all users request	1625993554498	1625993556523	KO	j.n.ConnectException: Connection refused: no further information
REQUEST		get all users request	1625993554498	1625993556554	KO	j.n.ConnectException: Connection refused: no further information
REQUEST		get single user request	1625993554605	1625993556648	KO	j.n.ConnectException: Connection refused: no further information
REQUEST		get all users request	1625993554683	1625993556727	KO	j.n.ConnectException: Connection refused: no further information
REQUEST		get single user request	1625993554791	1625993556822	KO	j.n.ConnectException: Connection refused: no further information
REQUEST		Add user request	1625993554775	1625993556822	KO	j.n.ConnectException: Connection refused: no further information
REQUEST		Add user request	1625993554962	1625993556994	KO	j.n.ConnectException: Connection refused: no further information
REQUEST		get all users request	1625993555010	1625993557071	KO	j.n.ConnectException: Connection refused: no further information
REQUEST		get single user request	1625993555055	1625993557101	KO	j.n.ConnectException: Connection refused: no further information
REQUEST		Add user request	1625993555118	1625993557164	KO	j.n.ConnectException: Connection refused: no further information
REQUEST		get all users request	1625993555182	1625993557225	KO	j.n.ConnectException: Connection refused: no further information
REQUEST		get single user request	1625993555228	1625993557273	KO	j.n.ConnectException: Connection refused: no further information
REQUEST		Add user request	1625993555290	1625993557320	KO	j.n.ConnectException: Connection refused: no further information
REQUEST		get all users request	1625993555307	1625993557351	KO	j.n.ConnectException: Connection refused: no further information
REQUEST		get single user request	1625993555321	1625993557351	KO	j.n.ConnectException: Connection refused: no further information
REQUEST		Add user request	1625993555461	1625993557494	KO	j.n.ConnectException: Connection refused: no further information
REQUEST		get single user request	1625993555555	1625993557587	KO	j.n.ConnectException: Connection refused: no further information
REQUEST		Add user request	1625993555600	1625993557634	KO	j.n.ConnectException: Connection refused: no further information
REQUEST		get all users request	1625993555664	1625993557683	KO	j.n.ConnectException: Connection refused: no further information
REQUEST		get single user request	1625993555695	1625993557730	KO	j.n.ConnectException: Connection refused: no further information
REQUEST		get all users request	1625993555742	1625993557794	KO	j.n.ConnectException: Connection refused: no further information
REQUEST		Add user request	1625993555991	1625993558032	KO	j.n.ConnectException: Connection refused: no further information
REQUEST		get all users request	1625993555992	1625993558032	KO	j.n.ConnectException: Connection refused: no further information
REQUEST		get single user request	1625993556086	1625993558110	KO	j.n.ConnectException: Connection refused: no further information
REQUEST		Add user request	1625993556164	1625993558189	KO	j.n.ConnectException: Connection refused: no further information
REQUEST		get all users request	1625993556196	1625993558236	KO	j.n.ConnectException: Connection refused: no further information
REQUEST		get single user request	1625993556196	1625993558236	KO	j.n.ConnectException: Connection refused: no further information
REQUEST		Add user request	1625993556304	1625993558329	KO	j.n.ConnectException: Connection refused: no further information
REQUEST		get all users request	1625993556320	1625993558345	KO	j.n.ConnectException: Connection refused: no further information
REQUEST		get single user request	1625993556476	1625993558520	KO	j.n.ConnectException: Connection refused: no further information
REQUEST		get all users request	1625993556508	1625993558535	KO	j.n.ConnectException: Connection refused: no further information
REQUEST		Add user request	1625993556664	1625993558694	KO	j.n.ConnectException: Connection refused: no further information
REQUEST		get single user request	1625993556711	1625993558742	KO	j.n.ConnectException: Connection refused: no further information
REQUEST		Add user request	1625993556790	1625993558820	KO	j.n.ConnectException: Connection refused: no further information
REQUEST		get all users request	1625993556823	1625993558852	KO	j.n.ConnectException: Connection refused: no further information
REQUEST		get single user request	1625993556837	1625993558868	KO	j.n.ConnectException: Connection refused: no further information
REQUEST		get all users request	1625993556995	1625993559024	KO	j.n.ConnectException: Connection refused: no further information
REQUEST		get single user request	1625993557101	1625993559119	KO	j.n.ConnectException: Connection refused: no further information
REQUEST		get all users request	1625993557164	1625993559183	KO	j.n.ConnectException: Connection refused: no further information
REQUEST		Add user request	1625993557164	1625993559183	KO	j.n.ConnectException: Connection refused: no further information
REQUEST		get single user request	1625993557241	1625993559260	KO	j.n.ConnectException: Connection refused: no further information
REQUEST		Add user request	1625993557320	1625993559336	KO	j.n.ConnectException: Connection refused: no further information
REQUEST		get all users request	1625993557320	1625993559351	KO	j.n.ConnectException: Connection refused: no further information
REQUEST		get single user request	1625993557320	1625993559351	KO	j.n.ConnectException: Connection refused: no further information
REQUEST		Add user request	1625993557430	1625993559445	KO	j.n.ConnectException: Connection refused: no further information
REQUEST		Add user request	1625993557445	1625993559462	KO	j.n.ConnectException: Connection refused: no further information
REQUEST		Add user request	1625993557445	1625993559462	KO	j.n.ConnectException: Connection refused: no further information
REQUEST		Add user request	1625993557460	1625993559492	KO	j.n.ConnectException: Connection refused: no further information
REQUEST		Add user request	1625993557493	1625993559524	KO	j.n.ConnectException: Connection refused: no further information
REQUEST		Add user request	1625993557493	1625993559525	KO	j.n.ConnectException: Connection refused: no further information
REQUEST		Add user request	1625993557493	1625993559524	KO	j.n.ConnectException: Connection refused: no further information
REQUEST		Add user request	1625993557492	1625993559524	KO	j.n.ConnectException: Connection refused: no further information
REQUEST		Add user request	1625993557493	1625993559525	KO	j.n.ConnectException: Connection refused: no further information
REQUEST		Add user request	1625993557493	1625993559524	KO	j.n.ConnectException: Connection refused: no further information
REQUEST		get all users request	1625993557495	1625993559524	KO	j.n.ConnectException: Connection refused: no further information
REQUEST		Add user request	1625993557493	1625993559526	KO	j.n.ConnectException: Connection refused: no further information
REQUEST		get single user request	1625993557572	1625993559588	KO	j.n.ConnectException: Connection refused: no further information
REQUEST		get all users request	1625993557635	1625993559651	KO	j.n.ConnectException: Connection refused: no further information
REQUEST		Add user request	1625993557779	1625993559793	KO	j.n.ConnectException: Connection refused: no further information
REQUEST		get single user request	1625993557872	1625993559903	KO	j.n.ConnectException: Connection refused: no further information
REQUEST		Add user request	1625993557936	1625993559951	KO	j.n.ConnectException: Connection refused: no further information
REQUEST		get all users request	1625993558033	1625993560047	KO	j.n.ConnectException: Connection refused: no further information
REQUEST		get single user request	1625993558095	1625993560142	KO	j.n.ConnectException: Connection refused: no further information
REQUEST		Add user request	1625993558126	1625993560158	KO	j.n.ConnectException: Connection refused: no further information
REQUEST		get all users request	1625993558190	1625993560221	KO	j.n.ConnectException: Connection refused: no further information
REQUEST		get single user request	1625993558236	1625993560251	KO	j.n.ConnectException: Connection refused: no further information
REQUEST		get all users request	1625993558329	1625993560363	KO	j.n.ConnectException: Connection refused: no further information
REQUEST		Add user request	1625993558329	1625993560363	KO	j.n.ConnectException: Connection refused: no further information
REQUEST		Add user request	1625993558504	1625993560537	KO	j.n.ConnectException: Connection refused: no further information
REQUEST		get single user request	1625993558535	1625993560552	KO	j.n.ConnectException: Connection refused: no further information
REQUEST		get single user request	1625993558566	1625993560599	KO	j.n.ConnectException: Connection refused: no further information
REQUEST		Add user request	1625993558662	1625993560711	KO	j.n.ConnectException: Connection refused: no further information
REQUEST		get all users request	1625993558695	1625993560726	KO	j.n.ConnectException: Connection refused: no further information
REQUEST		get single user request	1625993558742	1625993560757	KO	j.n.ConnectException: Connection refused: no further information
REQUEST		get all users request	1625993558821	1625993560852	KO	j.n.ConnectException: Connection refused: no further information
REQUEST		Add user request	1625993558836	1625993560868	KO	j.n.ConnectException: Connection refused: no further information
REQUEST		get single user request	1625993559087	1625993561123	KO	j.n.ConnectException: Connection refused: no further information
REQUEST		Add user request	1625993559103	1625993561139	KO	j.n.ConnectException: Connection refused: no further information
REQUEST		get all users request	1625993559183	1625993561219	KO	j.n.ConnectException: Connection refused: no further information
REQUEST		get single user request	1625993559229	1625993561266	KO	j.n.ConnectException: Connection refused: no further information
REQUEST		Add user request	1625993559275	1625993561298	KO	j.n.ConnectException: Connection refused: no further information
REQUEST		get all users request	1625993559337	1625993561362	KO	j.n.ConnectException: Connection refused: no further information
REQUEST		get single user request	1625993559367	1625993561394	KO	j.n.ConnectException: Connection refused: no further information
REQUEST		Add user request	1625993559367	1625993561394	KO	j.n.ConnectException: Connection refused: no further information
REQUEST		get all users request	1625993559446	1625993561473	KO	j.n.ConnectException: Connection refused: no further information
REQUEST		get all users request	1625993559462	1625993561489	KO	j.n.ConnectException: Connection refused: no further information
REQUEST		get all users request	1625993559462	1625993561489	KO	j.n.ConnectException: Connection refused: no further information
REQUEST		get all users request	1625993559493	1625993561520	KO	j.n.ConnectException: Connection refused: no further information
REQUEST		get all users request	1625993559525	1625993561552	KO	j.n.ConnectException: Connection refused: no further information
REQUEST		get all users request	1625993559525	1625993561552	KO	j.n.ConnectException: Connection refused: no further information
REQUEST		get all users request	1625993559525	1625993561552	KO	j.n.ConnectException: Connection refused: no further information
REQUEST		get all users request	1625993559527	1625993561552	KO	j.n.ConnectException: Connection refused: no further information
REQUEST		get all users request	1625993559525	1625993561553	KO	j.n.ConnectException: Connection refused: no further information
REQUEST		get all users request	1625993559525	1625993561552	KO	j.n.ConnectException: Connection refused: no further information
REQUEST		get all users request	1625993559525	1625993561553	KO	j.n.ConnectException: Connection refused: no further information
REQUEST		Add user request	1625993559603	1625993561632	KO	j.n.ConnectException: Connection refused: no further information
REQUEST		get single user request	1625993559697	1625993561729	KO	j.n.ConnectException: Connection refused: no further information
REQUEST		Add user request	1625993559745	1625993561775	KO	j.n.ConnectException: Connection refused: no further information
REQUEST		get all users request	1625993559794	1625993561822	KO	j.n.ConnectException: Connection refused: no further information
REQUEST		get single user request	1625993559809	1625993561837	KO	j.n.ConnectException: Connection refused: no further information
REQUEST		get all users request	1625993559951	1625993561977	KO	j.n.ConnectException: Connection refused: no further information
REQUEST		get single user request	1625993560047	1625993562070	KO	j.n.ConnectException: Connection refused: no further information
REQUEST		Add user request	1625993560127	1625993562149	KO	j.n.ConnectException: Connection refused: no further information
REQUEST		get all users request	1625993560159	1625993562195	KO	j.n.ConnectException: Connection refused: no further information
REQUEST		Add user request	1625993560251	1625993562275	KO	j.n.ConnectException: Connection refused: no further information
REQUEST		get single user request	1625993560251	1625993562275	KO	j.n.ConnectException: Connection refused: no further information
REQUEST		get single user request	1625993560347	1625993562382	KO	j.n.ConnectException: Connection refused: no further information
REQUEST		get all users request	1625993560363	1625993562397	KO	j.n.ConnectException: Connection refused: no further information
REQUEST		Add user request	1625993560521	1625993562553	KO	j.n.ConnectException: Connection refused: no further information
REQUEST		get all users request	1625993560537	1625993562569	KO	j.n.ConnectException: Connection refused: no further information
REQUEST		get single user request	1625993560552	1625993562584	KO	j.n.ConnectException: Connection refused: no further information
REQUEST		get all users request	1625993560712	1625993562771	KO	j.n.ConnectException: Connection refused: no further information
REQUEST		Add user request	1625993560757	1625993562787	KO	j.n.ConnectException: Connection refused: no further information
REQUEST		get all users request	1625993560869	1625993562911	KO	j.n.ConnectException: Connection refused: no further information
REQUEST		get single user request	1625993560868	1625993562911	KO	j.n.ConnectException: Connection refused: no further information
REQUEST		Add user request	1625993560884	1625993562926	KO	j.n.ConnectException: Connection refused: no further information
REQUEST		get single user request	1625993561027	1625993563066	KO	j.n.ConnectException: Connection refused: no further information
REQUEST		Add user request	1625993561123	1625993563159	KO	j.n.ConnectException: Connection refused: no further information
REQUEST		get all users request	1625993561140	1625993563190	KO	j.n.ConnectException: Connection refused: no further information
REQUEST		get single user request	1625993561187	1625993563237	KO	j.n.ConnectException: Connection refused: no further information
REQUEST		Add user request	1625993561266	1625993563298	KO	j.n.ConnectException: Connection refused: no further information
REQUEST		get all users request	1625993561299	1625993563345	KO	j.n.ConnectException: Connection refused: no further information
REQUEST		Add user request	1625993561362	1625993563407	KO	j.n.ConnectException: Connection refused: no further information
REQUEST		get single user request	1625993561362	1625993563407	KO	j.n.ConnectException: Connection refused: no further information
REQUEST		get all users request	1625993561395	1625993563437	KO	j.n.ConnectException: Connection refused: no further information
REQUEST		get single user request	1625993561536	1625993563578	KO	j.n.ConnectException: Connection refused: no further information
REQUEST		Add user request	1625993561600	1625993563642	KO	j.n.ConnectException: Connection refused: no further information
REQUEST		get all users request	1625993561633	1625993563673	KO	j.n.ConnectException: Connection refused: no further information
REQUEST		get single user request	1625993561664	1625993563720	KO	j.n.ConnectException: Connection refused: no further information
REQUEST		get all users request	1625993561775	1625993563828	KO	j.n.ConnectException: Connection refused: no further information
REQUEST		Add user request	1625993561915	1625993563955	KO	j.n.ConnectException: Connection refused: no further information
REQUEST		get single user request	1625993562055	1625993564097	KO	j.n.ConnectException: Connection refused: no further information
REQUEST		get all users request	1625993562149	1625993564189	KO	j.n.ConnectException: Connection refused: no further information
REQUEST		Add user request	1625993562149	1625993564189	KO	j.n.ConnectException: Connection refused: no further information
REQUEST		get single user request	1625993562227	1625993564267	KO	j.n.ConnectException: Connection refused: no further information
REQUEST		Add user request	1625993562259	1625993564313	KO	j.n.ConnectException: Connection refused: no further information
REQUEST		get all users request	1625993562276	1625993564313	KO	j.n.ConnectException: Connection refused: no further information
REQUEST		get single user request	1625993562367	1625993564422	KO	j.n.ConnectException: Connection refused: no further information
REQUEST		Add user request	1625993562553	1625993564592	KO	j.n.ConnectException: Connection refused: no further information
REQUEST		get all users request	1625993562553	1625993564592	KO	j.n.ConnectException: Connection refused: no further information
REQUEST		Add user request	1625993562615	1625993564654	KO	j.n.ConnectException: Connection refused: no further information
REQUEST		get single user request	1625993562740	1625993564782	KO	j.n.ConnectException: Connection refused: no further information
REQUEST		Add user request	1625993562771	1625993564828	KO	j.n.ConnectException: Connection refused: no further information
REQUEST		get all users request	1625993562788	1625993564828	KO	j.n.ConnectException: Connection refused: no further information
REQUEST		get single user request	1625993562865	1625993564922	KO	j.n.ConnectException: Connection refused: no further information
REQUEST		get all users request	1625993562927	1625993564968	KO	j.n.ConnectException: Connection refused: no further information
REQUEST		Add user request	1625993563128	1625993565157	KO	j.n.ConnectException: Connection refused: no further information
REQUEST		get all users request	1625993563159	1625993565189	KO	j.n.ConnectException: Connection refused: no further information
REQUEST		get single user request	1625993563220	1625993565251	KO	j.n.ConnectException: Connection refused: no further information
REQUEST		Add user request	1625993563267	1625993565298	KO	j.n.ConnectException: Connection refused: no further information
REQUEST		get all users request	1625993563299	1625993565329	KO	j.n.ConnectException: Connection refused: no further information
REQUEST		get single user request	1625993563376	1625993565407	KO	j.n.ConnectException: Connection refused: no further information
REQUEST		Add user request	1625993563407	1625993565439	KO	j.n.ConnectException: Connection refused: no further information
REQUEST		get all users request	1625993563407	1625993565455	KO	j.n.ConnectException: Connection refused: no further information
REQUEST		get single user request	1625993563484	1625993565518	KO	j.n.ConnectException: Connection refused: no further information
REQUEST		get single user request	1625993563500	1625993565533	KO	j.n.ConnectException: Connection refused: no further information
REQUEST		get single user request	1625993563500	1625993565533	KO	j.n.ConnectException: Connection refused: no further information
REQUEST		get single user request	1625993563532	1625993565549	KO	j.n.ConnectException: Connection refused: no further information
REQUEST		get single user request	1625993563562	1625993565597	KO	j.n.ConnectException: Connection refused: no further information
REQUEST		get single user request	1625993563562	1625993565597	KO	j.n.ConnectException: Connection refused: no further information
REQUEST		get single user request	1625993563562	1625993565597	KO	j.n.ConnectException: Connection refused: no further information
REQUEST		get single user request	1625993563562	1625993565597	KO	j.n.ConnectException: Connection refused: no further information
REQUEST		get single user request	1625993563562	1625993565597	KO	j.n.ConnectException: Connection refused: no further information
REQUEST		get single user request	1625993563563	1625993565597	KO	j.n.ConnectException: Connection refused: no further information
REQUEST		get single user request	1625993563562	1625993565597	KO	j.n.ConnectException: Connection refused: no further information
REQUEST		get all users request	1625993563642	1625993565676	KO	j.n.ConnectException: Connection refused: no further information
REQUEST		Add user request	1625993563736	1625993565769	KO	j.n.ConnectException: Connection refused: no further information
REQUEST		get single user request	1625993563828	1625993565864	KO	j.n.ConnectException: Connection refused: no further information
REQUEST		Add user request	1625993563844	1625993565880	KO	j.n.ConnectException: Connection refused: no further information
REQUEST		get all users request	1625993563955	1625993565991	KO	j.n.ConnectException: Connection refused: no further information
REQUEST		get single user request	1625993563986	1625993566022	KO	j.n.ConnectException: Connection refused: no further information
REQUEST		Add user request	1625993564081	1625993566118	KO	j.n.ConnectException: Connection refused: no further information
REQUEST		get all users request	1625993564190	1625993566211	KO	j.n.ConnectException: Connection refused: no further information
REQUEST		get single user request	1625993564205	1625993566227	KO	j.n.ConnectException: Connection refused: no further information
REQUEST		Add user request	1625993564282	1625993566307	KO	j.n.ConnectException: Connection refused: no further information
REQUEST		get all users request	1625993564313	1625993566338	KO	j.n.ConnectException: Connection refused: no further information
REQUEST		get single user request	1625993564407	1625993566432	KO	j.n.ConnectException: Connection refused: no further information
REQUEST		Add user request	1625993564390	1625993566432	KO	j.n.ConnectException: Connection refused: no further information
REQUEST		get single user request	1625993564577	1625993566604	KO	j.n.ConnectException: Connection refused: no further information
REQUEST		Add user request	1625993564592	1625993566620	KO	j.n.ConnectException: Connection refused: no further information
REQUEST		get all users request	1625993564593	1625993566620	KO	j.n.ConnectException: Connection refused: no further information
REQUEST		get all users request	1625993564654	1625993566667	KO	j.n.ConnectException: Connection refused: no further information
REQUEST		get single user request	1625993564782	1625993566810	KO	j.n.ConnectException: Connection refused: no further information
REQUEST		get all users request	1625993564829	1625993566857	KO	j.n.ConnectException: Connection refused: no further information
REQUEST		get single user request	1625993564921	1625993566951	KO	j.n.ConnectException: Connection refused: no further information
REQUEST		Add user request	1625993564921	1625993566951	KO	j.n.ConnectException: Connection refused: no further information
REQUEST		Add user request	1625993565077	1625993567094	KO	j.n.ConnectException: Connection refused: no further information
REQUEST		get all users request	1625993565157	1625993567172	KO	j.n.ConnectException: Connection refused: no further information
REQUEST		get single user request	1625993565204	1625993567217	KO	j.n.ConnectException: Connection refused: no further information
REQUEST		Add user request	1625993565251	1625993567263	KO	j.n.ConnectException: Connection refused: no further information
REQUEST		get all users request	1625993565298	1625993567325	KO	j.n.ConnectException: Connection refused: no further information
REQUEST		get single user request	1625993565361	1625993567388	KO	j.n.ConnectException: Connection refused: no further information
REQUEST		Add user request	1625993565423	1625993567450	KO	j.n.ConnectException: Connection refused: no further information
REQUEST		get single user request	1625993565439	1625993567466	KO	j.n.ConnectException: Connection refused: no further information
REQUEST		get all users request	1625993565439	1625993567466	KO	j.n.ConnectException: Connection refused: no further information
REQUEST		Add user request	1625993565581	1625993567608	KO	j.n.ConnectException: Connection refused: no further information
REQUEST		get single user request	1625993565676	1625993567702	KO	j.n.ConnectException: Connection refused: no further information
REQUEST		Add user request	1625993565722	1625993567733	KO	j.n.ConnectException: Connection refused: no further information
REQUEST		get all users request	1625993565769	1625993567795	KO	j.n.ConnectException: Connection refused: no further information
REQUEST		get single user request	1625993565833	1625993567857	KO	j.n.ConnectException: Connection refused: no further information
REQUEST		get all users request	1625993565880	1625993567920	KO	j.n.ConnectException: Connection refused: no further information
REQUEST		Add user request	1625993566102	1625993568136	KO	j.n.ConnectException: Connection refused: no further information
REQUEST		get all users request	1625993566118	1625993568152	KO	j.n.ConnectException: Connection refused: no further information
REQUEST		get single user request	1625993566195	1625993568216	KO	j.n.ConnectException: Connection refused: no further information
REQUEST		Add user request	1625993566275	1625993568309	KO	j.n.ConnectException: Connection refused: no further information
REQUEST		get all users request	1625993566307	1625993568340	KO	j.n.ConnectException: Connection refused: no further information
REQUEST		get single user request	1625993566323	1625993568371	KO	j.n.ConnectException: Connection refused: no further information
REQUEST		get all users request	1625993566433	1625993568465	KO	j.n.ConnectException: Connection refused: no further information
REQUEST		Add user request	1625993566432	1625993568465	KO	j.n.ConnectException: Connection refused: no further information
REQUEST		get single user request	1625993566604	1625993568637	KO	j.n.ConnectException: Connection refused: no further information
REQUEST		get all users request	1625993566621	1625993568668	KO	j.n.ConnectException: Connection refused: no further information
REQUEST		Add user request	1625993566794	1625993568825	KO	j.n.ConnectException: Connection refused: no further information
REQUEST		get single user request	1625993566842	1625993568871	KO	j.n.ConnectException: Connection refused: no further information
REQUEST		Add user request	1625993566936	1625993568981	KO	j.n.ConnectException: Connection refused: no further information
REQUEST		get all users request	1625993566952	1625993568997	KO	j.n.ConnectException: Connection refused: no further information
REQUEST		get single user request	1625993566982	1625993569043	KO	j.n.ConnectException: Connection refused: no further information
REQUEST		get all users request	1625993567094	1625993569136	KO	j.n.ConnectException: Connection refused: no further information
REQUEST		get single user request	1625993567202	1625993569263	KO	j.n.ConnectException: Connection refused: no further information
REQUEST		Add user request	1625993567263	1625993569278	KO	j.n.ConnectException: Connection refused: no further information
REQUEST		get all users request	1625993567264	1625993569309	KO	j.n.ConnectException: Connection refused: no further information
REQUEST		get single user request	1625993567341	1625993569372	KO	j.n.ConnectException: Connection refused: no further information
REQUEST		Add user request	1625993567419	1625993569465	KO	j.n.ConnectException: Connection refused: no further information
REQUEST		get all users request	1625993567451	1625993569496	KO	j.n.ConnectException: Connection refused: no further information
REQUEST		get single user request	1625993567466	1625993569511	KO	j.n.ConnectException: Connection refused: no further information
REQUEST		Add user request	1625993567530	1625993569574	KO	j.n.ConnectException: Connection refused: no further information
REQUEST		Add user request	1625993567561	1625993569604	KO	j.n.ConnectException: Connection refused: no further information
REQUEST		Add user request	1625993567546	1625993569604	KO	j.n.ConnectException: Connection refused: no further information
REQUEST		Add user request	1625993567546	1625993569605	KO	j.n.ConnectException: Connection refused: no further information
REQUEST		Add user request	1625993567607	1625993569652	KO	j.n.ConnectException: Connection refused: no further information
REQUEST		Add user request	1625993567607	1625993569652	KO	j.n.ConnectException: Connection refused: no further information
REQUEST		Add user request	1625993567607	1625993569652	KO	j.n.ConnectException: Connection refused: no further information
REQUEST		Add user request	1625993567607	1625993569652	KO	j.n.ConnectException: Connection refused: no further information
REQUEST		Add user request	1625993567608	1625993569652	KO	j.n.ConnectException: Connection refused: no further information
REQUEST		Add user request	1625993567607	1625993569652	KO	j.n.ConnectException: Connection refused: no further information
REQUEST		get all users request	1625993567609	1625993569653	KO	j.n.ConnectException: Connection refused: no further information
REQUEST		Add user request	1625993567607	1625993569653	KO	j.n.ConnectException: Connection refused: no further information
REQUEST		get single user request	1625993567687	1625993569730	KO	j.n.ConnectException: Connection refused: no further information
REQUEST		get all users request	1625993567733	1625993569778	KO	j.n.ConnectException: Connection refused: no further information
REQUEST		Add user request	1625993567872	1625993569903	KO	j.n.ConnectException: Connection refused: no further information
REQUEST		get single user request	1625993567997	1625993570058	KO	j.n.ConnectException: Connection refused: no further information
REQUEST		Add user request	1625993568028	1625993570074	KO	j.n.ConnectException: Connection refused: no further information
REQUEST		get all users request	1625993568137	1625993570167	KO	j.n.ConnectException: Connection refused: no further information
REQUEST		get single user request	1625993568216	1625993570277	KO	j.n.ConnectException: Connection refused: no further information
REQUEST		Add user request	1625993568232	1625993570293	KO	j.n.ConnectException: Connection refused: no further information
REQUEST		get all users request	1625993568309	1625993570356	KO	j.n.ConnectException: Connection refused: no further information
REQUEST		get single user request	1625993568340	1625993570372	KO	j.n.ConnectException: Connection refused: no further information
REQUEST		get all users request	1625993568466	1625993570496	KO	j.n.ConnectException: Connection refused: no further information
REQUEST		Add user request	1625993568449	1625993570496	KO	j.n.ConnectException: Connection refused: no further information
REQUEST		Add user request	1625993568606	1625993570650	KO	j.n.ConnectException: Connection refused: no further information
REQUEST		get single user request	1625993568637	1625993570682	KO	j.n.ConnectException: Connection refused: no further information
REQUEST		get single user request	1625993568668	1625993570713	KO	j.n.ConnectException: Connection refused: no further information
REQUEST		get all users request	1625993568825	1625993570869	KO	j.n.ConnectException: Connection refused: no further information
REQUEST		Add user request	1625993568825	1625993570884	KO	j.n.ConnectException: Connection refused: no further information
REQUEST		get single user request	1625993568871	1625993570915	KO	j.n.ConnectException: Connection refused: no further information
REQUEST		Add user request	1625993568965	1625993571008	KO	j.n.ConnectException: Connection refused: no further information
REQUEST		get all users request	1625993568982	1625993571008	KO	j.n.ConnectException: Connection refused: no further information
REQUEST		get single user request	1625993569184	1625993571256	KO	j.n.ConnectException: Connection refused: no further information
REQUEST		Add user request	1625993569231	1625993571287	KO	j.n.ConnectException: Connection refused: no further information
REQUEST		get all users request	1625993569279	1625993571350	KO	j.n.ConnectException: Connection refused: no further information
REQUEST		get single user request	1625993569341	1625993571397	KO	j.n.ConnectException: Connection refused: no further information
REQUEST		Add user request	1625993569403	1625993571444	KO	j.n.ConnectException: Connection refused: no further information
REQUEST		get all users request	1625993569465	1625993571522	KO	j.n.ConnectException: Connection refused: no further information
REQUEST		get single user request	1625993569481	1625993571522	KO	j.n.ConnectException: Connection refused: no further information
REQUEST		Add user request	1625993569481	1625993571522	KO	j.n.ConnectException: Connection refused: no further information
REQUEST		get all users request	1625993569574	1625993571631	KO	j.n.ConnectException: Connection refused: no further information
REQUEST		get all users request	1625993569605	1625993571662	KO	j.n.ConnectException: Connection refused: no further information
REQUEST		get all users request	1625993569605	1625993571661	KO	j.n.ConnectException: Connection refused: no further information
REQUEST		get all users request	1625993569605	1625993571662	KO	j.n.ConnectException: Connection refused: no further information
REQUEST		get all users request	1625993569653	1625993571710	KO	j.n.ConnectException: Connection refused: no further information
REQUEST		get all users request	1625993569652	1625993571710	KO	j.n.ConnectException: Connection refused: no further information
REQUEST		get all users request	1625993569652	1625993571710	KO	j.n.ConnectException: Connection refused: no further information
REQUEST		get all users request	1625993569654	1625993571710	KO	j.n.ConnectException: Connection refused: no further information
REQUEST		get all users request	1625993569653	1625993571710	KO	j.n.ConnectException: Connection refused: no further information
REQUEST		get all users request	1625993569652	1625993571710	KO	j.n.ConnectException: Connection refused: no further information
REQUEST		get all users request	1625993569653	1625993571710	KO	j.n.ConnectException: Connection refused: no further information
REQUEST		Add user request	1625993569714	1625993571773	KO	j.n.ConnectException: Connection refused: no further information
REQUEST		get single user request	1625993569810	1625993571851	KO	j.n.ConnectException: Connection refused: no further information
REQUEST		Add user request	1625993569872	1625993571913	KO	j.n.ConnectException: Connection refused: no further information
REQUEST		get all users request	1625993569904	1625993571945	KO	j.n.ConnectException: Connection refused: no further information
REQUEST		get single user request	1625993569934	1625993571976	KO	j.n.ConnectException: Connection refused: no further information
REQUEST		get all users request	1625993570075	1625993572117	KO	j.n.ConnectException: Connection refused: no further information
REQUEST		get single user request	1625993570167	1625993572224	KO	j.n.ConnectException: Connection refused: no further information
REQUEST		Add user request	1625993570229	1625993572271	KO	j.n.ConnectException: Connection refused: no further information
REQUEST		get all users request	1625993570293	1625993572333	KO	j.n.ConnectException: Connection refused: no further information
REQUEST		get single user request	1625993570356	1625993572396	KO	j.n.ConnectException: Connection refused: no further information
REQUEST		Add user request	1625993570372	1625993572412	KO	j.n.ConnectException: Connection refused: no further information
REQUEST		get single user request	1625993570481	1625993572522	KO	j.n.ConnectException: Connection refused: no further information
REQUEST		get all users request	1625993570497	1625993572553	KO	j.n.ConnectException: Connection refused: no further information
REQUEST		Add user request	1625993570650	1625993572692	KO	j.n.ConnectException: Connection refused: no further information
REQUEST		get all users request	1625993570650	1625993572708	KO	j.n.ConnectException: Connection refused: no further information
REQUEST		get single user request	1625993570682	1625993572739	KO	j.n.ConnectException: Connection refused: no further information
REQUEST		get all users request	1625993570885	1625993572925	KO	j.n.ConnectException: Connection refused: no further information
REQUEST		Add user request	1625993570884	1625993572925	KO	j.n.ConnectException: Connection refused: no further information
REQUEST		get all users request	1625993571009	1625993573050	KO	j.n.ConnectException: Connection refused: no further information
REQUEST		get single user request	1625993571008	1625993573050	KO	j.n.ConnectException: Connection refused: no further information
REQUEST		Add user request	1625993571055	1625993573111	KO	j.n.ConnectException: Connection refused: no further information
REQUEST		get single user request	1625993571148	1625993573189	KO	j.n.ConnectException: Connection refused: no further information
REQUEST		Add user request	1625993571272	1625993573330	KO	j.n.ConnectException: Connection refused: no further information
REQUEST		get all users request	1625993571288	1625993573345	KO	j.n.ConnectException: Connection refused: no further information
REQUEST		get single user request	1625993571318	1625993573376	KO	j.n.ConnectException: Connection refused: no further information
REQUEST		Add user request	1625993571381	1625993573453	KO	j.n.ConnectException: Connection refused: no further information
REQUEST		get all users request	1625993571444	1625993573501	KO	j.n.ConnectException: Connection refused: no further information
REQUEST		Add user request	1625993571521	1625993573563	KO	j.n.ConnectException: Connection refused: no further information
REQUEST		get all users request	1625993571522	1625993573563	KO	j.n.ConnectException: Connection refused: no further information
REQUEST		get single user request	1625993571505	1625993573563	KO	j.n.ConnectException: Connection refused: no further information
REQUEST		get single user request	1625993571661	1625993573718	KO	j.n.ConnectException: Connection refused: no further information
REQUEST		Add user request	1625993571741	1625993573795	KO	j.n.ConnectException: Connection refused: no further information
REQUEST		get all users request	1625993571773	1625993573826	KO	j.n.ConnectException: Connection refused: no further information
REQUEST		get single user request	1625993571788	1625993573841	KO	j.n.ConnectException: Connection refused: no further information
