RUN	simulations.LoadSimulationBasic	loadsimulationbasic	1625990426208	DA	3.6.0
USER	Basic load Simulation	START	1625990437209
USER	Basic load Simulation	START	1625990437209
USER	Basic load Simulation	START	1625990437209
USER	Basic load Simulation	START	1625990437209
USER	Basic load Simulation	START	1625990437209
USER	Basic load Simulation	START	1625990437209
REQUEST		Get single user	1625990437302	1625990437709	OK	 
REQUEST		Get single user	1625990437302	1625990437747	OK	 
REQUEST		Get single user	1625990437302	1625990437748	OK	 
REQUEST		Get single user	1625990437302	1625990437747	OK	 
REQUEST		Get single user	1625990437302	1625990437717	OK	 
REQUEST		Get single user	1625990437302	1625990437689	OK	 
USER	Basic load Simulation	START	1625990438201
REQUEST		Get single user	1625990438202	1625990438523	OK	 
USER	Basic load Simulation	START	1625990439206
REQUEST		Get single user	1625990439207	1625990439497	OK	 
USER	Basic load Simulation	END	1625990439900
USER	Basic load Simulation	END	1625990439900
USER	Basic load Simulation	END	1625990439900
USER	Basic load Simulation	END	1625990439900
USER	Basic load Simulation	END	1625990439900
USER	Basic load Simulation	END	1625990439900
USER	Basic load Simulation	START	1625990440202
USER	Basic load Simulation	END	1625990440538
REQUEST		Get single user	1625990440203	1625990440559	OK	 
USER	Basic load Simulation	START	1625990441209
USER	Basic load Simulation	END	1625990441507
REQUEST		Get single user	1625990441211	1625990441535	KO	status.find.in(200,304), but actually found 404
USER	Basic load Simulation	START	1625990442194
USER	Basic load Simulation	END	1625990443060
USER	Basic load Simulation	START	1625990443193
REQUEST		Get single user	1625990443058	1625990443352	KO	status.find.in(200,304), but actually found 404
REQUEST		Get single user	1625990443195	1625990443494	OK	 
USER	Basic load Simulation	START	1625990444201
REQUEST		Get single user	1625990444202	1625990444573	OK	 
USER	Basic load Simulation	END	1625990445066
USER	Basic load Simulation	START	1625990445214
USER	Basic load Simulation	END	1625990445363
USER	Basic load Simulation	END	1625990445507
REQUEST		Get single user	1625990445226	1625990445608	OK	 
USER	Basic load Simulation	START	1625990446199
REQUEST		Get single user	1625990446200	1625990446508	KO	status.find.in(200,304), but actually found 404
USER	Basic load Simulation	END	1625990446582
USER	Basic load Simulation	END	1625990447612
USER	Basic load Simulation	END	1625990448526
