RUN	simulations.FixedDurationLoadSimulation	fixeddurationloadsimulation	1625993383203	3134	3.6.0
USER	Fixed Duration Load simulation	START	1625993389896
USER	Fixed Duration Load simulation	START	1625993389896
USER	Fixed Duration Load simulation	START	1625993389896
USER	Fixed Duration Load simulation	START	1625993389896
USER	Fixed Duration Load simulation	START	1625993389896
USER	Fixed Duration Load simulation	START	1625993389896
USER	Fixed Duration Load simulation	START	1625993389896
USER	Fixed Duration Load simulation	START	1625993389896
USER	Fixed Duration Load simulation	START	1625993389896
USER	Fixed Duration Load simulation	START	1625993389896
USER	Fixed Duration Load simulation	START	1625993389896
USER	Fixed Duration Load simulation	START	1625993390394
USER	Fixed Duration Load simulation	START	1625993390910
USER	Fixed Duration Load simulation	START	1625993391391
USER	Fixed Duration Load simulation	START	1625993391889
REQUEST		get all users request	1625993389942	1625993391998	KO	j.n.ConnectException: Connection refused: no further information
REQUEST		get all users request	1625993389942	1625993391998	KO	j.n.ConnectException: Connection refused: no further information
REQUEST		get all users request	1625993389941	1625993391998	KO	j.n.ConnectException: Connection refused: no further information
REQUEST		get all users request	1625993389941	1625993391998	KO	j.n.ConnectException: Connection refused: no further information
REQUEST		get all users request	1625993389942	1625993391998	KO	j.n.ConnectException: Connection refused: no further information
REQUEST		get all users request	1625993389941	1625993391998	KO	j.n.ConnectException: Connection refused: no further information
REQUEST		get all users request	1625993389941	1625993391999	KO	j.n.ConnectException: Connection refused: no further information
REQUEST		get all users request	1625993389942	1625993391998	KO	j.n.ConnectException: Connection refused: no further information
REQUEST		get all users request	1625993389941	1625993391999	KO	j.n.ConnectException: Connection refused: no further information
REQUEST		get all users request	1625993389941	1625993391998	KO	j.n.ConnectException: Connection refused: no further information
REQUEST		get all users request	1625993389943	1625993391999	KO	j.n.ConnectException: Connection refused: no further information
REQUEST		get all users request	1625993390395	1625993392450	KO	j.n.ConnectException: Connection refused: no further information
USER	Fixed Duration Load simulation	START	1625993392886
REQUEST		get all users request	1625993390910	1625993392965	KO	j.n.ConnectException: Connection refused: no further information
USER	Fixed Duration Load simulation	START	1625993393383
REQUEST		get all users request	1625993391392	1625993393447	KO	j.n.ConnectException: Connection refused: no further information
USER	Fixed Duration Load simulation	START	1625993393882
REQUEST		get all users request	1625993391890	1625993393945	KO	j.n.ConnectException: Connection refused: no further information
USER	Fixed Duration Load simulation	START	1625993394395
USER	Fixed Duration Load simulation	START	1625993394891
REQUEST		get all users request	1625993392887	1625993394939	KO	j.n.ConnectException: Connection refused: no further information
REQUEST		get all users request	1625993393384	1625993395426	KO	j.n.ConnectException: Connection refused: no further information
USER	Fixed Duration Load simulation	START	1625993395894
REQUEST		get all users request	1625993393883	1625993395910	KO	j.n.ConnectException: Connection refused: no further information
REQUEST		get single user request	1625993394024	1625993396067	KO	j.n.ConnectException: Connection refused: no further information
REQUEST		get single user request	1625993394024	1625993396066	KO	j.n.ConnectException: Connection refused: no further information
REQUEST		get single user request	1625993394025	1625993396066	KO	j.n.ConnectException: Connection refused: no further information
REQUEST		get single user request	1625993394024	1625993396066	KO	j.n.ConnectException: Connection refused: no further information
REQUEST		get single user request	1625993394024	1625993396067	KO	j.n.ConnectException: Connection refused: no further information
REQUEST		get single user request	1625993394024	1625993396067	KO	j.n.ConnectException: Connection refused: no further information
REQUEST		get single user request	1625993394023	1625993396066	KO	j.n.ConnectException: Connection refused: no further information
REQUEST		get single user request	1625993394024	1625993396066	KO	j.n.ConnectException: Connection refused: no further information
REQUEST		get single user request	1625993394025	1625993396066	KO	j.n.ConnectException: Connection refused: no further information
REQUEST		get single user request	1625993394025	1625993396066	KO	j.n.ConnectException: Connection refused: no further information
REQUEST		get single user request	1625993394025	1625993396066	KO	j.n.ConnectException: Connection refused: no further information
USER	Fixed Duration Load simulation	START	1625993396383
REQUEST		get all users request	1625993394396	1625993396414	KO	j.n.ConnectException: Connection refused: no further information
REQUEST		get single user request	1625993394457	1625993396492	KO	j.n.ConnectException: Connection refused: no further information
USER	Fixed Duration Load simulation	START	1625993396885
REQUEST		get all users request	1625993394891	1625993396916	KO	j.n.ConnectException: Connection refused: no further information
REQUEST		get single user request	1625993394970	1625993396995	KO	j.n.ConnectException: Connection refused: no further information
USER	Fixed Duration Load simulation	START	1625993397389
REQUEST		get single user request	1625993395457	1625993397482	KO	j.n.ConnectException: Connection refused: no further information
USER	Fixed Duration Load simulation	START	1625993397886
REQUEST		get all users request	1625993395894	1625993397919	KO	j.n.ConnectException: Connection refused: no further information
REQUEST		get single user request	1625993395958	1625993397997	KO	j.n.ConnectException: Connection refused: no further information
REQUEST		get all users request	1625993396384	1625993398421	KO	j.n.ConnectException: Connection refused: no further information
USER	Fixed Duration Load simulation	START	1625993398895
REQUEST		get all users request	1625993396885	1625993398912	KO	j.n.ConnectException: Connection refused: no further information
REQUEST		get single user request	1625993396948	1625993398974	KO	j.n.ConnectException: Connection refused: no further information
USER	Fixed Duration Load simulation	START	1625993399383
REQUEST		get all users request	1625993397389	1625993399414	KO	j.n.ConnectException: Connection refused: no further information
REQUEST		get single user request	1625993397436	1625993399461	KO	j.n.ConnectException: Connection refused: no further information
USER	Fixed Duration Load simulation	START	1625993399896
REQUEST		get all users request	1625993397887	1625993399912	KO	j.n.ConnectException: Connection refused: no further information
REQUEST		get single user request	1625993397919	1625993399943	KO	j.n.ConnectException: Connection refused: no further information
REQUEST		Add user request	1625993398079	1625993400113	KO	j.n.ConnectException: Connection refused: no further information
REQUEST		Add user request	1625993398081	1625993400113	KO	j.n.ConnectException: Connection refused: no further information
REQUEST		Add user request	1625993398079	1625993400113	KO	j.n.ConnectException: Connection refused: no further information
REQUEST		Add user request	1625993398081	1625993400113	KO	j.n.ConnectException: Connection refused: no further information
REQUEST		Add user request	1625993398080	1625993400113	KO	j.n.ConnectException: Connection refused: no further information
REQUEST		Add user request	1625993398079	1625993400113	KO	j.n.ConnectException: Connection refused: no further information
REQUEST		Add user request	1625993398080	1625993400113	KO	j.n.ConnectException: Connection refused: no further information
REQUEST		Add user request	1625993398079	1625993400113	KO	j.n.ConnectException: Connection refused: no further information
REQUEST		Add user request	1625993398081	1625993400113	KO	j.n.ConnectException: Connection refused: no further information
REQUEST		Add user request	1625993398080	1625993400113	KO	j.n.ConnectException: Connection refused: no further information
REQUEST		Add user request	1625993398079	1625993400113	KO	j.n.ConnectException: Connection refused: no further information
USER	Fixed Duration Load simulation	START	1625993400395
REQUEST		get single user request	1625993398421	1625993400457	KO	j.n.ConnectException: Connection refused: no further information
REQUEST		Add user request	1625993398501	1625993400521	KO	j.n.ConnectException: Connection refused: no further information
USER	Fixed Duration Load simulation	START	1625993400883
REQUEST		get all users request	1625993398896	1625993400930	KO	j.n.ConnectException: Connection refused: no further information
REQUEST		get single user request	1625993398927	1625993400960	KO	j.n.ConnectException: Connection refused: no further information
REQUEST		Add user request	1625993399006	1625993401039	KO	j.n.ConnectException: Connection refused: no further information
REQUEST		get all users request	1625993399383	1625993401414	KO	j.n.ConnectException: Connection refused: no further information
REQUEST		Add user request	1625993399491	1625993401524	KO	j.n.ConnectException: Connection refused: no further information
USER	Fixed Duration Load simulation	START	1625993401883
REQUEST		get all users request	1625993399897	1625993401944	KO	j.n.ConnectException: Connection refused: no further information
REQUEST		get single user request	1625993399928	1625993401959	KO	j.n.ConnectException: Connection refused: no further information
REQUEST		Add user request	1625993400007	1625993402037	KO	j.n.ConnectException: Connection refused: no further information
REQUEST		get all users request	1625993400115	1625993402147	KO	j.n.ConnectException: Connection refused: no further information
REQUEST		get all users request	1625993400114	1625993402147	KO	j.n.ConnectException: Connection refused: no further information
REQUEST		get all users request	1625993400115	1625993402147	KO	j.n.ConnectException: Connection refused: no further information
REQUEST		get all users request	1625993400117	1625993402163	KO	j.n.ConnectException: Connection refused: no further information
REQUEST		get all users request	1625993400117	1625993402163	KO	j.n.ConnectException: Connection refused: no further information
REQUEST		get all users request	1625993400114	1625993402162	KO	j.n.ConnectException: Connection refused: no further information
REQUEST		get all users request	1625993400115	1625993402162	KO	j.n.ConnectException: Connection refused: no further information
REQUEST		get all users request	1625993400116	1625993402163	KO	j.n.ConnectException: Connection refused: no further information
REQUEST		get all users request	1625993400114	1625993402162	KO	j.n.ConnectException: Connection refused: no further information
REQUEST		get all users request	1625993400115	1625993402163	KO	j.n.ConnectException: Connection refused: no further information
REQUEST		get all users request	1625993400117	1625993402163	KO	j.n.ConnectException: Connection refused: no further information
USER	Fixed Duration Load simulation	START	1625993402381
REQUEST		get all users request	1625993400395	1625993402429	KO	j.n.ConnectException: Connection refused: no further information
REQUEST		get single user request	1625993400426	1625993402445	KO	j.n.ConnectException: Connection refused: no further information
REQUEST		get all users request	1625993400522	1625993402554	KO	j.n.ConnectException: Connection refused: no further information
USER	Fixed Duration Load simulation	START	1625993402883
REQUEST		get all users request	1625993400883	1625993402931	KO	j.n.ConnectException: Connection refused: no further information
REQUEST		get single user request	1625993400915	1625993402947	KO	j.n.ConnectException: Connection refused: no further information
REQUEST		Add user request	1625993400976	1625993403009	KO	j.n.ConnectException: Connection refused: no further information
REQUEST		get all users request	1625993401040	1625993403071	KO	j.n.ConnectException: Connection refused: no further information
USER	Fixed Duration Load simulation	START	1625993403381
REQUEST		get single user request	1625993401430	1625993403459	KO	j.n.ConnectException: Connection refused: no further information
REQUEST		Add user request	1625993401477	1625993403505	KO	j.n.ConnectException: Connection refused: no further information
REQUEST		get all users request	1625993401525	1625993403553	KO	j.n.ConnectException: Connection refused: no further information
USER	Fixed Duration Load simulation	START	1625993403884
REQUEST		get all users request	1625993401884	1625993403914	KO	j.n.ConnectException: Connection refused: no further information
REQUEST		get single user request	1625993401914	1625993403946	KO	j.n.ConnectException: Connection refused: no further information
REQUEST		Add user request	1625993401959	1625993403992	KO	j.n.ConnectException: Connection refused: no further information
REQUEST		get all users request	1625993402038	1625993404070	KO	j.n.ConnectException: Connection refused: no further information
REQUEST		get all users request	1625993402382	1625993404428	KO	j.n.ConnectException: Connection refused: no further information
REQUEST		Add user request	1625993402461	1625993404492	KO	j.n.ConnectException: Connection refused: no further information
USER	Fixed Duration Load simulation	START	1625993404882
REQUEST		get all users request	1625993402884	1625993404915	KO	j.n.ConnectException: Connection refused: no further information
REQUEST		get single user request	1625993402931	1625993404961	KO	j.n.ConnectException: Connection refused: no further information
REQUEST		Add user request	1625993402977	1625993404993	KO	j.n.ConnectException: Connection refused: no further information
REQUEST		get all users request	1625993403010	1625993405024	KO	j.n.ConnectException: Connection refused: no further information
USER	Fixed Duration Load simulation	START	1625993405385
REQUEST		get all users request	1625993403382	1625993405401	KO	j.n.ConnectException: Connection refused: no further information
REQUEST		get single user request	1625993403427	1625993405448	KO	j.n.ConnectException: Connection refused: no further information
REQUEST		get all users request	1625993403506	1625993405525	KO	j.n.ConnectException: Connection refused: no further information
USER	Fixed Duration Load simulation	START	1625993405885
REQUEST		get all users request	1625993403885	1625993405917	KO	j.n.ConnectException: Connection refused: no further information
REQUEST		Add user request	1625993403961	1625993405979	KO	j.n.ConnectException: Connection refused: no further information
REQUEST		get single user request	1625993403961	1625993405994	KO	j.n.ConnectException: Connection refused: no further information
REQUEST		get all users request	1625993403993	1625993406025	KO	j.n.ConnectException: Connection refused: no further information
REQUEST		get single user request	1625993404164	1625993406195	KO	j.n.ConnectException: Connection refused: no further information
REQUEST		get single user request	1625993404164	1625993406195	KO	j.n.ConnectException: Connection refused: no further information
REQUEST		get single user request	1625993404164	1625993406195	KO	j.n.ConnectException: Connection refused: no further information
REQUEST		get single user request	1625993404182	1625993406211	KO	j.n.ConnectException: Connection refused: no further information
REQUEST		get single user request	1625993404180	1625993406211	KO	j.n.ConnectException: Connection refused: no further information
REQUEST		get single user request	1625993404180	1625993406211	KO	j.n.ConnectException: Connection refused: no further information
REQUEST		get single user request	1625993404180	1625993406211	KO	j.n.ConnectException: Connection refused: no further information
REQUEST		get single user request	1625993404180	1625993406211	KO	j.n.ConnectException: Connection refused: no further information
REQUEST		get single user request	1625993404180	1625993406211	KO	j.n.ConnectException: Connection refused: no further information
REQUEST		get single user request	1625993404180	1625993406211	KO	j.n.ConnectException: Connection refused: no further information
REQUEST		get single user request	1625993404181	1625993406211	KO	j.n.ConnectException: Connection refused: no further information
USER	Fixed Duration Load simulation	START	1625993406384
REQUEST		get single user request	1625993404445	1625993406493	KO	j.n.ConnectException: Connection refused: no further information
REQUEST		Add user request	1625993404460	1625993406493	KO	j.n.ConnectException: Connection refused: no further information
REQUEST		get all users request	1625993404493	1625993406539	KO	j.n.ConnectException: Connection refused: no further information
REQUEST		get single user request	1625993404570	1625993406603	KO	j.n.ConnectException: Connection refused: no further information
USER	Fixed Duration Load simulation	START	1625993406887
REQUEST		get all users request	1625993404883	1625993406918	KO	j.n.ConnectException: Connection refused: no further information
REQUEST		get single user request	1625993404946	1625993406981	KO	j.n.ConnectException: Connection refused: no further information
REQUEST		Add user request	1625993404961	1625993407011	KO	j.n.ConnectException: Connection refused: no further information
REQUEST		get all users request	1625993404994	1625993407011	KO	j.n.ConnectException: Connection refused: no further information
REQUEST		get single user request	1625993405086	1625993407107	KO	j.n.ConnectException: Connection refused: no further information
REQUEST		get all users request	1625993405385	1625993407422	KO	j.n.ConnectException: Connection refused: no further information
REQUEST		Add user request	1625993405464	1625993407502	KO	j.n.ConnectException: Connection refused: no further information
REQUEST		get single user request	1625993405557	1625993407581	KO	j.n.ConnectException: Connection refused: no further information
USER	Fixed Duration Load simulation	START	1625993407892
REQUEST		get all users request	1625993405886	1625993407908	KO	j.n.ConnectException: Connection refused: no further information
REQUEST		get single user request	1625993405932	1625993407955	KO	j.n.ConnectException: Connection refused: no further information
REQUEST		Add user request	1625993405964	1625993408001	KO	j.n.ConnectException: Connection refused: no further information
REQUEST		get all users request	1625993405981	1625993408017	KO	j.n.ConnectException: Connection refused: no further information
REQUEST		get single user request	1625993406086	1625993408129	KO	j.n.ConnectException: Connection refused: no further information
USER	Fixed Duration Load simulation	START	1625993408394
REQUEST		get all users request	1625993406385	1625993408410	KO	j.n.ConnectException: Connection refused: no further information
REQUEST		get single user request	1625993406431	1625993408442	KO	j.n.ConnectException: Connection refused: no further information
REQUEST		get all users request	1625993406494	1625993408520	KO	j.n.ConnectException: Connection refused: no further information
USER	Fixed Duration Load simulation	START	1625993408880
REQUEST		get all users request	1625993406887	1625993408896	KO	j.n.ConnectException: Connection refused: no further information
REQUEST		get single user request	1625993406918	1625993408927	KO	j.n.ConnectException: Connection refused: no further information
REQUEST		Add user request	1625993406966	1625993408973	KO	j.n.ConnectException: Connection refused: no further information
REQUEST		get all users request	1625993407012	1625993409051	KO	j.n.ConnectException: Connection refused: no further information
REQUEST		get single user request	1625993407027	1625993409066	KO	j.n.ConnectException: Connection refused: no further information
USER	Fixed Duration Load simulation	START	1625993409395
REQUEST		get single user request	1625993407406	1625993409426	KO	j.n.ConnectException: Connection refused: no further information
REQUEST		Add user request	1625993407454	1625993409503	KO	j.n.ConnectException: Connection refused: no further information
REQUEST		get all users request	1625993407503	1625993409550	KO	j.n.ConnectException: Connection refused: no further information
REQUEST		get single user request	1625993407534	1625993409566	KO	j.n.ConnectException: Connection refused: no further information
USER	Fixed Duration Load simulation	START	1625993409892
REQUEST		get all users request	1625993407893	1625993409938	KO	j.n.ConnectException: Connection refused: no further information
REQUEST		get single user request	1625993407923	1625993409953	KO	j.n.ConnectException: Connection refused: no further information
REQUEST		Add user request	1625993408001	1625993410045	KO	j.n.ConnectException: Connection refused: no further information
REQUEST		get all users request	1625993408003	1625993410045	KO	j.n.ConnectException: Connection refused: no further information
REQUEST		get single user request	1625993408033	1625993410078	KO	j.n.ConnectException: Connection refused: no further information
REQUEST		Add user request	1625993408205	1625993410236	KO	j.n.ConnectException: Connection refused: no further information
REQUEST		Add user request	1625993408205	1625993410236	KO	j.n.ConnectException: Connection refused: no further information
REQUEST		Add user request	1625993408205	1625993410236	KO	j.n.ConnectException: Connection refused: no further information
REQUEST		Add user request	1625993408222	1625993410252	KO	j.n.ConnectException: Connection refused: no further information
REQUEST		Add user request	1625993408221	1625993410252	KO	j.n.ConnectException: Connection refused: no further information
REQUEST		Add user request	1625993408222	1625993410252	KO	j.n.ConnectException: Connection refused: no further information
REQUEST		Add user request	1625993408221	1625993410252	KO	j.n.ConnectException: Connection refused: no further information
REQUEST		Add user request	1625993408221	1625993410252	KO	j.n.ConnectException: Connection refused: no further information
REQUEST		Add user request	1625993408222	1625993410252	KO	j.n.ConnectException: Connection refused: no further information
REQUEST		Add user request	1625993408223	1625993410268	KO	j.n.ConnectException: Connection refused: no further information
REQUEST		Add user request	1625993408221	1625993410268	KO	j.n.ConnectException: Connection refused: no further information
REQUEST		get all users request	1625993408394	1625993410441	KO	j.n.ConnectException: Connection refused: no further information
REQUEST		Add user request	1625993408505	1625993410565	KO	j.n.ConnectException: Connection refused: no further information
REQUEST		get single user request	1625993408552	1625993410581	KO	j.n.ConnectException: Connection refused: no further information
REQUEST		Add user request	1625993408614	1625993410660	KO	j.n.ConnectException: Connection refused: no further information
USER	Fixed Duration Load simulation	START	1625993410894
REQUEST		get all users request	1625993408881	1625993410909	KO	j.n.ConnectException: Connection refused: no further information
REQUEST		get single user request	1625993408927	1625993410971	KO	j.n.ConnectException: Connection refused: no further information
REQUEST		get all users request	1625993408974	1625993411017	KO	j.n.ConnectException: Connection refused: no further information
REQUEST		Add user request	1625993408988	1625993411033	KO	j.n.ConnectException: Connection refused: no further information
REQUEST		get single user request	1625993409020	1625993411066	KO	j.n.ConnectException: Connection refused: no further information
REQUEST		Add user request	1625993409115	1625993411145	KO	j.n.ConnectException: Connection refused: no further information
USER	Fixed Duration Load simulation	START	1625993411382
REQUEST		get all users request	1625993409396	1625993411414	KO	j.n.ConnectException: Connection refused: no further information
REQUEST		get single user request	1625993409426	1625993411446	KO	j.n.ConnectException: Connection refused: no further information
REQUEST		get all users request	1625993409504	1625993411542	KO	j.n.ConnectException: Connection refused: no further information
REQUEST		Add user request	1625993409597	1625993411620	KO	j.n.ConnectException: Connection refused: no further information
USER	Fixed Duration Load simulation	START	1625993411899
REQUEST		get all users request	1625993409893	1625993411929	KO	j.n.ConnectException: Connection refused: no further information
REQUEST		get single user request	1625993409923	1625993411944	KO	j.n.ConnectException: Connection refused: no further information
REQUEST		Add user request	1625993409970	1625993412022	KO	j.n.ConnectException: Connection refused: no further information
REQUEST		get single user request	1625993410030	1625993412069	KO	j.n.ConnectException: Connection refused: no further information
REQUEST		get all users request	1625993410046	1625993412085	KO	j.n.ConnectException: Connection refused: no further information
REQUEST		Add user request	1625993410141	1625993412163	KO	j.n.ConnectException: Connection refused: no further information
REQUEST		get all users request	1625993410237	1625993412257	KO	j.n.ConnectException: Connection refused: no further information
REQUEST		get all users request	1625993410237	1625993412257	KO	j.n.ConnectException: Connection refused: no further information
REQUEST		get all users request	1625993410237	1625993412273	KO	j.n.ConnectException: Connection refused: no further information
REQUEST		get all users request	1625993410253	1625993412288	KO	j.n.ConnectException: Connection refused: no further information
REQUEST		get all users request	1625993410253	1625993412288	KO	j.n.ConnectException: Connection refused: no further information
REQUEST		get all users request	1625993410253	1625993412288	KO	j.n.ConnectException: Connection refused: no further information
REQUEST		get all users request	1625993410253	1625993412288	KO	j.n.ConnectException: Connection refused: no further information
REQUEST		get all users request	1625993410253	1625993412288	KO	j.n.ConnectException: Connection refused: no further information
REQUEST		get all users request	1625993410253	1625993412288	KO	j.n.ConnectException: Connection refused: no further information
REQUEST		get all users request	1625993410269	1625993412303	KO	j.n.ConnectException: Connection refused: no further information
REQUEST		get all users request	1625993410269	1625993412303	KO	j.n.ConnectException: Connection refused: no further information
USER	Fixed Duration Load simulation	START	1625993412381
REQUEST		get single user request	1625993410425	1625993412460	KO	j.n.ConnectException: Connection refused: no further information
REQUEST		Add user request	1625993410456	1625993412493	KO	j.n.ConnectException: Connection refused: no further information
REQUEST		get single user request	1625993410534	1625993412584	KO	j.n.ConnectException: Connection refused: no further information
REQUEST		get all users request	1625993410566	1625993412616	KO	j.n.ConnectException: Connection refused: no further information
REQUEST		get all users request	1625993410661	1625993412694	KO	j.n.ConnectException: Connection refused: no further information
USER	Fixed Duration Load simulation	START	1625993412882
REQUEST		get all users request	1625993410894	1625993412927	KO	j.n.ConnectException: Connection refused: no further information
REQUEST		get single user request	1625993410909	1625993412958	KO	j.n.ConnectException: Connection refused: no further information
REQUEST		Add user request	1625993410940	1625993412974	KO	j.n.ConnectException: Connection refused: no further information
REQUEST		get all users request	1625993411034	1625993413081	KO	j.n.ConnectException: Connection refused: no further information
REQUEST		get single user request	1625993411065	1625993413113	KO	j.n.ConnectException: Connection refused: no further information
REQUEST		Add user request	1625993411082	1625993413128	KO	j.n.ConnectException: Connection refused: no further information
REQUEST		get all users request	1625993411146	1625993413174	KO	j.n.ConnectException: Connection refused: no further information
REQUEST		get all users request	1625993411383	1625993413425	KO	j.n.ConnectException: Connection refused: no further information
REQUEST		Add user request	1625993411430	1625993413488	KO	j.n.ConnectException: Connection refused: no further information
REQUEST		get single user request	1625993411558	1625993413612	KO	j.n.ConnectException: Connection refused: no further information
REQUEST		Add user request	1625993411573	1625993413628	KO	j.n.ConnectException: Connection refused: no further information
REQUEST		get all users request	1625993411621	1625993413675	KO	j.n.ConnectException: Connection refused: no further information
USER	Fixed Duration Load simulation	START	1625993413894
REQUEST		get all users request	1625993411899	1625993413941	KO	j.n.ConnectException: Connection refused: no further information
REQUEST		get single user request	1625993411944	1625993413988	KO	j.n.ConnectException: Connection refused: no further information
REQUEST		Add user request	1625993411960	1625993414019	KO	j.n.ConnectException: Connection refused: no further information
REQUEST		get all users request	1625993412023	1625993414080	KO	j.n.ConnectException: Connection refused: no further information
REQUEST		get single user request	1625993412054	1625993414127	KO	j.n.ConnectException: Connection refused: no further information
REQUEST		Add user request	1625993412085	1625993414142	KO	j.n.ConnectException: Connection refused: no further information
REQUEST		get all users request	1625993412164	1625993414204	KO	j.n.ConnectException: Connection refused: no further information
USER	Fixed Duration Load simulation	START	1625993414390
REQUEST		get all users request	1625993412381	1625993414421	KO	j.n.ConnectException: Connection refused: no further information
REQUEST		get single user request	1625993412444	1625993414500	KO	j.n.ConnectException: Connection refused: no further information
REQUEST		get all users request	1625993412494	1625993414531	KO	j.n.ConnectException: Connection refused: no further information
REQUEST		Add user request	1625993412585	1625993414641	KO	j.n.ConnectException: Connection refused: no further information
USER	Fixed Duration Load simulation	START	1625993414894
REQUEST		get all users request	1625993412883	1625993414910	KO	j.n.ConnectException: Connection refused: no further information
REQUEST		get single user request	1625993412912	1625993414941	KO	j.n.ConnectException: Connection refused: no further information
REQUEST		Add user request	1625993412974	1625993415004	KO	j.n.ConnectException: Connection refused: no further information
REQUEST		get all users request	1625993412974	1625993415004	KO	j.n.ConnectException: Connection refused: no further information
REQUEST		get single user request	1625993413020	1625993415049	KO	j.n.ConnectException: Connection refused: no further information
REQUEST		Add user request	1625993413081	1625993415126	KO	j.n.ConnectException: Connection refused: no further information
REQUEST		get all users request	1625993413129	1625993415172	KO	j.n.ConnectException: Connection refused: no further information
USER	Fixed Duration Load simulation	START	1625993415391
REQUEST		get single user request	1625993413425	1625993415469	KO	j.n.ConnectException: Connection refused: no further information
REQUEST		Add user request	1625993413457	1625993415500	KO	j.n.ConnectException: Connection refused: no further information
REQUEST		get all users request	1625993413489	1625993415531	KO	j.n.ConnectException: Connection refused: no further information
REQUEST		get single user request	1625993413550	1625993415593	KO	j.n.ConnectException: Connection refused: no further information
REQUEST		get all users request	1625993413629	1625993415670	KO	j.n.ConnectException: Connection refused: no further information
USER	Fixed Duration Load simulation	START	1625993415894
REQUEST		get all users request	1625993413895	1625993415926	KO	j.n.ConnectException: Connection refused: no further information
REQUEST		get single user request	1625993413941	1625993415972	KO	j.n.ConnectException: Connection refused: no further information
REQUEST		Add user request	1625993413956	1625993415989	KO	j.n.ConnectException: Connection refused: no further information
REQUEST		get all users request	1625993414020	1625993416051	KO	j.n.ConnectException: Connection refused: no further information
REQUEST		Add user request	1625993414080	1625993416114	KO	j.n.ConnectException: Connection refused: no further information
REQUEST		get single user request	1625993414095	1625993416130	KO	j.n.ConnectException: Connection refused: no further information
REQUEST		get all users request	1625993414143	1625993416176	KO	j.n.ConnectException: Connection refused: no further information
REQUEST		get single user request	1625993414266	1625993416286	KO	j.n.ConnectException: Connection refused: no further information
REQUEST		get single user request	1625993414281	1625993416302	KO	j.n.ConnectException: Connection refused: no further information
REQUEST		get single user request	1625993414266	1625993416302	KO	j.n.ConnectException: Connection refused: no further information
REQUEST		get single user request	1625993414297	1625993416317	KO	j.n.ConnectException: Connection refused: no further information
REQUEST		get single user request	1625993414297	1625993416318	KO	j.n.ConnectException: Connection refused: no further information
REQUEST		get single user request	1625993414297	1625993416317	KO	j.n.ConnectException: Connection refused: no further information
REQUEST		get single user request	1625993414297	1625993416318	KO	j.n.ConnectException: Connection refused: no further information
REQUEST		get single user request	1625993414297	1625993416318	KO	j.n.ConnectException: Connection refused: no further information
REQUEST		get single user request	1625993414297	1625993416317	KO	j.n.ConnectException: Connection refused: no further information
REQUEST		get single user request	1625993414312	1625993416333	KO	j.n.ConnectException: Connection refused: no further information
REQUEST		get single user request	1625993414312	1625993416333	KO	j.n.ConnectException: Connection refused: no further information
REQUEST		get all users request	1625993414390	1625993416412	KO	j.n.ConnectException: Connection refused: no further information
REQUEST		Add user request	1625993414469	1625993416492	KO	j.n.ConnectException: Connection refused: no further information
REQUEST		Add user request	1625993414594	1625993416617	KO	j.n.ConnectException: Connection refused: no further information
REQUEST		get single user request	1625993414626	1625993416665	KO	j.n.ConnectException: Connection refused: no further information
REQUEST		get all users request	1625993414642	1625993416681	KO	j.n.ConnectException: Connection refused: no further information
REQUEST		get single user request	1625993414704	1625993416746	KO	j.n.ConnectException: Connection refused: no further information
USER	Fixed Duration Load simulation	START	1625993416887
REQUEST		get all users request	1625993414894	1625993416919	KO	j.n.ConnectException: Connection refused: no further information
REQUEST		get single user request	1625993414941	1625993416965	KO	j.n.ConnectException: Connection refused: no further information
REQUEST		Add user request	1625993414972	1625993416997	KO	j.n.ConnectException: Connection refused: no further information
REQUEST		get all users request	1625993415005	1625993417028	KO	j.n.ConnectException: Connection refused: no further information
REQUEST		get single user request	1625993415095	1625993417121	KO	j.n.ConnectException: Connection refused: no further information
REQUEST		Add user request	1625993415126	1625993417153	KO	j.n.ConnectException: Connection refused: no further information
REQUEST		get all users request	1625993415127	1625993417153	KO	j.n.ConnectException: Connection refused: no further information
REQUEST		get single user request	1625993415189	1625993417215	KO	j.n.ConnectException: Connection refused: no further information
USER	Fixed Duration Load simulation	START	1625993417389
REQUEST		get all users request	1625993415392	1625993417405	KO	j.n.ConnectException: Connection refused: no further information
REQUEST		get single user request	1625993415437	1625993417451	KO	j.n.ConnectException: Connection refused: no further information
REQUEST		get all users request	1625993415501	1625993417515	KO	j.n.ConnectException: Connection refused: no further information
REQUEST		Add user request	1625993415624	1625993417642	KO	j.n.ConnectException: Connection refused: no further information
REQUEST		get single user request	1625993415686	1625993417706	KO	j.n.ConnectException: Connection refused: no further information
USER	Fixed Duration Load simulation	START	1625993417881
REQUEST		get all users request	1625993415895	1625993417929	KO	j.n.ConnectException: Connection refused: no further information
REQUEST		get single user request	1625993415957	1625993417977	KO	j.n.ConnectException: Connection refused: no further information
REQUEST		get all users request	1625993415990	1625993418009	KO	j.n.ConnectException: Connection refused: no further information
REQUEST		Add user request	1625993416004	1625993418025	KO	j.n.ConnectException: Connection refused: no further information
REQUEST		get single user request	1625993416082	1625993418104	KO	j.n.ConnectException: Connection refused: no further information
REQUEST		get all users request	1625993416115	1625993418135	KO	j.n.ConnectException: Connection refused: no further information
REQUEST		Add user request	1625993416130	1625993418151	KO	j.n.ConnectException: Connection refused: no further information
REQUEST		get single user request	1625993416208	1625993418231	KO	j.n.ConnectException: Connection refused: no further information
USER	Fixed Duration Load simulation	START	1625993418388
REQUEST		get single user request	1625993416428	1625993418450	KO	j.n.ConnectException: Connection refused: no further information
REQUEST		get all users request	1625993416493	1625993418513	KO	j.n.ConnectException: Connection refused: no further information
REQUEST		Add user request	1625993416508	1625993418529	KO	j.n.ConnectException: Connection refused: no further information
REQUEST		get single user request	1625993416539	1625993418560	KO	j.n.ConnectException: Connection refused: no further information
REQUEST		get all users request	1625993416618	1625993418638	KO	j.n.ConnectException: Connection refused: no further information
USER	Fixed Duration Load simulation	START	1625993418888
REQUEST		get all users request	1625993416888	1625993418920	KO	j.n.ConnectException: Connection refused: no further information
REQUEST		get single user request	1625993416919	1625993418952	KO	j.n.ConnectException: Connection refused: no further information
REQUEST		Add user request	1625993416949	1625993418968	KO	j.n.ConnectException: Connection refused: no further information
REQUEST		get all users request	1625993416998	1625993419031	KO	j.n.ConnectException: Connection refused: no further information
REQUEST		get single user request	1625993417012	1625993419031	KO	j.n.ConnectException: Connection refused: no further information
REQUEST		Add user request	1625993417060	1625993419079	KO	j.n.ConnectException: Connection refused: no further information
REQUEST		get all users request	1625993417154	1625993419173	KO	j.n.ConnectException: Connection refused: no further information
REQUEST		get single user request	1625993417183	1625993419204	KO	j.n.ConnectException: Connection refused: no further information
REQUEST		get all users request	1625993417389	1625993419406	KO	j.n.ConnectException: Connection refused: no further information
REQUEST		Add user request	1625993417483	1625993419499	KO	j.n.ConnectException: Connection refused: no further information
REQUEST		get single user request	1625993417547	1625993419563	KO	j.n.ConnectException: Connection refused: no further information
REQUEST		Add user request	1625993417610	1625993419640	KO	j.n.ConnectException: Connection refused: no further information
REQUEST		get all users request	1625993417643	1625993419670	KO	j.n.ConnectException: Connection refused: no further information
REQUEST		get single user request	1625993417674	1625993419701	KO	j.n.ConnectException: Connection refused: no further information
REQUEST		get all users request	1625993417881	1625993419905	KO	j.n.ConnectException: Connection refused: no further information
REQUEST		get single user request	1625993417929	1625993419951	KO	j.n.ConnectException: Connection refused: no further information
REQUEST		Add user request	1625993417977	1625993419997	KO	j.n.ConnectException: Connection refused: no further information
REQUEST		get all users request	1625993418026	1625993420045	KO	j.n.ConnectException: Connection refused: no further information
REQUEST		get single user request	1625993418056	1625993420077	KO	j.n.ConnectException: Connection refused: no further information
REQUEST		Add user request	1625993418135	1625993420155	KO	j.n.ConnectException: Connection refused: no further information
REQUEST		get all users request	1625993418152	1625993420170	KO	j.n.ConnectException: Connection refused: no further information
REQUEST		get single user request	1625993418183	1625993420232	KO	j.n.ConnectException: Connection refused: no further information
REQUEST		Add user request	1625993418293	1625993420325	KO	j.n.ConnectException: Connection refused: no further information
REQUEST		Add user request	1625993418310	1625993420357	KO	j.n.ConnectException: Connection refused: no further information
REQUEST		Add user request	1625993418310	1625993420357	KO	j.n.ConnectException: Connection refused: no further information
REQUEST		Add user request	1625993418325	1625993420372	KO	j.n.ConnectException: Connection refused: no further information
REQUEST		Add user request	1625993418325	1625993420372	KO	j.n.ConnectException: Connection refused: no further information
REQUEST		Add user request	1625993418325	1625993420372	KO	j.n.ConnectException: Connection refused: no further information
REQUEST		Add user request	1625993418325	1625993420372	KO	j.n.ConnectException: Connection refused: no further information
REQUEST		Add user request	1625993418325	1625993420372	KO	j.n.ConnectException: Connection refused: no further information
REQUEST		Add user request	1625993418325	1625993420372	KO	j.n.ConnectException: Connection refused: no further information
REQUEST		Add user request	1625993418340	1625993420387	KO	j.n.ConnectException: Connection refused: no further information
REQUEST		Add user request	1625993418340	1625993420387	KO	j.n.ConnectException: Connection refused: no further information
REQUEST		get all users request	1625993418388	1625993420435	KO	j.n.ConnectException: Connection refused: no further information
REQUEST		get single user request	1625993418418	1625993420450	KO	j.n.ConnectException: Connection refused: no further information
REQUEST		get all users request	1625993418530	1625993420560	KO	j.n.ConnectException: Connection refused: no further information
REQUEST		Add user request	1625993418668	1625993420717	KO	j.n.ConnectException: Connection refused: no further information
REQUEST		get single user request	1625993418684	1625993420731	KO	j.n.ConnectException: Connection refused: no further information
REQUEST		Add user request	1625993418762	1625993420808	KO	j.n.ConnectException: Connection refused: no further information
REQUEST		get all users request	1625993418889	1625993420933	KO	j.n.ConnectException: Connection refused: no further information
REQUEST		get single user request	1625993418920	1625993420980	KO	j.n.ConnectException: Connection refused: no further information
REQUEST		get all users request	1625993418969	1625993421012	KO	j.n.ConnectException: Connection refused: no further information
REQUEST		Add user request	1625993418968	1625993421012	KO	j.n.ConnectException: Connection refused: no further information
REQUEST		get single user request	1625993419031	1625993421073	KO	j.n.ConnectException: Connection refused: no further information
REQUEST		get all users request	1625993419080	1625993421136	KO	j.n.ConnectException: Connection refused: no further information
REQUEST		Add user request	1625993419126	1625993421182	KO	j.n.ConnectException: Connection refused: no further information
REQUEST		get single user request	1625993419157	1625993421214	KO	j.n.ConnectException: Connection refused: no further information
REQUEST		Add user request	1625993419219	1625993421276	KO	j.n.ConnectException: Connection refused: no further information
REQUEST		get single user request	1625993419421	1625993421464	KO	j.n.ConnectException: Connection refused: no further information
REQUEST		Add user request	1625993419453	1625993421511	KO	j.n.ConnectException: Connection refused: no further information
REQUEST		get all users request	1625993419500	1625993421557	KO	j.n.ConnectException: Connection refused: no further information
REQUEST		get single user request	1625993419531	1625993421587	KO	j.n.ConnectException: Connection refused: no further information
REQUEST		get all users request	1625993419640	1625993421697	KO	j.n.ConnectException: Connection refused: no further information
REQUEST		Add user request	1625993419717	1625993421775	KO	j.n.ConnectException: Connection refused: no further information
REQUEST		get single user request	1625993419936	1625993421990	KO	j.n.ConnectException: Connection refused: no further information
REQUEST		Add user request	1625993419982	1625993422038	KO	j.n.ConnectException: Connection refused: no further information
REQUEST		get all users request	1625993419998	1625993422038	KO	j.n.ConnectException: Connection refused: no further information
REQUEST		get single user request	1625993420013	1625993422069	KO	j.n.ConnectException: Connection refused: no further information
REQUEST		Add user request	1625993420108	1625993422161	KO	j.n.ConnectException: Connection refused: no further information
REQUEST		get single user request	1625993420139	1625993422193	KO	j.n.ConnectException: Connection refused: no further information
REQUEST		get all users request	1625993420156	1625993422225	KO	j.n.ConnectException: Connection refused: no further information
REQUEST		Add user request	1625993420248	1625993422303	KO	j.n.ConnectException: Connection refused: no further information
REQUEST		get all users request	1625993420326	1625993422381	KO	j.n.ConnectException: Connection refused: no further information
REQUEST		get all users request	1625993420357	1625993422413	KO	j.n.ConnectException: Connection refused: no further information
REQUEST		get all users request	1625993420373	1625993422413	KO	j.n.ConnectException: Connection refused: no further information
REQUEST		get all users request	1625993420373	1625993422413	KO	j.n.ConnectException: Connection refused: no further information
REQUEST		get all users request	1625993420357	1625993422413	KO	j.n.ConnectException: Connection refused: no further information
REQUEST		get all users request	1625993420373	1625993422413	KO	j.n.ConnectException: Connection refused: no further information
REQUEST		get all users request	1625993420373	1625993422428	KO	j.n.ConnectException: Connection refused: no further information
REQUEST		get all users request	1625993420373	1625993422428	KO	j.n.ConnectException: Connection refused: no further information
REQUEST		get all users request	1625993420373	1625993422444	KO	j.n.ConnectException: Connection refused: no further information
REQUEST		get all users request	1625993420388	1625993422444	KO	j.n.ConnectException: Connection refused: no further information
REQUEST		get all users request	1625993420388	1625993422444	KO	j.n.ConnectException: Connection refused: no further information
REQUEST		Add user request	1625993420465	1625993422522	KO	j.n.ConnectException: Connection refused: no further information
REQUEST		get single user request	1625993420528	1625993422570	KO	j.n.ConnectException: Connection refused: no further information
REQUEST		Add user request	1625993420576	1625993422615	KO	j.n.ConnectException: Connection refused: no further information
REQUEST		get single user request	1625993420654	1625993422694	KO	j.n.ConnectException: Connection refused: no further information
REQUEST		get all users request	1625993420717	1625993422755	KO	j.n.ConnectException: Connection refused: no further information
REQUEST		get all users request	1625993420809	1625993422850	KO	j.n.ConnectException: Connection refused: no further information
REQUEST		get single user request	1625993420933	1625993423006	KO	j.n.ConnectException: Connection refused: no further information
REQUEST		Add user request	1625993420964	1625993423006	KO	j.n.ConnectException: Connection refused: no further information
REQUEST		get all users request	1625993421013	1625993423052	KO	j.n.ConnectException: Connection refused: no further information
REQUEST		get single user request	1625993421043	1625993423084	KO	j.n.ConnectException: Connection refused: no further information
REQUEST		Add user request	1625993421043	1625993423084	KO	j.n.ConnectException: Connection refused: no further information
REQUEST		get single user request	1625993421182	1625993423224	KO	j.n.ConnectException: Connection refused: no further information
REQUEST		get all users request	1625993421183	1625993423224	KO	j.n.ConnectException: Connection refused: no further information
REQUEST		Add user request	1625993421214	1625993423270	KO	j.n.ConnectException: Connection refused: no further information
REQUEST		get all users request	1625993421276	1625993423348	KO	j.n.ConnectException: Connection refused: no further information
REQUEST		get single user request	1625993421416	1625993423488	KO	j.n.ConnectException: Connection refused: no further information
REQUEST		get all users request	1625993421512	1625993423567	KO	j.n.ConnectException: Connection refused: no further information
REQUEST		Add user request	1625993421572	1625993423614	KO	j.n.ConnectException: Connection refused: no further information
REQUEST		get single user request	1625993421681	1625993423709	KO	j.n.ConnectException: Connection refused: no further information
REQUEST		Add user request	1625993421713	1625993423740	KO	j.n.ConnectException: Connection refused: no further information
REQUEST		get all users request	1625993421775	1625993423818	KO	j.n.ConnectException: Connection refused: no further information
REQUEST		get single user request	1625993421913	1625993423957	KO	j.n.ConnectException: Connection refused: no further information
REQUEST		Add user request	1625993421961	1625993424004	KO	j.n.ConnectException: Connection refused: no further information
REQUEST		get all users request	1625993422039	1625993424081	KO	j.n.ConnectException: Connection refused: no further information
REQUEST		Add user request	1625993422084	1625993424129	KO	j.n.ConnectException: Connection refused: no further information
REQUEST		get single user request	1625993422053	1625993424129	KO	j.n.ConnectException: Connection refused: no further information
REQUEST		get all users request	1625993422162	1625993424207	KO	j.n.ConnectException: Connection refused: no further information
REQUEST		get single user request	1625993422177	1625993424223	KO	j.n.ConnectException: Connection refused: no further information
REQUEST		Add user request	1625993422240	1625993424285	KO	j.n.ConnectException: Connection refused: no further information
REQUEST		get all users request	1625993422304	1625993424346	KO	j.n.ConnectException: Connection refused: no further information
REQUEST		get single user request	1625993422444	1625993424486	KO	j.n.ConnectException: Connection refused: no further information
REQUEST		Add user request	1625993422460	1625993424502	KO	j.n.ConnectException: Connection refused: no further information
REQUEST		get all users request	1625993422523	1625993424580	KO	j.n.ConnectException: Connection refused: no further information
REQUEST		get single user request	1625993422570	1625993424626	KO	j.n.ConnectException: Connection refused: no further information
REQUEST		get all users request	1625993422616	1625993424672	KO	j.n.ConnectException: Connection refused: no further information
REQUEST		Add user request	1625993422740	1625993424797	KO	j.n.ConnectException: Connection refused: no further information
REQUEST		get single user request	1625993422943	1625993424984	KO	j.n.ConnectException: Connection refused: no further information
REQUEST		Add user request	1625993422990	1625993425030	KO	j.n.ConnectException: Connection refused: no further information
REQUEST		get all users request	1625993423007	1625993425062	KO	j.n.ConnectException: Connection refused: no further information
REQUEST		get single user request	1625993423021	1625993425062	KO	j.n.ConnectException: Connection refused: no further information
REQUEST		get all users request	1625993423084	1625993425126	KO	j.n.ConnectException: Connection refused: no further information
REQUEST		Add user request	1625993423084	1625993425126	KO	j.n.ConnectException: Connection refused: no further information
REQUEST		get single user request	1625993423146	1625993425204	KO	j.n.ConnectException: Connection refused: no further information
REQUEST		Add user request	1625993423224	1625993425280	KO	j.n.ConnectException: Connection refused: no further information
REQUEST		get all users request	1625993423271	1625993425326	KO	j.n.ConnectException: Connection refused: no further information
REQUEST		Add user request	1625993423473	1625993425515	KO	j.n.ConnectException: Connection refused: no further information
REQUEST		get single user request	1625993423567	1625993425623	KO	j.n.ConnectException: Connection refused: no further information
REQUEST		Add user request	1625993423598	1625993425639	KO	j.n.ConnectException: Connection refused: no further information
REQUEST		get all users request	1625993423614	1625993425671	KO	j.n.ConnectException: Connection refused: no further information
REQUEST		get single user request	1625993423709	1625993425750	KO	j.n.ConnectException: Connection refused: no further information
REQUEST		get all users request	1625993423741	1625993425781	KO	j.n.ConnectException: Connection refused: no further information
REQUEST		get all users request	1625993424005	1625993426045	KO	j.n.ConnectException: Connection refused: no further information
REQUEST		Add user request	1625993424004	1625993426061	KO	j.n.ConnectException: Connection refused: no further information
REQUEST		get single user request	1625993424050	1625993426109	KO	j.n.ConnectException: Connection refused: no further information
REQUEST		Add user request	1625993424082	1625993426125	KO	j.n.ConnectException: Connection refused: no further information
REQUEST		get all users request	1625993424129	1625993426201	KO	j.n.ConnectException: Connection refused: no further information
REQUEST		Add user request	1625993424207	1625993426249	KO	j.n.ConnectException: Connection refused: no further information
REQUEST		get single user request	1625993424238	1625993426280	KO	j.n.ConnectException: Connection refused: no further information
REQUEST		get all users request	1625993424285	1625993426341	KO	j.n.ConnectException: Connection refused: no further information
REQUEST		get single user request	1625993424393	1625993426435	KO	j.n.ConnectException: Connection refused: no further information
REQUEST		get single user request	1625993424424	1625993426467	KO	j.n.ConnectException: Connection refused: no further information
REQUEST		get single user request	1625993424424	1625993426467	KO	j.n.ConnectException: Connection refused: no further information
REQUEST		get single user request	1625993424424	1625993426467	KO	j.n.ConnectException: Connection refused: no further information
REQUEST		get single user request	1625993424424	1625993426467	KO	j.n.ConnectException: Connection refused: no further information
REQUEST		get single user request	1625993424424	1625993426466	KO	j.n.ConnectException: Connection refused: no further information
REQUEST		get single user request	1625993424439	1625993426482	KO	j.n.ConnectException: Connection refused: no further information
REQUEST		get single user request	1625993424439	1625993426499	KO	j.n.ConnectException: Connection refused: no further information
REQUEST		get single user request	1625993424454	1625993426499	KO	j.n.ConnectException: Connection refused: no further information
REQUEST		get single user request	1625993424454	1625993426499	KO	j.n.ConnectException: Connection refused: no further information
REQUEST		get single user request	1625993424454	1625993426499	KO	j.n.ConnectException: Connection refused: no further information
REQUEST		get all users request	1625993424503	1625993426530	KO	j.n.ConnectException: Connection refused: no further information
REQUEST		Add user request	1625993424580	1625993426610	KO	j.n.ConnectException: Connection refused: no further information
REQUEST		Add user request	1625993424702	1625993426736	KO	j.n.ConnectException: Connection refused: no further information
REQUEST		get single user request	1625993424766	1625993426784	KO	j.n.ConnectException: Connection refused: no further information
REQUEST		get all users request	1625993424798	1625993426848	KO	j.n.ConnectException: Connection refused: no further information
REQUEST		get single user request	1625993424861	1625993426896	KO	j.n.ConnectException: Connection refused: no further information
REQUEST		Add user request	1625993425014	1625993427056	KO	j.n.ConnectException: Connection refused: no further information
REQUEST		get all users request	1625993425031	1625993427072	KO	j.n.ConnectException: Connection refused: no further information
REQUEST		get single user request	1625993425062	1625993427088	KO	j.n.ConnectException: Connection refused: no further information
REQUEST		Add user request	1625993425094	1625993427118	KO	j.n.ConnectException: Connection refused: no further information
REQUEST		get all users request	1625993425127	1625993427150	KO	j.n.ConnectException: Connection refused: no further information
REQUEST		Add user request	1625993425234	1625993427260	KO	j.n.ConnectException: Connection refused: no further information
REQUEST		get single user request	1625993425234	1625993427260	KO	j.n.ConnectException: Connection refused: no further information
REQUEST		get all users request	1625993425281	1625993427308	KO	j.n.ConnectException: Connection refused: no further information
REQUEST		get single user request	1625993425357	1625993427401	KO	j.n.ConnectException: Connection refused: no further information
REQUEST		get all users request	1625993425515	1625993427544	KO	j.n.ConnectException: Connection refused: no further information
REQUEST		Add user request	1625993425498	1625993427544	KO	j.n.ConnectException: Connection refused: no further information
REQUEST		get single user request	1625993425577	1625993427606	KO	j.n.ConnectException: Connection refused: no further information
REQUEST		get all users request	1625993425640	1625993427685	KO	j.n.ConnectException: Connection refused: no further information
REQUEST		Add user request	1625993425718	1625993427763	KO	j.n.ConnectException: Connection refused: no further information
REQUEST		get single user request	1625993425827	1625993427858	KO	j.n.ConnectException: Connection refused: no further information
REQUEST		Add user request	1625993425967	1625993428000	KO	j.n.ConnectException: Connection refused: no further information
REQUEST		get all users request	1625993426062	1625993428094	KO	j.n.ConnectException: Connection refused: no further information
REQUEST		get single user request	1625993426093	1625993428110	KO	j.n.ConnectException: Connection refused: no further information
REQUEST		get all users request	1625993426125	1625993428156	KO	j.n.ConnectException: Connection refused: no further information
REQUEST		Add user request	1625993426140	1625993428171	KO	j.n.ConnectException: Connection refused: no further information
REQUEST		get single user request	1625993426217	1625993428234	KO	j.n.ConnectException: Connection refused: no further information
REQUEST		Add user request	1625993426233	1625993428250	KO	j.n.ConnectException: Connection refused: no further information
REQUEST		get all users request	1625993426250	1625993428266	KO	j.n.ConnectException: Connection refused: no further information
REQUEST		get single user request	1625993426357	1625993428376	KO	j.n.ConnectException: Connection refused: no further information
REQUEST		Add user request	1625993426499	1625993428517	KO	j.n.ConnectException: Connection refused: no further information
REQUEST		get single user request	1625993426595	1625993428624	KO	j.n.ConnectException: Connection refused: no further information
REQUEST		get all users request	1625993426611	1625993428640	KO	j.n.ConnectException: Connection refused: no further information
REQUEST		Add user request	1625993426641	1625993428670	KO	j.n.ConnectException: Connection refused: no further information
REQUEST		get single user request	1625993426688	1625993428718	KO	j.n.ConnectException: Connection refused: no further information
REQUEST		get all users request	1625993426736	1625993428764	KO	j.n.ConnectException: Connection refused: no further information
REQUEST		Add user request	1625993426992	1625993429014	KO	j.n.ConnectException: Connection refused: no further information
REQUEST		get all users request	1625993427056	1625993429076	KO	j.n.ConnectException: Connection refused: no further information
REQUEST		Add user request	1625993427072	1625993429106	KO	j.n.ConnectException: Connection refused: no further information
REQUEST		get single user request	1625993427072	1625993429106	KO	j.n.ConnectException: Connection refused: no further information
REQUEST		get all users request	1625993427118	1625993429153	KO	j.n.ConnectException: Connection refused: no further information
REQUEST		get single user request	1625993427134	1625993429169	KO	j.n.ConnectException: Connection refused: no further information
REQUEST		Add user request	1625993427213	1625993429233	KO	j.n.ConnectException: Connection refused: no further information
REQUEST		get all users request	1625993427261	1625993429280	KO	j.n.ConnectException: Connection refused: no further information
REQUEST		get single user request	1625993427338	1625993429357	KO	j.n.ConnectException: Connection refused: no further information
REQUEST		get all users request	1625993427544	1625993429575	KO	j.n.ConnectException: Connection refused: no further information
REQUEST		Add user request	1625993427638	1625993429682	KO	j.n.ConnectException: Connection refused: no further information
REQUEST		get single user request	1625993427685	1625993429730	KO	j.n.ConnectException: Connection refused: no further information
REQUEST		get all users request	1625993427764	1625993429792	KO	j.n.ConnectException: Connection refused: no further information
REQUEST		Add user request	1625993427764	1625993429792	KO	j.n.ConnectException: Connection refused: no further information
REQUEST		get single user request	1625993427795	1625993429824	KO	j.n.ConnectException: Connection refused: no further information
REQUEST		get all users request	1625993428001	1625993430043	KO	j.n.ConnectException: Connection refused: no further information
REQUEST		get single user request	1625993428047	1625993430091	KO	j.n.ConnectException: Connection refused: no further information
REQUEST		Add user request	1625993428125	1625993430170	KO	j.n.ConnectException: Connection refused: no further information
REQUEST		get all users request	1625993428172	1625993430214	KO	j.n.ConnectException: Connection refused: no further information
REQUEST		get single user request	1625993428217	1625993430261	KO	j.n.ConnectException: Connection refused: no further information
REQUEST		get all users request	1625993428250	1625993430306	KO	j.n.ConnectException: Connection refused: no further information
REQUEST		Add user request	1625993428297	1625993430337	KO	j.n.ConnectException: Connection refused: no further information
REQUEST		get single user request	1625993428344	1625993430385	KO	j.n.ConnectException: Connection refused: no further information
REQUEST		Add user request	1625993428439	1625993430494	KO	j.n.ConnectException: Connection refused: no further information
REQUEST		Add user request	1625993428471	1625993430525	KO	j.n.ConnectException: Connection refused: no further information
REQUEST		Add user request	1625993428471	1625993430525	KO	j.n.ConnectException: Connection refused: no further information
REQUEST		Add user request	1625993428471	1625993430525	KO	j.n.ConnectException: Connection refused: no further information
REQUEST		Add user request	1625993428471	1625993430525	KO	j.n.ConnectException: Connection refused: no further information
REQUEST		Add user request	1625993428471	1625993430525	KO	j.n.ConnectException: Connection refused: no further information
REQUEST		Add user request	1625993428486	1625993430541	KO	j.n.ConnectException: Connection refused: no further information
REQUEST		get all users request	1625993428518	1625993430557	KO	j.n.ConnectException: Connection refused: no further information
REQUEST		Add user request	1625993428502	1625993430557	KO	j.n.ConnectException: Connection refused: no further information
REQUEST		Add user request	1625993428502	1625993430557	KO	j.n.ConnectException: Connection refused: no further information
REQUEST		Add user request	1625993428502	1625993430557	KO	j.n.ConnectException: Connection refused: no further information
REQUEST		Add user request	1625993428502	1625993430557	KO	j.n.ConnectException: Connection refused: no further information
REQUEST		get single user request	1625993428532	1625993430572	KO	j.n.ConnectException: Connection refused: no further information
REQUEST		get all users request	1625993428671	1625993430714	KO	j.n.ConnectException: Connection refused: no further information
REQUEST		Add user request	1625993428794	1625993430838	KO	j.n.ConnectException: Connection refused: no further information
REQUEST		get single user request	1625993428856	1625993430917	KO	j.n.ConnectException: Connection refused: no further information
REQUEST		Add user request	1625993428903	1625993430949	KO	j.n.ConnectException: Connection refused: no further information
REQUEST		get all users request	1625993429015	1625993431073	KO	j.n.ConnectException: Connection refused: no further information
REQUEST		get single user request	1625993429076	1625993431105	KO	j.n.ConnectException: Connection refused: no further information
REQUEST		Add user request	1625993429091	1625993431121	KO	j.n.ConnectException: Connection refused: no further information
REQUEST		get all users request	1625993429107	1625993431136	KO	j.n.ConnectException: Connection refused: no further information
REQUEST		get single user request	1625993429153	1625993431184	KO	j.n.ConnectException: Connection refused: no further information
REQUEST		get all users request	1625993429234	1625993431260	KO	j.n.ConnectException: Connection refused: no further information
REQUEST		Add user request	1625993429264	1625993431306	KO	j.n.ConnectException: Connection refused: no further information
REQUEST		get single user request	1625993429311	1625993431354	KO	j.n.ConnectException: Connection refused: no further information
REQUEST		Add user request	1625993429404	1625993431447	KO	j.n.ConnectException: Connection refused: no further information
REQUEST		get single user request	1625993429559	1625993431602	KO	j.n.ConnectException: Connection refused: no further information
REQUEST		Add user request	1625993429621	1625993431666	KO	j.n.ConnectException: Connection refused: no further information
REQUEST		get all users request	1625993429682	1625993431699	KO	j.n.ConnectException: Connection refused: no further information
REQUEST		get single user request	1625993429698	1625993431745	KO	j.n.ConnectException: Connection refused: no further information
REQUEST		get all users request	1625993429793	1625993431839	KO	j.n.ConnectException: Connection refused: no further information
REQUEST		Add user request	1625993429870	1625993431902	KO	j.n.ConnectException: Connection refused: no further information
REQUEST		get single user request	1625993430107	1625993432138	KO	j.n.ConnectException: Connection refused: no further information
REQUEST		Add user request	1625993430123	1625993432154	KO	j.n.ConnectException: Connection refused: no further information
REQUEST		get single user request	1625993430169	1625993432201	KO	j.n.ConnectException: Connection refused: no further information
REQUEST		get all users request	1625993430170	1625993432201	KO	j.n.ConnectException: Connection refused: no further information
REQUEST		Add user request	1625993430245	1625993432265	KO	j.n.ConnectException: Connection refused: no further information
REQUEST		get single user request	1625993430277	1625993432312	KO	j.n.ConnectException: Connection refused: no further information
REQUEST		get all users request	1625993430338	1625993432375	KO	j.n.ConnectException: Connection refused: no further information
REQUEST		Add user request	1625993430385	1625993432407	KO	j.n.ConnectException: Connection refused: no further information
REQUEST		get all users request	1625993430494	1625993432533	KO	j.n.ConnectException: Connection refused: no further information
REQUEST		get all users request	1625993430525	1625993432564	KO	j.n.ConnectException: Connection refused: no further information
REQUEST		get all users request	1625993430525	1625993432564	KO	j.n.ConnectException: Connection refused: no further information
REQUEST		get all users request	1625993430526	1625993432564	KO	j.n.ConnectException: Connection refused: no further information
REQUEST		get all users request	1625993430526	1625993432564	KO	j.n.ConnectException: Connection refused: no further information
REQUEST		get all users request	1625993430526	1625993432566	KO	j.n.ConnectException: Connection refused: no further information
REQUEST		get all users request	1625993430541	1625993432580	KO	j.n.ConnectException: Connection refused: no further information
REQUEST		get all users request	1625993430557	1625993432596	KO	j.n.ConnectException: Connection refused: no further information
REQUEST		get all users request	1625993430557	1625993432597	KO	j.n.ConnectException: Connection refused: no further information
REQUEST		get all users request	1625993430557	1625993432596	KO	j.n.ConnectException: Connection refused: no further information
REQUEST		get all users request	1625993430557	1625993432596	KO	j.n.ConnectException: Connection refused: no further information
REQUEST		Add user request	1625993430636	1625993432676	KO	j.n.ConnectException: Connection refused: no further information
REQUEST		get single user request	1625993430651	1625993432692	KO	j.n.ConnectException: Connection refused: no further information
REQUEST		Add user request	1625993430730	1625993432758	KO	j.n.ConnectException: Connection refused: no further information
REQUEST		get single user request	1625993430775	1625993432803	KO	j.n.ConnectException: Connection refused: no further information
REQUEST		get all users request	1625993430839	1625993432883	KO	j.n.ConnectException: Connection refused: no further information
REQUEST		get all users request	1625993430950	1625993432980	KO	j.n.ConnectException: Connection refused: no further information
REQUEST		get single user request	1625993431090	1625993433119	KO	j.n.ConnectException: Connection refused: no further information
REQUEST		Add user request	1625993431121	1625993433151	KO	j.n.ConnectException: Connection refused: no further information
REQUEST		get all users request	1625993431122	1625993433152	KO	j.n.ConnectException: Connection refused: no further information
REQUEST		get single user request	1625993431167	1625993433198	KO	j.n.ConnectException: Connection refused: no further information
REQUEST		Add user request	1625993431184	1625993433218	KO	j.n.ConnectException: Connection refused: no further information
REQUEST		get single user request	1625993431291	1625993433322	KO	j.n.ConnectException: Connection refused: no further information
REQUEST		get all users request	1625993431307	1625993433338	KO	j.n.ConnectException: Connection refused: no further information
REQUEST		Add user request	1625993431369	1625993433402	KO	j.n.ConnectException: Connection refused: no further information
REQUEST		get all users request	1625993431447	1625993433463	KO	j.n.ConnectException: Connection refused: no further information
REQUEST		get single user request	1625993431586	1625993433605	KO	j.n.ConnectException: Connection refused: no further information
REQUEST		get all users request	1625993431667	1625993433684	KO	j.n.ConnectException: Connection refused: no further information
REQUEST		Add user request	1625993431745	1625993433763	KO	j.n.ConnectException: Connection refused: no further information
REQUEST		get single user request	1625993431807	1625993433826	KO	j.n.ConnectException: Connection refused: no further information
REQUEST		Add user request	1625993431839	1625993433856	KO	j.n.ConnectException: Connection refused: no further information
REQUEST		get all users request	1625993431902	1625993433934	KO	j.n.ConnectException: Connection refused: no further information
REQUEST		get single user request	1625993432045	1625993434059	KO	j.n.ConnectException: Connection refused: no further information
REQUEST		Add user request	1625993432108	1625993434122	KO	j.n.ConnectException: Connection refused: no further information
REQUEST		get all users request	1625993432155	1625993434171	KO	j.n.ConnectException: Connection refused: no further information
REQUEST		get single user request	1625993432217	1625993434234	KO	j.n.ConnectException: Connection refused: no further information
REQUEST		get all users request	1625993432265	1625993434281	KO	j.n.ConnectException: Connection refused: no further information
REQUEST		Add user request	1625993432265	1625993434281	KO	j.n.ConnectException: Connection refused: no further information
REQUEST		get single user request	1625993432312	1625993434327	KO	j.n.ConnectException: Connection refused: no further information
REQUEST		Add user request	1625993432391	1625993434405	KO	j.n.ConnectException: Connection refused: no further information
REQUEST		get all users request	1625993432408	1625993434437	KO	j.n.ConnectException: Connection refused: no further information
REQUEST		get single user request	1625993432564	1625993434580	KO	j.n.ConnectException: Connection refused: no further information
REQUEST		Add user request	1625993432580	1625993434601	KO	j.n.ConnectException: Connection refused: no further information
REQUEST		get all users request	1625993432677	1625993434691	KO	j.n.ConnectException: Connection refused: no further information
REQUEST		get single user request	1625993432723	1625993434762	KO	j.n.ConnectException: Connection refused: no further information
REQUEST		get all users request	1625993432759	1625993434769	KO	j.n.ConnectException: Connection refused: no further information
REQUEST		Add user request	1625993432931	1625993434943	KO	j.n.ConnectException: Connection refused: no further information
REQUEST		get single user request	1625993433087	1625993435101	KO	j.n.ConnectException: Connection refused: no further information
REQUEST		Add user request	1625993433119	1625993435133	KO	j.n.ConnectException: Connection refused: no further information
REQUEST		get single user request	1625993433151	1625993435181	KO	j.n.ConnectException: Connection refused: no further information
REQUEST		get all users request	1625993433152	1625993435181	KO	j.n.ConnectException: Connection refused: no further information
REQUEST		Add user request	1625993433198	1625993435228	KO	j.n.ConnectException: Connection refused: no further information
REQUEST		get all users request	1625993433218	1625993435260	KO	j.n.ConnectException: Connection refused: no further information
REQUEST		get single user request	1625993433275	1625993435290	KO	j.n.ConnectException: Connection refused: no further information
REQUEST		Add user request	1625993433370	1625993435383	KO	j.n.ConnectException: Connection refused: no further information
REQUEST		get all users request	1625993433402	1625993435431	KO	j.n.ConnectException: Connection refused: no further information
REQUEST		Add user request	1625993433605	1625993435637	KO	j.n.ConnectException: Connection refused: no further information
REQUEST		get single user request	1625993433715	1625993435729	KO	j.n.ConnectException: Connection refused: no further information
REQUEST		Add user request	1625993433747	1625993435760	KO	j.n.ConnectException: Connection refused: no further information
REQUEST		get all users request	1625993433763	1625993435776	KO	j.n.ConnectException: Connection refused: no further information
REQUEST		get single user request	1625993433841	1625993435854	KO	j.n.ConnectException: Connection refused: no further information
REQUEST		get all users request	1625993433857	1625993435885	KO	j.n.ConnectException: Connection refused: no further information
REQUEST		get all users request	1625993434123	1625993436151	KO	j.n.ConnectException: Connection refused: no further information
REQUEST		Add user request	1625993434154	1625993436183	KO	j.n.ConnectException: Connection refused: no further information
REQUEST		Add user request	1625993434202	1625993436229	KO	j.n.ConnectException: Connection refused: no further information
REQUEST		get single user request	1625993434218	1625993436244	KO	j.n.ConnectException: Connection refused: no further information
REQUEST		get all users request	1625993434282	1625993436321	KO	j.n.ConnectException: Connection refused: no further information
REQUEST		Add user request	1625993434327	1625993436352	KO	j.n.ConnectException: Connection refused: no further information
REQUEST		get all users request	1625993434406	1625993436430	KO	j.n.ConnectException: Connection refused: no further information
REQUEST		get single user request	1625993434389	1625993436430	KO	j.n.ConnectException: Connection refused: no further information
REQUEST		get single user request	1625993434549	1625993436572	KO	j.n.ConnectException: Connection refused: no further information
REQUEST		get single user request	1625993434579	1625993436604	KO	j.n.ConnectException: Connection refused: no further information
REQUEST		get single user request	1625993434579	1625993436620	KO	j.n.ConnectException: Connection refused: no further information
REQUEST		get single user request	1625993434579	1625993436620	KO	j.n.ConnectException: Connection refused: no further information
REQUEST		get single user request	1625993434579	1625993436620	KO	j.n.ConnectException: Connection refused: no further information
REQUEST		get single user request	1625993434579	1625993436620	KO	j.n.ConnectException: Connection refused: no further information
REQUEST		get single user request	1625993434595	1625993436620	KO	j.n.ConnectException: Connection refused: no further information
REQUEST		get single user request	1625993434611	1625993436636	KO	j.n.ConnectException: Connection refused: no further information
REQUEST		get single user request	1625993434611	1625993436636	KO	j.n.ConnectException: Connection refused: no further information
REQUEST		get all users request	1625993434601	1625993436636	KO	j.n.ConnectException: Connection refused: no further information
REQUEST		get single user request	1625993434611	1625993436636	KO	j.n.ConnectException: Connection refused: no further information
REQUEST		get single user request	1625993434611	1625993436636	KO	j.n.ConnectException: Connection refused: no further information
REQUEST		Add user request	1625993434738	1625993436745	KO	j.n.ConnectException: Connection refused: no further information
REQUEST		Add user request	1625993434816	1625993436853	KO	j.n.ConnectException: Connection refused: no further information
REQUEST		get single user request	1625993434895	1625993436915	KO	j.n.ConnectException: Connection refused: no further information
REQUEST		get all users request	1625993434943	1625993436975	KO	j.n.ConnectException: Connection refused: no further information
REQUEST		get single user request	1625993434990	1625993437022	KO	j.n.ConnectException: Connection refused: no further information
REQUEST		get all users request	1625993435134	1625993437163	KO	j.n.ConnectException: Connection refused: no further information
REQUEST		Add user request	1625993435133	1625993437179	KO	j.n.ConnectException: Connection refused: no further information
REQUEST		get single user request	1625993435165	1625993437210	KO	j.n.ConnectException: Connection refused: no further information
REQUEST		Add user request	1625993435212	1625993437241	KO	j.n.ConnectException: Connection refused: no further information
REQUEST		get all users request	1625993435228	1625993437272	KO	j.n.ConnectException: Connection refused: no further information
REQUEST		Add user request	1625993435336	1625993437365	KO	j.n.ConnectException: Connection refused: no further information
REQUEST		get single user request	1625993435352	1625993437381	KO	j.n.ConnectException: Connection refused: no further information
REQUEST		get all users request	1625993435384	1625993437413	KO	j.n.ConnectException: Connection refused: no further information
REQUEST		get single user request	1625993435479	1625993437528	KO	j.n.ConnectException: Connection refused: no further information
REQUEST		Add user request	1625993435621	1625993437649	KO	j.n.ConnectException: Connection refused: no further information
REQUEST		get all users request	1625993435637	1625993437681	KO	j.n.ConnectException: Connection refused: no further information
REQUEST		get single user request	1625993435698	1625993437729	KO	j.n.ConnectException: Connection refused: no further information
REQUEST		get all users request	1625993435761	1625993437806	KO	j.n.ConnectException: Connection refused: no further information
REQUEST		Add user request	1625993435838	1625993437868	KO	j.n.ConnectException: Connection refused: no further information
REQUEST		get single user request	1625993435948	1625993437992	KO	j.n.ConnectException: Connection refused: no further information
REQUEST		Add user request	1625993436074	1625993438102	KO	j.n.ConnectException: Connection refused: no further information
REQUEST		get single user request	1625993436183	1625993438226	KO	j.n.ConnectException: Connection refused: no further information
REQUEST		get all users request	1625993436183	1625993438225	KO	j.n.ConnectException: Connection refused: no further information
REQUEST		get all users request	1625993436229	1625993438273	KO	j.n.ConnectException: Connection refused: no further information
REQUEST		Add user request	1625993436244	1625993438289	KO	j.n.ConnectException: Connection refused: no further information
REQUEST		get single user request	1625993436290	1625993438336	KO	j.n.ConnectException: Connection refused: no further information
REQUEST		Add user request	1625993436336	1625993438383	KO	j.n.ConnectException: Connection refused: no further information
REQUEST		get all users request	1625993436352	1625993438399	KO	j.n.ConnectException: Connection refused: no further information
REQUEST		get single user request	1625993436445	1625993438477	KO	j.n.ConnectException: Connection refused: no further information
REQUEST		Add user request	1625993436587	1625993438618	KO	j.n.ConnectException: Connection refused: no further information
REQUEST		get single user request	1625993436698	1625993438729	KO	j.n.ConnectException: Connection refused: no further information
REQUEST		get all users request	1625993436745	1625993438776	KO	j.n.ConnectException: Connection refused: no further information
REQUEST		Add user request	1625993436775	1625993438807	KO	j.n.ConnectException: Connection refused: no further information
REQUEST		get single user request	1625993436775	1625993438807	KO	j.n.ConnectException: Connection refused: no further information
REQUEST		get all users request	1625993436853	1625993438886	KO	j.n.ConnectException: Connection refused: no further information
REQUEST		Add user request	1625993437114	1625993439141	KO	j.n.ConnectException: Connection refused: no further information
REQUEST		get all users request	1625993437179	1625993439220	KO	j.n.ConnectException: Connection refused: no further information
REQUEST		Add user request	1625993437193	1625993439220	KO	j.n.ConnectException: Connection refused: no further information
REQUEST		get single user request	1625993437194	1625993439235	KO	j.n.ConnectException: Connection refused: no further information
REQUEST		get all users request	1625993437241	1625993439267	KO	j.n.ConnectException: Connection refused: no further information
REQUEST		get single user request	1625993437272	1625993439299	KO	j.n.ConnectException: Connection refused: no further information
REQUEST		Add user request	1625993437303	1625993439331	KO	j.n.ConnectException: Connection refused: no further information
REQUEST		get all users request	1625993437365	1625993439393	KO	j.n.ConnectException: Connection refused: no further information
REQUEST		get single user request	1625993437445	1625993439473	KO	j.n.ConnectException: Connection refused: no further information
REQUEST		get all users request	1625993437649	1625993439674	KO	j.n.ConnectException: Connection refused: no further information
REQUEST		Add user request	1625993437745	1625993439768	KO	j.n.ConnectException: Connection refused: no further information
REQUEST		get single user request	1625993437790	1625993439830	KO	j.n.ConnectException: Connection refused: no further information
REQUEST		get all users request	1625993437868	1625993439894	KO	j.n.ConnectException: Connection refused: no further information
REQUEST		Add user request	1625993437867	1625993439894	KO	j.n.ConnectException: Connection refused: no further information
REQUEST		get single user request	1625993437899	1625993439925	KO	j.n.ConnectException: Connection refused: no further information
REQUEST		get all users request	1625993438102	1625993440132	KO	j.n.ConnectException: Connection refused: no further information
REQUEST		get single user request	1625993438163	1625993440179	KO	j.n.ConnectException: Connection refused: no further information
REQUEST		Add user request	1625993438257	1625993440272	KO	j.n.ConnectException: Connection refused: no further information
REQUEST		get all users request	1625993438289	1625993440305	KO	j.n.ConnectException: Connection refused: no further information
REQUEST		get single user request	1625993438336	1625993440367	KO	j.n.ConnectException: Connection refused: no further information
REQUEST		get all users request	1625993438384	1625993440398	KO	j.n.ConnectException: Connection refused: no further information
REQUEST		get single user request	1625993438446	1625993440476	KO	j.n.ConnectException: Connection refused: no further information
REQUEST		Add user request	1625993438446	1625993440492	KO	j.n.ConnectException: Connection refused: no further information
REQUEST		Add user request	1625993438586	1625993440602	KO	j.n.ConnectException: Connection refused: no further information
REQUEST		get all users request	1625993438619	1625993440633	KO	j.n.ConnectException: Connection refused: no further information
REQUEST		Add user request	1625993438618	1625993440633	KO	j.n.ConnectException: Connection refused: no further information
REQUEST		Add user request	1625993438634	1625993440648	KO	j.n.ConnectException: Connection refused: no further information
REQUEST		Add user request	1625993438634	1625993440649	KO	j.n.ConnectException: Connection refused: no further information
REQUEST		Add user request	1625993438634	1625993440648	KO	j.n.ConnectException: Connection refused: no further information
REQUEST		Add user request	1625993438634	1625993440663	KO	j.n.ConnectException: Connection refused: no further information
REQUEST		Add user request	1625993438634	1625993440663	KO	j.n.ConnectException: Connection refused: no further information
REQUEST		get single user request	1625993438650	1625993440679	KO	j.n.ConnectException: Connection refused: no further information
REQUEST		Add user request	1625993438650	1625993440679	KO	j.n.ConnectException: Connection refused: no further information
REQUEST		Add user request	1625993438650	1625993440679	KO	j.n.ConnectException: Connection refused: no further information
REQUEST		Add user request	1625993438650	1625993440679	KO	j.n.ConnectException: Connection refused: no further information
REQUEST		Add user request	1625993438650	1625993440679	KO	j.n.ConnectException: Connection refused: no further information
REQUEST		get all users request	1625993438808	1625993440851	KO	j.n.ConnectException: Connection refused: no further information
REQUEST		Add user request	1625993438918	1625993440961	KO	j.n.ConnectException: Connection refused: no further information
REQUEST		get single user request	1625993438981	1625993440993	KO	j.n.ConnectException: Connection refused: no further information
REQUEST		Add user request	1625993439029	1625993441054	KO	j.n.ConnectException: Connection refused: no further information
REQUEST		get all users request	1625993439141	1625993441195	KO	j.n.ConnectException: Connection refused: no further information
REQUEST		get single user request	1625993439172	1625993441211	KO	j.n.ConnectException: Connection refused: no further information
REQUEST		get all users request	1625993439221	1625993441243	KO	j.n.ConnectException: Connection refused: no further information
REQUEST		Add user request	1625993439220	1625993441243	KO	j.n.ConnectException: Connection refused: no further information
REQUEST		get single user request	1625993439283	1625993441321	KO	j.n.ConnectException: Connection refused: no further information
REQUEST		get all users request	1625993439332	1625993441369	KO	j.n.ConnectException: Connection refused: no further information
REQUEST		Add user request	1625993439393	1625993441418	KO	j.n.ConnectException: Connection refused: no further information
REQUEST		get single user request	1625993439425	1625993441463	KO	j.n.ConnectException: Connection refused: no further information
REQUEST		Add user request	1625993439534	1625993441542	KO	j.n.ConnectException: Connection refused: no further information
REQUEST		get single user request	1625993439689	1625993441718	KO	j.n.ConnectException: Connection refused: no further information
REQUEST		Add user request	1625993439736	1625993441749	KO	j.n.ConnectException: Connection refused: no further information
REQUEST		get all users request	1625993439768	1625993441780	KO	j.n.ConnectException: Connection refused: no further information
REQUEST		get single user request	1625993439814	1625993441843	KO	j.n.ConnectException: Connection refused: no further information
REQUEST		get all users request	1625993439894	1625993441905	KO	j.n.ConnectException: Connection refused: no further information
REQUEST		Add user request	1625993440004	1625993442015	KO	j.n.ConnectException: Connection refused: no further information
REQUEST		get single user request	1625993440241	1625993442278	KO	j.n.ConnectException: Connection refused: no further information
REQUEST		Add user request	1625993440241	1625993442279	KO	j.n.ConnectException: Connection refused: no further information
REQUEST		get all users request	1625993440273	1625993442309	KO	j.n.ConnectException: Connection refused: no further information
REQUEST		get single user request	1625993440288	1625993442325	KO	j.n.ConnectException: Connection refused: no further information
REQUEST		Add user request	1625993440351	1625993442388	KO	j.n.ConnectException: Connection refused: no further information
REQUEST		get single user request	1625993440413	1625993442435	KO	j.n.ConnectException: Connection refused: no further information
REQUEST		get all users request	1625993440492	1625993442529	KO	j.n.ConnectException: Connection refused: no further information
REQUEST		Add user request	1625993440492	1625993442529	KO	j.n.ConnectException: Connection refused: no further information
REQUEST		get all users request	1625993440602	1625993442639	KO	j.n.ConnectException: Connection refused: no further information
REQUEST		get all users request	1625993440633	1625993442685	KO	j.n.ConnectException: Connection refused: no further information
REQUEST		get all users request	1625993440649	1625993442701	KO	j.n.ConnectException: Connection refused: no further information
REQUEST		get all users request	1625993440649	1625993442700	KO	j.n.ConnectException: Connection refused: no further information
REQUEST		get all users request	1625993440649	1625993442700	KO	j.n.ConnectException: Connection refused: no further information
REQUEST		get all users request	1625993440680	1625993442717	KO	j.n.ConnectException: Connection refused: no further information
REQUEST		get all users request	1625993440680	1625993442717	KO	j.n.ConnectException: Connection refused: no further information
REQUEST		get all users request	1625993440664	1625993442717	KO	j.n.ConnectException: Connection refused: no further information
REQUEST		get all users request	1625993440664	1625993442717	KO	j.n.ConnectException: Connection refused: no further information
REQUEST		get all users request	1625993440680	1625993442731	KO	j.n.ConnectException: Connection refused: no further information
REQUEST		get all users request	1625993440680	1625993442747	KO	j.n.ConnectException: Connection refused: no further information
REQUEST		get single user request	1625993440788	1625993442809	KO	j.n.ConnectException: Connection refused: no further information
REQUEST		Add user request	1625993440742	1625993442809	KO	j.n.ConnectException: Connection refused: no further information
REQUEST		Add user request	1625993440819	1625993442840	KO	j.n.ConnectException: Connection refused: no further information
REQUEST		get single user request	1625993440898	1625993442934	KO	j.n.ConnectException: Connection refused: no further information
REQUEST		get all users request	1625993440962	1625993442997	KO	j.n.ConnectException: Connection refused: no further information
REQUEST		get all users request	1625993441054	1625993443090	KO	j.n.ConnectException: Connection refused: no further information
REQUEST		get single user request	1625993441227	1625993443263	KO	j.n.ConnectException: Connection refused: no further information
REQUEST		get all users request	1625993441244	1625993443278	KO	j.n.ConnectException: Connection refused: no further information
REQUEST		Add user request	1625993441243	1625993443294	KO	j.n.ConnectException: Connection refused: no further information
REQUEST		get single user request	1625993441273	1625993443310	KO	j.n.ConnectException: Connection refused: no further information
REQUEST		Add user request	1625993441305	1625993443341	KO	j.n.ConnectException: Connection refused: no further information
REQUEST		get single user request	1625993441400	1625993443449	KO	j.n.ConnectException: Connection refused: no further information
REQUEST		get all users request	1625993441418	1625993443465	KO	j.n.ConnectException: Connection refused: no further information
REQUEST		Add user request	1625993441478	1625993443512	KO	j.n.ConnectException: Connection refused: no further information
REQUEST		get all users request	1625993441543	1625993443590	KO	j.n.ConnectException: Connection refused: no further information
REQUEST		get single user request	1625993441686	1625993443744	KO	j.n.ConnectException: Connection refused: no further information
REQUEST		get all users request	1625993441750	1625993443792	KO	j.n.ConnectException: Connection refused: no further information
REQUEST		Add user request	1625993441843	1625993443885	KO	j.n.ConnectException: Connection refused: no further information
REQUEST		get single user request	1625993441905	1625993443963	KO	j.n.ConnectException: Connection refused: no further information
REQUEST		Add user request	1625993441936	1625993443978	KO	j.n.ConnectException: Connection refused: no further information
REQUEST		get all users request	1625993442016	1625993444057	KO	j.n.ConnectException: Connection refused: no further information
REQUEST		get single user request	1625993442139	1625993444182	KO	j.n.ConnectException: Connection refused: no further information
REQUEST		Add user request	1625993442186	1625993444244	KO	j.n.ConnectException: Connection refused: no further information
REQUEST		get all users request	1625993442279	1625993444338	KO	j.n.ConnectException: Connection refused: no further information
REQUEST		get single user request	1625993442309	1625993444354	KO	j.n.ConnectException: Connection refused: no further information
REQUEST		Add user request	1625993442372	1625993444431	KO	j.n.ConnectException: Connection refused: no further information
REQUEST		get all users request	1625993442389	1625993444446	KO	j.n.ConnectException: Connection refused: no further information
REQUEST		get single user request	1625993442404	1625993444461	KO	j.n.ConnectException: Connection refused: no further information
REQUEST		Add user request	1625993442482	1625993444540	KO	j.n.ConnectException: Connection refused: no further information
REQUEST		get all users request	1625993442530	1625993444586	KO	j.n.ConnectException: Connection refused: no further information
REQUEST		get single user request	1625993442638	1625993444695	KO	j.n.ConnectException: Connection refused: no further information
REQUEST		Add user request	1625993442685	1625993444726	KO	j.n.ConnectException: Connection refused: no further information
REQUEST		get all users request	1625993442810	1625993444864	KO	j.n.ConnectException: Connection refused: no further information
